2023-10-05 11:07:34.631 | INFO     | plantdisease.utils.trainers.trainer:before_train:55 - args: Namespace(batch_size=8, ckpt=None, devices=1, exp_file='/home/anastasija/Documents/IJS/Projects/PlantDiseaseDetection/Plant-Disease-Detection/plantdisease/utils/plant_disease_class.py', experiment_name='Experiment', fp16=True, machine_rank=0, name=None, num_machines=1)
2023-10-05 11:07:34.632 | INFO     | plantdisease.utils.trainers.trainer:before_train:56 - Basic class value:
<plantdisease.utils.plant_disease_class.PlantsClass object at 0x7efc6e2d9250>
2023-10-05 11:07:35.268 | INFO     | plantdisease.utils.trainers.trainer:before_train:65 - ----------------------------------------------------------------
2023-10-05 11:07:35.269 | INFO     | plantdisease.utils.trainers.trainer:before_train:65 -         Layer (type)               Output Shape         Param #
2023-10-05 11:07:35.270 | INFO     | plantdisease.utils.trainers.trainer:before_train:65 - ================================================================
2023-10-05 11:07:35.272 | INFO     | plantdisease.utils.trainers.trainer:before_train:65 -             Conv2d-1         [-1, 64, 224, 224]           1,792
2023-10-05 11:07:35.274 | INFO     | plantdisease.utils.trainers.trainer:before_train:65 -        BatchNorm2d-2         [-1, 64, 224, 224]             128
2023-10-05 11:07:35.275 | INFO     | plantdisease.utils.trainers.trainer:before_train:65 -               ReLU-3         [-1, 64, 224, 224]               0
2023-10-05 11:07:35.277 | INFO     | plantdisease.utils.trainers.trainer:before_train:65 -             Conv2d-4        [-1, 128, 224, 224]          73,856
2023-10-05 11:07:35.278 | INFO     | plantdisease.utils.trainers.trainer:before_train:65 -        BatchNorm2d-5        [-1, 128, 224, 224]             256
2023-10-05 11:07:35.279 | INFO     | plantdisease.utils.trainers.trainer:before_train:65 -               ReLU-6        [-1, 128, 224, 224]               0
2023-10-05 11:07:35.280 | INFO     | plantdisease.utils.trainers.trainer:before_train:65 -          MaxPool2d-7        [-1, 128, 112, 112]               0
2023-10-05 11:07:35.281 | INFO     | plantdisease.utils.trainers.trainer:before_train:65 -             Conv2d-8        [-1, 128, 112, 112]         147,584
2023-10-05 11:07:35.283 | INFO     | plantdisease.utils.trainers.trainer:before_train:65 -        BatchNorm2d-9        [-1, 128, 112, 112]             256
2023-10-05 11:07:35.284 | INFO     | plantdisease.utils.trainers.trainer:before_train:65 -              ReLU-10        [-1, 128, 112, 112]               0
2023-10-05 11:07:35.286 | INFO     | plantdisease.utils.trainers.trainer:before_train:65 -            Conv2d-11        [-1, 128, 112, 112]         147,584
2023-10-05 11:07:35.287 | INFO     | plantdisease.utils.trainers.trainer:before_train:65 -       BatchNorm2d-12        [-1, 128, 112, 112]             256
2023-10-05 11:07:35.288 | INFO     | plantdisease.utils.trainers.trainer:before_train:65 -              ReLU-13        [-1, 128, 112, 112]               0
2023-10-05 11:07:35.290 | INFO     | plantdisease.utils.trainers.trainer:before_train:65 -            Conv2d-14        [-1, 256, 112, 112]         590,080
2023-10-05 11:07:35.291 | INFO     | plantdisease.utils.trainers.trainer:before_train:65 -       BatchNorm2d-15        [-1, 256, 112, 112]             512
2023-10-05 11:07:35.291 | INFO     | plantdisease.utils.trainers.trainer:before_train:65 -              ReLU-16        [-1, 256, 112, 112]               0
2023-10-05 11:07:35.292 | INFO     | plantdisease.utils.trainers.trainer:before_train:65 -         MaxPool2d-17          [-1, 256, 56, 56]               0
2023-10-05 11:07:35.294 | INFO     | plantdisease.utils.trainers.trainer:before_train:65 -            Conv2d-18          [-1, 512, 56, 56]       1,180,160
2023-10-05 11:07:35.295 | INFO     | plantdisease.utils.trainers.trainer:before_train:65 -       BatchNorm2d-19          [-1, 512, 56, 56]           1,024
2023-10-05 11:07:35.297 | INFO     | plantdisease.utils.trainers.trainer:before_train:65 -              ReLU-20          [-1, 512, 56, 56]               0
2023-10-05 11:07:35.299 | INFO     | plantdisease.utils.trainers.trainer:before_train:65 -         MaxPool2d-21          [-1, 512, 28, 28]               0
2023-10-05 11:07:35.301 | INFO     | plantdisease.utils.trainers.trainer:before_train:65 -            Conv2d-22          [-1, 512, 28, 28]       2,359,808
2023-10-05 11:07:35.303 | INFO     | plantdisease.utils.trainers.trainer:before_train:65 -       BatchNorm2d-23          [-1, 512, 28, 28]           1,024
2023-10-05 11:07:35.305 | INFO     | plantdisease.utils.trainers.trainer:before_train:65 -              ReLU-24          [-1, 512, 28, 28]               0
2023-10-05 11:07:35.307 | INFO     | plantdisease.utils.trainers.trainer:before_train:65 -            Conv2d-25          [-1, 512, 28, 28]       2,359,808
2023-10-05 11:07:35.309 | INFO     | plantdisease.utils.trainers.trainer:before_train:65 -       BatchNorm2d-26          [-1, 512, 28, 28]           1,024
2023-10-05 11:07:35.310 | INFO     | plantdisease.utils.trainers.trainer:before_train:65 -              ReLU-27          [-1, 512, 28, 28]               0
2023-10-05 11:07:35.312 | INFO     | plantdisease.utils.trainers.trainer:before_train:65 -         MaxPool2d-28           [-1, 1024, 1, 1]               0
2023-10-05 11:07:35.313 | INFO     | plantdisease.utils.trainers.trainer:before_train:65 -           Flatten-29                 [-1, 1024]               0
2023-10-05 11:07:35.316 | INFO     | plantdisease.utils.trainers.trainer:before_train:65 -            Linear-30                   [-1, 39]          39,975
2023-10-05 11:07:35.318 | INFO     | plantdisease.utils.trainers.trainer:before_train:65 - ================================================================
2023-10-05 11:07:35.319 | INFO     | plantdisease.utils.trainers.trainer:before_train:65 - Total params: 6,905,127
2023-10-05 11:07:35.321 | INFO     | plantdisease.utils.trainers.trainer:before_train:65 - Trainable params: 6,905,127
2023-10-05 11:07:35.323 | INFO     | plantdisease.utils.trainers.trainer:before_train:65 - Non-trainable params: 0
2023-10-05 11:07:35.324 | INFO     | plantdisease.utils.trainers.trainer:before_train:65 - ----------------------------------------------------------------
2023-10-05 11:07:35.326 | INFO     | plantdisease.utils.trainers.trainer:before_train:65 - Input size (MB): 0.57
2023-10-05 11:07:35.327 | INFO     | plantdisease.utils.trainers.trainer:before_train:65 - Forward/backward pass size (MB): 444.08
2023-10-05 11:07:35.329 | INFO     | plantdisease.utils.trainers.trainer:before_train:65 - Params size (MB): 26.34
2023-10-05 11:07:35.331 | INFO     | plantdisease.utils.trainers.trainer:before_train:65 - Estimated Total Size (MB): 470.99
2023-10-05 11:07:35.332 | INFO     | plantdisease.utils.trainers.trainer:before_train:65 - ----------------------------------------------------------------
2023-10-05 11:07:35.333 | INFO     | plantdisease.utils.trainers.trainer:before_train:64 - Model Summary: None
2023-10-05 11:07:35.344 | ERROR    | __main__:<module>:61 - An error has been caught in function '<module>', process 'MainProcess' (36156), thread 'MainThread' (139625613280320):
Traceback (most recent call last):

  File "/home/anastasija/anaconda3/envs/env_plantDisease/lib/python3.8/runpy.py", line 194, in _run_module_as_main
    return _run_code(code, main_globals, None,
           â”‚         â”‚     â”” {'__name__': '__main__', '__doc__': None, '__package__': 'plantdisease.tools', '__loader__': <_frozen_importlib_external.Sour...
           â”‚         â”” <code object <module> at 0x7efd1e4bcf50, file "/home/anastasija/Documents/IJS/Projects/PlantDiseaseDetection/Plant-Disease-De...
           â”” <function _run_code at 0x7efd1e506310>
  File "/home/anastasija/anaconda3/envs/env_plantDisease/lib/python3.8/runpy.py", line 87, in _run_code
    exec(code, run_globals)
         â”‚     â”” {'__name__': '__main__', '__doc__': None, '__package__': 'plantdisease.tools', '__loader__': <_frozen_importlib_external.Sour...
         â”” <code object <module> at 0x7efd1e4bcf50, file "/home/anastasija/Documents/IJS/Projects/PlantDiseaseDetection/Plant-Disease-De...

> File "/home/anastasija/Documents/IJS/Projects/PlantDiseaseDetection/Plant-Disease-Detection/plantdisease/tools/train.py", line 61, in <module>
    main(conf_cls, args_main)
    â”‚    â”‚         â”” Namespace(batch_size=8, ckpt=None, devices=1, exp_file='/home/anastasija/Documents/IJS/Projects/PlantDiseaseDetection/Plant-D...
    â”‚    â”” <class 'plantdisease.utils.plant_disease_class.PlantsClass'>
    â”” <function main at 0x7efc6c4098b0>

  File "/home/anastasija/Documents/IJS/Projects/PlantDiseaseDetection/Plant-Disease-Detection/plantdisease/tools/train.py", line 52, in main
    trainer.train()
    â”‚       â”” <function Trainer.train at 0x7efc6471f670>
    â”” <plantdisease.utils.trainers.trainer.Trainer object at 0x7efd1e4b7b80>

  File "/home/anastasija/Documents/IJS/Projects/PlantDiseaseDetection/Plant-Disease-Detection/plantdisease/utils/trainers/trainer.py", line 46, in train
    self.before_train()
    â”‚    â”” <function Trainer.before_train at 0x7efc6471f8b0>
    â”” <plantdisease.utils.trainers.trainer.Trainer object at 0x7efd1e4b7b80>

  File "/home/anastasija/Documents/IJS/Projects/PlantDiseaseDetection/Plant-Disease-Detection/plantdisease/utils/trainers/trainer.py", line 67, in before_train
    model.to(self.device)
    â”‚     â”‚  â”‚    â”” device(type='cuda')
    â”‚     â”‚  â”” <plantdisease.utils.trainers.trainer.Trainer object at 0x7efd1e4b7b80>
    â”‚     â”” <function Module.to at 0x7efce457d820>
    â”” ResNet9(
        (relu): ReLU()
        (conv1): Conv2d(3, 64, kernel_size=(3, 3), stride=(1, 1), padding=(1, 1))
        (batchnorm1): BatchNo...

  File "/home/anastasija/anaconda3/envs/env_plantDisease/lib/python3.8/site-packages/torch/nn/modules/module.py", line 1145, in to
    return self._apply(convert)
           â”‚    â”‚      â”” <function Module.to.<locals>.convert at 0x7efc64748c10>
           â”‚    â”” <function Module._apply at 0x7efce457d160>
           â”” ResNet9(
               (relu): ReLU()
               (conv1): Conv2d(3, 64, kernel_size=(3, 3), stride=(1, 1), padding=(1, 1))
               (batchnorm1): BatchNo...
  File "/home/anastasija/anaconda3/envs/env_plantDisease/lib/python3.8/site-packages/torch/nn/modules/module.py", line 797, in _apply
    module._apply(fn)
    â”‚      â”‚      â”” <function Module.to.<locals>.convert at 0x7efc64748c10>
    â”‚      â”” <function Module._apply at 0x7efce457d160>
    â”” Conv2d(3, 64, kernel_size=(3, 3), stride=(1, 1), padding=(1, 1))
  File "/home/anastasija/anaconda3/envs/env_plantDisease/lib/python3.8/site-packages/torch/nn/modules/module.py", line 820, in _apply
    param_applied = fn(param)
                    â”‚  â”” Parameter containing:
                    â”‚    tensor([[[[ 0.0605,  0.0170, -0.1874],
                    â”‚              [ 0.0861, -0.1314, -0.1684],
                    â”‚              [-0.1458,  0.11...
                    â”” <function Module.to.<locals>.convert at 0x7efc64748c10>
  File "/home/anastasija/anaconda3/envs/env_plantDisease/lib/python3.8/site-packages/torch/nn/modules/module.py", line 1143, in convert
    return t.to(device, dtype if t.is_floating_point() or t.is_complex() else None, non_blocking)
           â”‚ â”‚  â”‚       â”‚        â”‚ â”‚                      â”‚ â”‚                       â”” False
           â”‚ â”‚  â”‚       â”‚        â”‚ â”‚                      â”‚ â”” <method 'is_complex' of 'torch._C._TensorBase' objects>
           â”‚ â”‚  â”‚       â”‚        â”‚ â”‚                      â”” Parameter containing:
           â”‚ â”‚  â”‚       â”‚        â”‚ â”‚                        tensor([[[[ 0.0605,  0.0170, -0.1874],
           â”‚ â”‚  â”‚       â”‚        â”‚ â”‚                                  [ 0.0861, -0.1314, -0.1684],
           â”‚ â”‚  â”‚       â”‚        â”‚ â”‚                                  [-0.1458,  0.11...
           â”‚ â”‚  â”‚       â”‚        â”‚ â”” <method 'is_floating_point' of 'torch._C._TensorBase' objects>
           â”‚ â”‚  â”‚       â”‚        â”” Parameter containing:
           â”‚ â”‚  â”‚       â”‚          tensor([[[[ 0.0605,  0.0170, -0.1874],
           â”‚ â”‚  â”‚       â”‚                    [ 0.0861, -0.1314, -0.1684],
           â”‚ â”‚  â”‚       â”‚                    [-0.1458,  0.11...
           â”‚ â”‚  â”‚       â”” None
           â”‚ â”‚  â”” device(type='cuda')
           â”‚ â”” <method 'to' of 'torch._C._TensorBase' objects>
           â”” Parameter containing:
             tensor([[[[ 0.0605,  0.0170, -0.1874],
                       [ 0.0861, -0.1314, -0.1684],
                       [-0.1458,  0.11...
  File "/home/anastasija/anaconda3/envs/env_plantDisease/lib/python3.8/site-packages/torch/cuda/__init__.py", line 247, in _lazy_init
    torch._C._cuda_init()
    â”‚     â”‚  â”” <built-in function _cuda_init>
    â”‚     â”” <module 'torch._C' from '/home/anastasija/anaconda3/envs/env_plantDisease/lib/python3.8/site-packages/torch/_C.cpython-38-x86...
    â”” <module 'torch' from '/home/anastasija/anaconda3/envs/env_plantDisease/lib/python3.8/site-packages/torch/__init__.py'>

RuntimeError: Found no NVIDIA driver on your system. Please check that you have an NVIDIA GPU and installed a driver from http://www.nvidia.com/Download/index.aspx
2023-10-05 11:12:27.269 | INFO     | plantdisease.utils.trainers.trainer:before_train:55 - args: Namespace(batch_size=8, ckpt=None, devices=1, exp_file='/home/anastasija/Documents/IJS/Projects/PlantDiseaseDetection/Plant-Disease-Detection/plantdisease/utils/plant_disease_class.py', experiment_name='Experiment', fp16=True, machine_rank=0, name=None, num_machines=1)
2023-10-05 11:12:27.269 | INFO     | plantdisease.utils.trainers.trainer:before_train:56 - Basic class value:
<plantdisease.utils.plant_disease_class.PlantsClass object at 0x7f4ced21a2b0>
2023-10-05 11:12:27.846 | INFO     | plantdisease.utils.trainers.trainer:before_train:65 - ----------------------------------------------------------------
2023-10-05 11:12:27.847 | INFO     | plantdisease.utils.trainers.trainer:before_train:65 -         Layer (type)               Output Shape         Param #
2023-10-05 11:12:27.848 | INFO     | plantdisease.utils.trainers.trainer:before_train:65 - ================================================================
2023-10-05 11:12:27.849 | INFO     | plantdisease.utils.trainers.trainer:before_train:65 -             Conv2d-1         [-1, 64, 224, 224]           1,792
2023-10-05 11:12:27.850 | INFO     | plantdisease.utils.trainers.trainer:before_train:65 -        BatchNorm2d-2         [-1, 64, 224, 224]             128
2023-10-05 11:12:27.852 | INFO     | plantdisease.utils.trainers.trainer:before_train:65 -               ReLU-3         [-1, 64, 224, 224]               0
2023-10-05 11:12:27.853 | INFO     | plantdisease.utils.trainers.trainer:before_train:65 -             Conv2d-4        [-1, 128, 224, 224]          73,856
2023-10-05 11:12:27.854 | INFO     | plantdisease.utils.trainers.trainer:before_train:65 -        BatchNorm2d-5        [-1, 128, 224, 224]             256
2023-10-05 11:12:27.857 | INFO     | plantdisease.utils.trainers.trainer:before_train:65 -               ReLU-6        [-1, 128, 224, 224]               0
2023-10-05 11:12:27.859 | INFO     | plantdisease.utils.trainers.trainer:before_train:65 -          MaxPool2d-7        [-1, 128, 112, 112]               0
2023-10-05 11:12:27.860 | INFO     | plantdisease.utils.trainers.trainer:before_train:65 -             Conv2d-8        [-1, 128, 112, 112]         147,584
2023-10-05 11:12:27.862 | INFO     | plantdisease.utils.trainers.trainer:before_train:65 -        BatchNorm2d-9        [-1, 128, 112, 112]             256
2023-10-05 11:12:27.863 | INFO     | plantdisease.utils.trainers.trainer:before_train:65 -              ReLU-10        [-1, 128, 112, 112]               0
2023-10-05 11:12:27.865 | INFO     | plantdisease.utils.trainers.trainer:before_train:65 -            Conv2d-11        [-1, 128, 112, 112]         147,584
2023-10-05 11:12:27.866 | INFO     | plantdisease.utils.trainers.trainer:before_train:65 -       BatchNorm2d-12        [-1, 128, 112, 112]             256
2023-10-05 11:12:27.868 | INFO     | plantdisease.utils.trainers.trainer:before_train:65 -              ReLU-13        [-1, 128, 112, 112]               0
2023-10-05 11:12:27.870 | INFO     | plantdisease.utils.trainers.trainer:before_train:65 -            Conv2d-14        [-1, 256, 112, 112]         590,080
2023-10-05 11:12:27.872 | INFO     | plantdisease.utils.trainers.trainer:before_train:65 -       BatchNorm2d-15        [-1, 256, 112, 112]             512
2023-10-05 11:12:27.874 | INFO     | plantdisease.utils.trainers.trainer:before_train:65 -              ReLU-16        [-1, 256, 112, 112]               0
2023-10-05 11:12:27.876 | INFO     | plantdisease.utils.trainers.trainer:before_train:65 -         MaxPool2d-17          [-1, 256, 56, 56]               0
2023-10-05 11:12:27.878 | INFO     | plantdisease.utils.trainers.trainer:before_train:65 -            Conv2d-18          [-1, 512, 56, 56]       1,180,160
2023-10-05 11:12:27.879 | INFO     | plantdisease.utils.trainers.trainer:before_train:65 -       BatchNorm2d-19          [-1, 512, 56, 56]           1,024
2023-10-05 11:12:27.880 | INFO     | plantdisease.utils.trainers.trainer:before_train:65 -              ReLU-20          [-1, 512, 56, 56]               0
2023-10-05 11:12:27.882 | INFO     | plantdisease.utils.trainers.trainer:before_train:65 -         MaxPool2d-21          [-1, 512, 28, 28]               0
2023-10-05 11:12:27.884 | INFO     | plantdisease.utils.trainers.trainer:before_train:65 -            Conv2d-22          [-1, 512, 28, 28]       2,359,808
2023-10-05 11:12:27.886 | INFO     | plantdisease.utils.trainers.trainer:before_train:65 -       BatchNorm2d-23          [-1, 512, 28, 28]           1,024
2023-10-05 11:12:27.888 | INFO     | plantdisease.utils.trainers.trainer:before_train:65 -              ReLU-24          [-1, 512, 28, 28]               0
2023-10-05 11:12:27.890 | INFO     | plantdisease.utils.trainers.trainer:before_train:65 -            Conv2d-25          [-1, 512, 28, 28]       2,359,808
2023-10-05 11:12:27.892 | INFO     | plantdisease.utils.trainers.trainer:before_train:65 -       BatchNorm2d-26          [-1, 512, 28, 28]           1,024
2023-10-05 11:12:27.894 | INFO     | plantdisease.utils.trainers.trainer:before_train:65 -              ReLU-27          [-1, 512, 28, 28]               0
2023-10-05 11:12:27.895 | INFO     | plantdisease.utils.trainers.trainer:before_train:65 -         MaxPool2d-28           [-1, 1024, 1, 1]               0
2023-10-05 11:12:27.897 | INFO     | plantdisease.utils.trainers.trainer:before_train:65 -           Flatten-29                 [-1, 1024]               0
2023-10-05 11:12:27.898 | INFO     | plantdisease.utils.trainers.trainer:before_train:65 -            Linear-30                   [-1, 39]          39,975
2023-10-05 11:12:27.899 | INFO     | plantdisease.utils.trainers.trainer:before_train:65 - ================================================================
2023-10-05 11:12:27.901 | INFO     | plantdisease.utils.trainers.trainer:before_train:65 - Total params: 6,905,127
2023-10-05 11:12:27.902 | INFO     | plantdisease.utils.trainers.trainer:before_train:65 - Trainable params: 6,905,127
2023-10-05 11:12:27.904 | INFO     | plantdisease.utils.trainers.trainer:before_train:65 - Non-trainable params: 0
2023-10-05 11:12:27.905 | INFO     | plantdisease.utils.trainers.trainer:before_train:65 - ----------------------------------------------------------------
2023-10-05 11:12:27.906 | INFO     | plantdisease.utils.trainers.trainer:before_train:65 - Input size (MB): 0.57
2023-10-05 11:12:27.908 | INFO     | plantdisease.utils.trainers.trainer:before_train:65 - Forward/backward pass size (MB): 444.08
2023-10-05 11:12:27.909 | INFO     | plantdisease.utils.trainers.trainer:before_train:65 - Params size (MB): 26.34
2023-10-05 11:12:27.910 | INFO     | plantdisease.utils.trainers.trainer:before_train:65 - Estimated Total Size (MB): 470.99
2023-10-05 11:12:27.912 | INFO     | plantdisease.utils.trainers.trainer:before_train:65 - ----------------------------------------------------------------
2023-10-05 11:12:27.913 | INFO     | plantdisease.utils.trainers.trainer:before_train:64 - Model Summary: None
2023-10-05 11:12:28.711 | INFO     | plantdisease.utils.trainers.trainer:before_train:85 - Starting the training process ...
2023-10-05 11:12:28.712 | INFO     | plantdisease.utils.trainers.trainer:before_train:86 - 
ResNet9(
  (relu): ReLU()
  (conv1): Conv2d(3, 64, kernel_size=(3, 3), stride=(1, 1), padding=(1, 1))
  (batchnorm1): BatchNorm2d(64, eps=1e-05, momentum=0.1, affine=True, track_running_stats=True)
  (conv2): Conv2d(64, 128, kernel_size=(3, 3), stride=(1, 1), padding=(1, 1))
  (batchnorm2): BatchNorm2d(128, eps=1e-05, momentum=0.1, affine=True, track_running_stats=True)
  (maxpool2): MaxPool2d(kernel_size=(2, 2), stride=(2, 2), padding=0, dilation=1, ceil_mode=False)
  (conv3_1): Conv2d(128, 128, kernel_size=(3, 3), stride=(1, 1), padding=(1, 1))
  (batchnorm3_1): BatchNorm2d(128, eps=1e-05, momentum=0.1, affine=True, track_running_stats=True)
  (conv3_2): Conv2d(128, 128, kernel_size=(3, 3), stride=(1, 1), padding=(1, 1))
  (batchnorm3_2): BatchNorm2d(128, eps=1e-05, momentum=0.1, affine=True, track_running_stats=True)
  (conv4): Conv2d(256, 256, kernel_size=(3, 3), stride=(1, 1), padding=(1, 1))
  (batchnorm4): BatchNorm2d(256, eps=1e-05, momentum=0.1, affine=True, track_running_stats=True)
  (maxpool4): MaxPool2d(kernel_size=(2, 2), stride=(2, 2), padding=0, dilation=1, ceil_mode=False)
  (conv5): Conv2d(256, 512, kernel_size=(3, 3), stride=(1, 1), padding=(1, 1))
  (batchnorm5): BatchNorm2d(512, eps=1e-05, momentum=0.1, affine=True, track_running_stats=True)
  (maxpool5): MaxPool2d(kernel_size=(2, 2), stride=(2, 2), padding=0, dilation=1, ceil_mode=False)
  (conv6_1): Conv2d(512, 512, kernel_size=(3, 3), stride=(1, 1), padding=(1, 1))
  (batchnorm6_1): BatchNorm2d(512, eps=1e-05, momentum=0.1, affine=True, track_running_stats=True)
  (conv6_2): Conv2d(512, 512, kernel_size=(3, 3), stride=(1, 1), padding=(1, 1))
  (batchnorm6_2): BatchNorm2d(512, eps=1e-05, momentum=0.1, affine=True, track_running_stats=True)
  (maxpool6): MaxPool2d(kernel_size=(28, 28), stride=(28, 28), padding=0, dilation=1, ceil_mode=False)
  (flatten): Flatten(start_dim=1, end_dim=-1)
  (out): Linear(in_features=1024, out_features=39, bias=True)
)
2023-10-05 11:12:28.712 | INFO     | plantdisease.utils.trainers.trainer:train_in_epoch:96 -  *** Start training epoch 1 ***
2023-10-05 11:12:34.717 | INFO     | plantdisease.utils.trainers.trainer:train_in_epoch:123 - Epoch: 0/10, iter: 1/5546, loss: 6.667126655578613, learning rate: 0.05, training time: 5.919106960296631 s
2023-10-05 11:12:41.535 | ERROR    | __main__:<module>:61 - An error has been caught in function '<module>', process 'MainProcess' (36906), thread 'MainThread' (139971341014080):
Traceback (most recent call last):

  File "/home/anastasija/Documents/IJS/Projects/PlantDiseaseDetection/Plant-Disease-Detection/plantdisease/utils/trainers/trainer.py", line 48, in train
    self.train_in_epoch()
    â”‚    â”” <function Trainer.train_in_epoch at 0x7f4ce2de39d0>
    â”” <plantdisease.utils.trainers.trainer.Trainer object at 0x7f4d9d4d9bb0>

  File "/home/anastasija/Documents/IJS/Projects/PlantDiseaseDetection/Plant-Disease-Detection/plantdisease/utils/trainers/trainer.py", line 109, in train_in_epoch
    loss.backward()
    â”‚    â”” <function Tensor.backward at 0x7f4d647ea5e0>
    â”” tensor(5.3236, grad_fn=<NllLossBackward0>)

  File "/home/anastasija/anaconda3/envs/env_plantDisease/lib/python3.8/site-packages/torch/_tensor.py", line 487, in backward
    torch.autograd.backward(
    â”‚     â”‚        â”” <function backward at 0x7f4d243f1d30>
    â”‚     â”” <module 'torch.autograd' from '/home/anastasija/anaconda3/envs/env_plantDisease/lib/python3.8/site-packages/torch/autograd/__...
    â”” <module 'torch' from '/home/anastasija/anaconda3/envs/env_plantDisease/lib/python3.8/site-packages/torch/__init__.py'>
  File "/home/anastasija/anaconda3/envs/env_plantDisease/lib/python3.8/site-packages/torch/autograd/__init__.py", line 200, in backward
    Variable._execution_engine.run_backward(  # Calls into the C++ engine to run the backward pass
    â”‚        â”‚                 â”” <method 'run_backward' of 'torch._C._EngineBase' objects>
    â”‚        â”” <torch._C._EngineBase object at 0x7f4d82788dd0>
    â”” <class 'torch.autograd.variable.Variable'>

KeyboardInterrupt


During handling of the above exception, another exception occurred:


Traceback (most recent call last):

  File "/home/anastasija/anaconda3/envs/env_plantDisease/lib/python3.8/runpy.py", line 194, in _run_module_as_main
    return _run_code(code, main_globals, None,
           â”‚         â”‚     â”” {'__name__': '__main__', '__doc__': None, '__package__': 'plantdisease.tools', '__loader__': <_frozen_importlib_external.Sour...
           â”‚         â”” <code object <module> at 0x7f4d9d4d4190, file "/home/anastasija/Documents/IJS/Projects/PlantDiseaseDetection/Plant-Disease-De...
           â”” <function _run_code at 0x7f4d9d4c6310>
  File "/home/anastasija/anaconda3/envs/env_plantDisease/lib/python3.8/runpy.py", line 87, in _run_code
    exec(code, run_globals)
         â”‚     â”” {'__name__': '__main__', '__doc__': None, '__package__': 'plantdisease.tools', '__loader__': <_frozen_importlib_external.Sour...
         â”” <code object <module> at 0x7f4d9d4d4190, file "/home/anastasija/Documents/IJS/Projects/PlantDiseaseDetection/Plant-Disease-De...

> File "/home/anastasija/Documents/IJS/Projects/PlantDiseaseDetection/Plant-Disease-Detection/plantdisease/tools/train.py", line 61, in <module>
    main(conf_cls, args_main)
    â”‚    â”‚         â”” Namespace(batch_size=8, ckpt=None, devices=1, exp_file='/home/anastasija/Documents/IJS/Projects/PlantDiseaseDetection/Plant-D...
    â”‚    â”” <class 'plantdisease.utils.plant_disease_class.PlantsClass'>
    â”” <function main at 0x7f4ceb3448b0>

  File "/home/anastasija/Documents/IJS/Projects/PlantDiseaseDetection/Plant-Disease-Detection/plantdisease/tools/train.py", line 52, in main
    trainer.train()
    â”‚       â”” <function Trainer.train at 0x7f4ce2de3670>
    â”” <plantdisease.utils.trainers.trainer.Trainer object at 0x7f4d9d4d9bb0>

  File "/home/anastasija/Documents/IJS/Projects/PlantDiseaseDetection/Plant-Disease-Detection/plantdisease/utils/trainers/trainer.py", line 52, in train
    self.after_train()
    â”‚    â”” <function Trainer.after_train at 0x7f4ce2de3940>
    â”” <plantdisease.utils.trainers.trainer.Trainer object at 0x7f4d9d4d9bb0>

  File "/home/anastasija/Documents/IJS/Projects/PlantDiseaseDetection/Plant-Disease-Detection/plantdisease/utils/trainers/trainer.py", line 90, in after_train
    "Training of experiment is done and the highest precision is {:.2f}".format(self.best_acc * 100)
                                                                                â”” <plantdisease.utils.trainers.trainer.Trainer object at 0x7f4d9d4d9bb0>

AttributeError: 'Trainer' object has no attribute 'best_acc'
2023-10-05 11:32:37.401 | INFO     | plantdisease.utils.trainers.trainer:before_train:59 - args: Namespace(batch_size=8, ckpt=None, devices=1, exp_file='/home/anastasija/Documents/IJS/Projects/PlantDiseaseDetection/Plant-Disease-Detection/plantdisease/utils/plant_disease_class.py', experiment_name='Experiment', fp16=True, machine_rank=0, name=None, num_machines=1)
2023-10-05 11:32:37.401 | INFO     | plantdisease.utils.trainers.trainer:before_train:60 - Basic class value:
<plantdisease.utils.plant_disease_class.PlantsClass object at 0x7fa0ec65b280>
2023-10-05 11:32:37.985 | INFO     | plantdisease.utils.trainers.trainer:before_train:69 - ----------------------------------------------------------------
2023-10-05 11:32:37.986 | INFO     | plantdisease.utils.trainers.trainer:before_train:69 -         Layer (type)               Output Shape         Param #
2023-10-05 11:32:37.987 | INFO     | plantdisease.utils.trainers.trainer:before_train:69 - ================================================================
2023-10-05 11:32:37.989 | INFO     | plantdisease.utils.trainers.trainer:before_train:69 -             Conv2d-1         [-1, 64, 224, 224]           1,792
2023-10-05 11:32:37.990 | INFO     | plantdisease.utils.trainers.trainer:before_train:69 -        BatchNorm2d-2         [-1, 64, 224, 224]             128
2023-10-05 11:32:37.992 | INFO     | plantdisease.utils.trainers.trainer:before_train:69 -               ReLU-3         [-1, 64, 224, 224]               0
2023-10-05 11:32:37.993 | INFO     | plantdisease.utils.trainers.trainer:before_train:69 -             Conv2d-4        [-1, 128, 224, 224]          73,856
2023-10-05 11:32:37.995 | INFO     | plantdisease.utils.trainers.trainer:before_train:69 -        BatchNorm2d-5        [-1, 128, 224, 224]             256
2023-10-05 11:32:37.997 | INFO     | plantdisease.utils.trainers.trainer:before_train:69 -               ReLU-6        [-1, 128, 224, 224]               0
2023-10-05 11:32:37.999 | INFO     | plantdisease.utils.trainers.trainer:before_train:69 -          MaxPool2d-7        [-1, 128, 112, 112]               0
2023-10-05 11:32:38.001 | INFO     | plantdisease.utils.trainers.trainer:before_train:69 -             Conv2d-8        [-1, 128, 112, 112]         147,584
2023-10-05 11:32:38.002 | INFO     | plantdisease.utils.trainers.trainer:before_train:69 -        BatchNorm2d-9        [-1, 128, 112, 112]             256
2023-10-05 11:32:38.003 | INFO     | plantdisease.utils.trainers.trainer:before_train:69 -              ReLU-10        [-1, 128, 112, 112]               0
2023-10-05 11:32:38.004 | INFO     | plantdisease.utils.trainers.trainer:before_train:69 -            Conv2d-11        [-1, 128, 112, 112]         147,584
2023-10-05 11:32:38.006 | INFO     | plantdisease.utils.trainers.trainer:before_train:69 -       BatchNorm2d-12        [-1, 128, 112, 112]             256
2023-10-05 11:32:38.007 | INFO     | plantdisease.utils.trainers.trainer:before_train:69 -              ReLU-13        [-1, 128, 112, 112]               0
2023-10-05 11:32:38.008 | INFO     | plantdisease.utils.trainers.trainer:before_train:69 -            Conv2d-14        [-1, 256, 112, 112]         590,080
2023-10-05 11:32:38.010 | INFO     | plantdisease.utils.trainers.trainer:before_train:69 -       BatchNorm2d-15        [-1, 256, 112, 112]             512
2023-10-05 11:32:38.012 | INFO     | plantdisease.utils.trainers.trainer:before_train:69 -              ReLU-16        [-1, 256, 112, 112]               0
2023-10-05 11:32:38.013 | INFO     | plantdisease.utils.trainers.trainer:before_train:69 -         MaxPool2d-17          [-1, 256, 56, 56]               0
2023-10-05 11:32:38.015 | INFO     | plantdisease.utils.trainers.trainer:before_train:69 -            Conv2d-18          [-1, 512, 56, 56]       1,180,160
2023-10-05 11:32:38.016 | INFO     | plantdisease.utils.trainers.trainer:before_train:69 -       BatchNorm2d-19          [-1, 512, 56, 56]           1,024
2023-10-05 11:32:38.017 | INFO     | plantdisease.utils.trainers.trainer:before_train:69 -              ReLU-20          [-1, 512, 56, 56]               0
2023-10-05 11:32:38.019 | INFO     | plantdisease.utils.trainers.trainer:before_train:69 -         MaxPool2d-21          [-1, 512, 28, 28]               0
2023-10-05 11:32:38.020 | INFO     | plantdisease.utils.trainers.trainer:before_train:69 -            Conv2d-22          [-1, 512, 28, 28]       2,359,808
2023-10-05 11:32:38.022 | INFO     | plantdisease.utils.trainers.trainer:before_train:69 -       BatchNorm2d-23          [-1, 512, 28, 28]           1,024
2023-10-05 11:32:38.023 | INFO     | plantdisease.utils.trainers.trainer:before_train:69 -              ReLU-24          [-1, 512, 28, 28]               0
2023-10-05 11:32:38.025 | INFO     | plantdisease.utils.trainers.trainer:before_train:69 -            Conv2d-25          [-1, 512, 28, 28]       2,359,808
2023-10-05 11:32:38.026 | INFO     | plantdisease.utils.trainers.trainer:before_train:69 -       BatchNorm2d-26          [-1, 512, 28, 28]           1,024
2023-10-05 11:32:38.028 | INFO     | plantdisease.utils.trainers.trainer:before_train:69 -              ReLU-27          [-1, 512, 28, 28]               0
2023-10-05 11:32:38.030 | INFO     | plantdisease.utils.trainers.trainer:before_train:69 -         MaxPool2d-28           [-1, 1024, 1, 1]               0
2023-10-05 11:32:38.032 | INFO     | plantdisease.utils.trainers.trainer:before_train:69 -           Flatten-29                 [-1, 1024]               0
2023-10-05 11:32:38.033 | INFO     | plantdisease.utils.trainers.trainer:before_train:69 -            Linear-30                   [-1, 39]          39,975
2023-10-05 11:32:38.034 | INFO     | plantdisease.utils.trainers.trainer:before_train:69 - ================================================================
2023-10-05 11:32:38.036 | INFO     | plantdisease.utils.trainers.trainer:before_train:69 - Total params: 6,905,127
2023-10-05 11:32:38.037 | INFO     | plantdisease.utils.trainers.trainer:before_train:69 - Trainable params: 6,905,127
2023-10-05 11:32:38.038 | INFO     | plantdisease.utils.trainers.trainer:before_train:69 - Non-trainable params: 0
2023-10-05 11:32:38.040 | INFO     | plantdisease.utils.trainers.trainer:before_train:69 - ----------------------------------------------------------------
2023-10-05 11:32:38.041 | INFO     | plantdisease.utils.trainers.trainer:before_train:69 - Input size (MB): 0.57
2023-10-05 11:32:38.042 | INFO     | plantdisease.utils.trainers.trainer:before_train:69 - Forward/backward pass size (MB): 444.08
2023-10-05 11:32:38.044 | INFO     | plantdisease.utils.trainers.trainer:before_train:69 - Params size (MB): 26.34
2023-10-05 11:32:38.045 | INFO     | plantdisease.utils.trainers.trainer:before_train:69 - Estimated Total Size (MB): 470.99
2023-10-05 11:32:38.047 | INFO     | plantdisease.utils.trainers.trainer:before_train:69 - ----------------------------------------------------------------
2023-10-05 11:32:38.048 | INFO     | plantdisease.utils.trainers.trainer:before_train:68 - Model Summary: None
2023-10-05 11:32:38.852 | INFO     | plantdisease.utils.trainers.trainer:before_train:89 - Starting the training process ...
2023-10-05 11:32:38.853 | INFO     | plantdisease.utils.trainers.trainer:before_train:90 - 
ResNet9(
  (relu): ReLU()
  (conv1): Conv2d(3, 64, kernel_size=(3, 3), stride=(1, 1), padding=(1, 1))
  (batchnorm1): BatchNorm2d(64, eps=1e-05, momentum=0.1, affine=True, track_running_stats=True)
  (conv2): Conv2d(64, 128, kernel_size=(3, 3), stride=(1, 1), padding=(1, 1))
  (batchnorm2): BatchNorm2d(128, eps=1e-05, momentum=0.1, affine=True, track_running_stats=True)
  (maxpool2): MaxPool2d(kernel_size=(2, 2), stride=(2, 2), padding=0, dilation=1, ceil_mode=False)
  (conv3_1): Conv2d(128, 128, kernel_size=(3, 3), stride=(1, 1), padding=(1, 1))
  (batchnorm3_1): BatchNorm2d(128, eps=1e-05, momentum=0.1, affine=True, track_running_stats=True)
  (conv3_2): Conv2d(128, 128, kernel_size=(3, 3), stride=(1, 1), padding=(1, 1))
  (batchnorm3_2): BatchNorm2d(128, eps=1e-05, momentum=0.1, affine=True, track_running_stats=True)
  (conv4): Conv2d(256, 256, kernel_size=(3, 3), stride=(1, 1), padding=(1, 1))
  (batchnorm4): BatchNorm2d(256, eps=1e-05, momentum=0.1, affine=True, track_running_stats=True)
  (maxpool4): MaxPool2d(kernel_size=(2, 2), stride=(2, 2), padding=0, dilation=1, ceil_mode=False)
  (conv5): Conv2d(256, 512, kernel_size=(3, 3), stride=(1, 1), padding=(1, 1))
  (batchnorm5): BatchNorm2d(512, eps=1e-05, momentum=0.1, affine=True, track_running_stats=True)
  (maxpool5): MaxPool2d(kernel_size=(2, 2), stride=(2, 2), padding=0, dilation=1, ceil_mode=False)
  (conv6_1): Conv2d(512, 512, kernel_size=(3, 3), stride=(1, 1), padding=(1, 1))
  (batchnorm6_1): BatchNorm2d(512, eps=1e-05, momentum=0.1, affine=True, track_running_stats=True)
  (conv6_2): Conv2d(512, 512, kernel_size=(3, 3), stride=(1, 1), padding=(1, 1))
  (batchnorm6_2): BatchNorm2d(512, eps=1e-05, momentum=0.1, affine=True, track_running_stats=True)
  (maxpool6): MaxPool2d(kernel_size=(28, 28), stride=(28, 28), padding=0, dilation=1, ceil_mode=False)
  (flatten): Flatten(start_dim=1, end_dim=-1)
  (out): Linear(in_features=1024, out_features=39, bias=True)
)
2023-10-05 11:32:39.348 | INFO     | tqdm.std:fp_write:455 - 
2023-10-05 11:32:39.349 | INFO     | tqdm.std:fp_write:455 - !
2023-10-05 11:32:39.351 | INFO     | tqdm.std:fp_write:455 - 
2023-10-05 11:32:39.351 | INFO     | tqdm.std:fp_write:455 - If DVC froze, see `hardlink_lock` in <[36mhttps://man.dvc.org/config#core[39m>
2023-10-05 11:32:39.806 | INFO     | tqdm.std:fp_write:455 - 
2023-10-05 11:32:39.807 | INFO     | tqdm.std:fp_write:455 - !
2023-10-05 11:32:39.809 | INFO     | tqdm.std:fp_write:455 - 
2023-10-05 11:32:39.809 | INFO     | tqdm.std:fp_write:455 - If DVC froze, see `hardlink_lock` in <[36mhttps://man.dvc.org/config#core[39m>
2023-10-05 11:32:39.996 | ERROR    | __main__:<module>:61 - An error has been caught in function '<module>', process 'MainProcess' (37744), thread 'MainThread' (140332106007616):
Traceback (most recent call last):

  File "/home/anastasija/anaconda3/envs/env_plantDisease/lib/python3.8/site-packages/dvclive/live.py", line 434, in _dump_params
    dump_yaml(self._params, self.params_file)
    â”‚         â”‚    â”‚        â”‚    â”” <property object at 0x7fa0def5edb0>
    â”‚         â”‚    â”‚        â”” <dvclive.live.Live object at 0x7fa0debe2d60>
    â”‚         â”‚    â”” {'device': device(type='cpu')}
    â”‚         â”” <dvclive.live.Live object at 0x7fa0debe2d60>
    â”” <function dump_yaml at 0x7fa0df356160>
  File "/home/anastasija/anaconda3/envs/env_plantDisease/lib/python3.8/site-packages/dvclive/serialize.py", line 45, in dump_yaml
    yaml.dump(content, fd)
    â”‚    â”‚    â”‚        â”” <_io.TextIOWrapper name='dvclive/params.yaml' mode='w' encoding='utf-8'>
    â”‚    â”‚    â”” {'device': device(type='cpu')}
    â”‚    â”” <function YAML.dump at 0x7fa0df3439d0>
    â”” <ruamel.yaml.main.YAML object at 0x7fa0a788fc10>
  File "/home/anastasija/anaconda3/envs/env_plantDisease/lib/python3.8/site-packages/ruamel/yaml/main.py", line 567, in dump
    return self.dump_all([data], stream, transform=transform)
           â”‚    â”‚         â”‚      â”‚                 â”” None
           â”‚    â”‚         â”‚      â”” <_io.TextIOWrapper name='dvclive/params.yaml' mode='w' encoding='utf-8'>
           â”‚    â”‚         â”” {'device': device(type='cpu')}
           â”‚    â”” <function YAML.dump_all at 0x7fa0df343a60>
           â”” <ruamel.yaml.main.YAML object at 0x7fa0a788fc10>
  File "/home/anastasija/anaconda3/envs/env_plantDisease/lib/python3.8/site-packages/ruamel/yaml/main.py", line 577, in dump_all
    self._context_manager.dump(data)
    â”‚    â”‚                â”‚    â”” {'device': device(type='cpu')}
    â”‚    â”‚                â”” <function YAMLContextManager.dump at 0x7fa0df3475e0>
    â”‚    â”” <ruamel.yaml.main.YAMLContextManager object at 0x7fa0a789edf0>
    â”” <ruamel.yaml.main.YAML object at 0x7fa0a788fc10>
  File "/home/anastasija/anaconda3/envs/env_plantDisease/lib/python3.8/site-packages/ruamel/yaml/main.py", line 913, in dump
    self._yaml.representer.represent(data)
    â”‚    â”‚     â”‚                     â”” {'device': device(type='cpu')}
    â”‚    â”‚     â”” <property object at 0x7fa0df344180>
    â”‚    â”” <ruamel.yaml.main.YAML object at 0x7fa0a788fc10>
    â”” <ruamel.yaml.main.YAMLContextManager object at 0x7fa0a789edf0>
  File "/home/anastasija/anaconda3/envs/env_plantDisease/lib/python3.8/site-packages/ruamel/yaml/representer.py", line 81, in represent
    node = self.represent_data(data)
           â”‚    â”‚              â”” {'device': device(type='cpu')}
           â”‚    â”” <function BaseRepresenter.represent_data at 0x7fa0df390b80>
           â”” <ruamel.yaml.representer.RoundTripRepresenter object at 0x7fa0a775d7f0>
  File "/home/anastasija/anaconda3/envs/env_plantDisease/lib/python3.8/site-packages/ruamel/yaml/representer.py", line 103, in represent_data
    node = self.yaml_representers[data_types[0]](self, data)
           â”‚    â”‚                 â”‚              â”‚     â”” {'device': device(type='cpu')}
           â”‚    â”‚                 â”‚              â”” <ruamel.yaml.representer.RoundTripRepresenter object at 0x7fa0a775d7f0>
           â”‚    â”‚                 â”” (<class 'dict'>, <class 'object'>)
           â”‚    â”” {<class 'NoneType'>: <function RoundTripRepresenter.represent_none at 0x7fa0df39dd30>, <class 'str'>: <function SafeRepresent...
           â”” <ruamel.yaml.representer.RoundTripRepresenter object at 0x7fa0a775d7f0>
  File "/home/anastasija/anaconda3/envs/env_plantDisease/lib/python3.8/site-packages/ruamel/yaml/representer.py", line 316, in represent_dict
    return self.represent_mapping('tag:yaml.org,2002:map', data)
           â”‚    â”‚                                          â”” {'device': device(type='cpu')}
           â”‚    â”” <function RoundTripRepresenter.represent_mapping at 0x7fa0df3a0670>
           â”” <ruamel.yaml.representer.RoundTripRepresenter object at 0x7fa0a775d7f0>
  File "/home/anastasija/anaconda3/envs/env_plantDisease/lib/python3.8/site-packages/ruamel/yaml/representer.py", line 842, in represent_mapping
    node_value = self.represent_data(item_value)
                 â”‚    â”‚              â”” device(type='cpu')
                 â”‚    â”” <function BaseRepresenter.represent_data at 0x7fa0df390b80>
                 â”” <ruamel.yaml.representer.RoundTripRepresenter object at 0x7fa0a775d7f0>
  File "/home/anastasija/anaconda3/envs/env_plantDisease/lib/python3.8/site-packages/ruamel/yaml/representer.py", line 113, in represent_data
    node = self.yaml_representers[None](self, data)
           â”‚    â”‚                       â”‚     â”” device(type='cpu')
           â”‚    â”‚                       â”” <ruamel.yaml.representer.RoundTripRepresenter object at 0x7fa0a775d7f0>
           â”‚    â”” {<class 'NoneType'>: <function RoundTripRepresenter.represent_none at 0x7fa0df39dd30>, <class 'str'>: <function SafeRepresent...
           â”” <ruamel.yaml.representer.RoundTripRepresenter object at 0x7fa0a775d7f0>
  File "/home/anastasija/anaconda3/envs/env_plantDisease/lib/python3.8/site-packages/ruamel/yaml/representer.py", line 345, in represent_undefined
    raise RepresenterError(f'cannot represent an object: {data!s}')
          â”” <class 'ruamel.yaml.representer.RepresenterError'>

ruamel.yaml.representer.RepresenterError: cannot represent an object: cpu


The above exception was the direct cause of the following exception:


Traceback (most recent call last):

  File "/home/anastasija/Documents/IJS/Projects/PlantDiseaseDetection/Plant-Disease-Detection/plantdisease/utils/trainers/trainer.py", line 52, in train
    self.train_in_epoch()
    â”‚    â”” <function Trainer.train_in_epoch at 0x7fa0def6c940>
    â”” <plantdisease.utils.trainers.trainer.Trainer object at 0x7fa19c919bb0>

  File "/home/anastasija/Documents/IJS/Projects/PlantDiseaseDetection/Plant-Disease-Detection/plantdisease/utils/trainers/trainer.py", line 99, in train_in_epoch
    live.log_param("device", self.device)
    â”‚    â”‚                   â”‚    â”” device(type='cpu')
    â”‚    â”‚                   â”” <plantdisease.utils.trainers.trainer.Trainer object at 0x7fa19c919bb0>
    â”‚    â”” <function Live.log_param at 0x7fa0def69d30>
    â”” <dvclive.live.Live object at 0x7fa0debe2d60>

  File "/home/anastasija/anaconda3/envs/env_plantDisease/lib/python3.8/site-packages/dvclive/live.py", line 446, in log_param
    self.log_params({name: val})
    â”‚    â”‚           â”‚     â”” device(type='cpu')
    â”‚    â”‚           â”” 'device'
    â”‚    â”” <function Live.log_params at 0x7fa0def69ca0>
    â”” <dvclive.live.Live object at 0x7fa0debe2d60>
  File "/home/anastasija/anaconda3/envs/env_plantDisease/lib/python3.8/site-packages/dvclive/live.py", line 441, in log_params
    self._dump_params()
    â”‚    â”” <function Live._dump_params at 0x7fa0def69c10>
    â”” <dvclive.live.Live object at 0x7fa0debe2d60>
  File "/home/anastasija/anaconda3/envs/env_plantDisease/lib/python3.8/site-packages/dvclive/live.py", line 436, in _dump_params
    raise InvalidParameterTypeError(exc.args) from exc
          â”” <class 'dvclive.error.InvalidParameterTypeError'>

dvclive.error.InvalidParameterTypeError: Parameter type <class 'tuple'> is not supported.


During handling of the above exception, another exception occurred:


Traceback (most recent call last):

  File "/home/anastasija/anaconda3/envs/env_plantDisease/lib/python3.8/runpy.py", line 194, in _run_module_as_main
    return _run_code(code, main_globals, None,
           â”‚         â”‚     â”” {'__name__': '__main__', '__doc__': None, '__package__': 'plantdisease.tools', '__loader__': <_frozen_importlib_external.Sour...
           â”‚         â”” <code object <module> at 0x7fa19c914190, file "/home/anastasija/Documents/IJS/Projects/PlantDiseaseDetection/Plant-Disease-De...
           â”” <function _run_code at 0x7fa19c906310>
  File "/home/anastasija/anaconda3/envs/env_plantDisease/lib/python3.8/runpy.py", line 87, in _run_code
    exec(code, run_globals)
         â”‚     â”” {'__name__': '__main__', '__doc__': None, '__package__': 'plantdisease.tools', '__loader__': <_frozen_importlib_external.Sour...
         â”” <code object <module> at 0x7fa19c914190, file "/home/anastasija/Documents/IJS/Projects/PlantDiseaseDetection/Plant-Disease-De...

> File "/home/anastasija/Documents/IJS/Projects/PlantDiseaseDetection/Plant-Disease-Detection/plantdisease/tools/train.py", line 61, in <module>
    main(conf_cls, args_main)
    â”‚    â”‚         â”” Namespace(batch_size=8, ckpt=None, devices=1, exp_file='/home/anastasija/Documents/IJS/Projects/PlantDiseaseDetection/Plant-D...
    â”‚    â”” <class 'plantdisease.utils.plant_disease_class.PlantsClass'>
    â”” <function main at 0x7fa0ea7888b0>

  File "/home/anastasija/Documents/IJS/Projects/PlantDiseaseDetection/Plant-Disease-Detection/plantdisease/tools/train.py", line 52, in main
    trainer.train()
    â”‚       â”” <function Trainer.train at 0x7fa0def6c790>
    â”” <plantdisease.utils.trainers.trainer.Trainer object at 0x7fa19c919bb0>

  File "/home/anastasija/Documents/IJS/Projects/PlantDiseaseDetection/Plant-Disease-Detection/plantdisease/utils/trainers/trainer.py", line 56, in train
    self.after_train()
    â”‚    â”” <function Trainer.after_train at 0x7fa0def6c8b0>
    â”” <plantdisease.utils.trainers.trainer.Trainer object at 0x7fa19c919bb0>

  File "/home/anastasija/Documents/IJS/Projects/PlantDiseaseDetection/Plant-Disease-Detection/plantdisease/utils/trainers/trainer.py", line 94, in after_train
    "Training of experiment is done and the highest precision is {:.2f}".format(self.best_acc * 100)
                                                                                â”” <plantdisease.utils.trainers.trainer.Trainer object at 0x7fa19c919bb0>

AttributeError: 'Trainer' object has no attribute 'best_acc'
2023-10-05 11:35:20.591 | INFO     | plantdisease.utils.trainers.trainer:before_train:59 - args: Namespace(batch_size=8, ckpt=None, devices=1, exp_file='/home/anastasija/Documents/IJS/Projects/PlantDiseaseDetection/Plant-Disease-Detection/plantdisease/utils/plant_disease_class.py', experiment_name='Experiment', fp16=True, machine_rank=0, name=None, num_machines=1)
2023-10-05 11:35:20.592 | INFO     | plantdisease.utils.trainers.trainer:before_train:60 - Basic class value:
<plantdisease.utils.plant_disease_class.PlantsClass object at 0x7fbe8fd1a280>
2023-10-05 11:35:21.506 | INFO     | plantdisease.utils.trainers.trainer:before_train:69 - ----------------------------------------------------------------
2023-10-05 11:35:21.507 | INFO     | plantdisease.utils.trainers.trainer:before_train:69 -         Layer (type)               Output Shape         Param #
2023-10-05 11:35:21.508 | INFO     | plantdisease.utils.trainers.trainer:before_train:69 - ================================================================
2023-10-05 11:35:21.509 | INFO     | plantdisease.utils.trainers.trainer:before_train:69 -             Conv2d-1         [-1, 64, 224, 224]           1,792
2023-10-05 11:35:21.510 | INFO     | plantdisease.utils.trainers.trainer:before_train:69 -        BatchNorm2d-2         [-1, 64, 224, 224]             128
2023-10-05 11:35:21.511 | INFO     | plantdisease.utils.trainers.trainer:before_train:69 -               ReLU-3         [-1, 64, 224, 224]               0
2023-10-05 11:35:21.513 | INFO     | plantdisease.utils.trainers.trainer:before_train:69 -             Conv2d-4        [-1, 128, 224, 224]          73,856
2023-10-05 11:35:21.514 | INFO     | plantdisease.utils.trainers.trainer:before_train:69 -        BatchNorm2d-5        [-1, 128, 224, 224]             256
2023-10-05 11:35:21.517 | INFO     | plantdisease.utils.trainers.trainer:before_train:69 -               ReLU-6        [-1, 128, 224, 224]               0
2023-10-05 11:35:21.518 | INFO     | plantdisease.utils.trainers.trainer:before_train:69 -          MaxPool2d-7        [-1, 128, 112, 112]               0
2023-10-05 11:35:21.519 | INFO     | plantdisease.utils.trainers.trainer:before_train:69 -             Conv2d-8        [-1, 128, 112, 112]         147,584
2023-10-05 11:35:21.521 | INFO     | plantdisease.utils.trainers.trainer:before_train:69 -        BatchNorm2d-9        [-1, 128, 112, 112]             256
2023-10-05 11:35:21.522 | INFO     | plantdisease.utils.trainers.trainer:before_train:69 -              ReLU-10        [-1, 128, 112, 112]               0
2023-10-05 11:35:21.523 | INFO     | plantdisease.utils.trainers.trainer:before_train:69 -            Conv2d-11        [-1, 128, 112, 112]         147,584
2023-10-05 11:35:21.524 | INFO     | plantdisease.utils.trainers.trainer:before_train:69 -       BatchNorm2d-12        [-1, 128, 112, 112]             256
2023-10-05 11:35:21.526 | INFO     | plantdisease.utils.trainers.trainer:before_train:69 -              ReLU-13        [-1, 128, 112, 112]               0
2023-10-05 11:35:21.527 | INFO     | plantdisease.utils.trainers.trainer:before_train:69 -            Conv2d-14        [-1, 256, 112, 112]         590,080
2023-10-05 11:35:21.529 | INFO     | plantdisease.utils.trainers.trainer:before_train:69 -       BatchNorm2d-15        [-1, 256, 112, 112]             512
2023-10-05 11:35:21.531 | INFO     | plantdisease.utils.trainers.trainer:before_train:69 -              ReLU-16        [-1, 256, 112, 112]               0
2023-10-05 11:35:21.533 | INFO     | plantdisease.utils.trainers.trainer:before_train:69 -         MaxPool2d-17          [-1, 256, 56, 56]               0
2023-10-05 11:35:21.535 | INFO     | plantdisease.utils.trainers.trainer:before_train:69 -            Conv2d-18          [-1, 512, 56, 56]       1,180,160
2023-10-05 11:35:21.536 | INFO     | plantdisease.utils.trainers.trainer:before_train:69 -       BatchNorm2d-19          [-1, 512, 56, 56]           1,024
2023-10-05 11:35:21.538 | INFO     | plantdisease.utils.trainers.trainer:before_train:69 -              ReLU-20          [-1, 512, 56, 56]               0
2023-10-05 11:35:21.540 | INFO     | plantdisease.utils.trainers.trainer:before_train:69 -         MaxPool2d-21          [-1, 512, 28, 28]               0
2023-10-05 11:35:21.541 | INFO     | plantdisease.utils.trainers.trainer:before_train:69 -            Conv2d-22          [-1, 512, 28, 28]       2,359,808
2023-10-05 11:35:21.543 | INFO     | plantdisease.utils.trainers.trainer:before_train:69 -       BatchNorm2d-23          [-1, 512, 28, 28]           1,024
2023-10-05 11:35:21.545 | INFO     | plantdisease.utils.trainers.trainer:before_train:69 -              ReLU-24          [-1, 512, 28, 28]               0
2023-10-05 11:35:21.547 | INFO     | plantdisease.utils.trainers.trainer:before_train:69 -            Conv2d-25          [-1, 512, 28, 28]       2,359,808
2023-10-05 11:35:21.549 | INFO     | plantdisease.utils.trainers.trainer:before_train:69 -       BatchNorm2d-26          [-1, 512, 28, 28]           1,024
2023-10-05 11:35:21.551 | INFO     | plantdisease.utils.trainers.trainer:before_train:69 -              ReLU-27          [-1, 512, 28, 28]               0
2023-10-05 11:35:21.552 | INFO     | plantdisease.utils.trainers.trainer:before_train:69 -         MaxPool2d-28           [-1, 1024, 1, 1]               0
2023-10-05 11:35:21.554 | INFO     | plantdisease.utils.trainers.trainer:before_train:69 -           Flatten-29                 [-1, 1024]               0
2023-10-05 11:35:21.555 | INFO     | plantdisease.utils.trainers.trainer:before_train:69 -            Linear-30                   [-1, 39]          39,975
2023-10-05 11:35:21.557 | INFO     | plantdisease.utils.trainers.trainer:before_train:69 - ================================================================
2023-10-05 11:35:21.558 | INFO     | plantdisease.utils.trainers.trainer:before_train:69 - Total params: 6,905,127
2023-10-05 11:35:21.559 | INFO     | plantdisease.utils.trainers.trainer:before_train:69 - Trainable params: 6,905,127
2023-10-05 11:35:21.560 | INFO     | plantdisease.utils.trainers.trainer:before_train:69 - Non-trainable params: 0
2023-10-05 11:35:21.562 | INFO     | plantdisease.utils.trainers.trainer:before_train:69 - ----------------------------------------------------------------
2023-10-05 11:35:21.564 | INFO     | plantdisease.utils.trainers.trainer:before_train:69 - Input size (MB): 0.57
2023-10-05 11:35:21.565 | INFO     | plantdisease.utils.trainers.trainer:before_train:69 - Forward/backward pass size (MB): 444.08
2023-10-05 11:35:21.568 | INFO     | plantdisease.utils.trainers.trainer:before_train:69 - Params size (MB): 26.34
2023-10-05 11:35:21.570 | INFO     | plantdisease.utils.trainers.trainer:before_train:69 - Estimated Total Size (MB): 470.99
2023-10-05 11:35:21.572 | INFO     | plantdisease.utils.trainers.trainer:before_train:69 - ----------------------------------------------------------------
2023-10-05 11:35:21.573 | INFO     | plantdisease.utils.trainers.trainer:before_train:68 - Model Summary: None
2023-10-05 11:35:22.540 | INFO     | plantdisease.utils.trainers.trainer:before_train:89 - Starting the training process ...
2023-10-05 11:35:22.540 | INFO     | plantdisease.utils.trainers.trainer:before_train:90 - 
ResNet9(
  (relu): ReLU()
  (conv1): Conv2d(3, 64, kernel_size=(3, 3), stride=(1, 1), padding=(1, 1))
  (batchnorm1): BatchNorm2d(64, eps=1e-05, momentum=0.1, affine=True, track_running_stats=True)
  (conv2): Conv2d(64, 128, kernel_size=(3, 3), stride=(1, 1), padding=(1, 1))
  (batchnorm2): BatchNorm2d(128, eps=1e-05, momentum=0.1, affine=True, track_running_stats=True)
  (maxpool2): MaxPool2d(kernel_size=(2, 2), stride=(2, 2), padding=0, dilation=1, ceil_mode=False)
  (conv3_1): Conv2d(128, 128, kernel_size=(3, 3), stride=(1, 1), padding=(1, 1))
  (batchnorm3_1): BatchNorm2d(128, eps=1e-05, momentum=0.1, affine=True, track_running_stats=True)
  (conv3_2): Conv2d(128, 128, kernel_size=(3, 3), stride=(1, 1), padding=(1, 1))
  (batchnorm3_2): BatchNorm2d(128, eps=1e-05, momentum=0.1, affine=True, track_running_stats=True)
  (conv4): Conv2d(256, 256, kernel_size=(3, 3), stride=(1, 1), padding=(1, 1))
  (batchnorm4): BatchNorm2d(256, eps=1e-05, momentum=0.1, affine=True, track_running_stats=True)
  (maxpool4): MaxPool2d(kernel_size=(2, 2), stride=(2, 2), padding=0, dilation=1, ceil_mode=False)
  (conv5): Conv2d(256, 512, kernel_size=(3, 3), stride=(1, 1), padding=(1, 1))
  (batchnorm5): BatchNorm2d(512, eps=1e-05, momentum=0.1, affine=True, track_running_stats=True)
  (maxpool5): MaxPool2d(kernel_size=(2, 2), stride=(2, 2), padding=0, dilation=1, ceil_mode=False)
  (conv6_1): Conv2d(512, 512, kernel_size=(3, 3), stride=(1, 1), padding=(1, 1))
  (batchnorm6_1): BatchNorm2d(512, eps=1e-05, momentum=0.1, affine=True, track_running_stats=True)
  (conv6_2): Conv2d(512, 512, kernel_size=(3, 3), stride=(1, 1), padding=(1, 1))
  (batchnorm6_2): BatchNorm2d(512, eps=1e-05, momentum=0.1, affine=True, track_running_stats=True)
  (maxpool6): MaxPool2d(kernel_size=(28, 28), stride=(28, 28), padding=0, dilation=1, ceil_mode=False)
  (flatten): Flatten(start_dim=1, end_dim=-1)
  (out): Linear(in_features=1024, out_features=39, bias=True)
)
2023-10-05 11:35:22.962 | INFO     | tqdm.std:fp_write:455 - 
2023-10-05 11:35:22.963 | INFO     | tqdm.std:fp_write:455 - !
2023-10-05 11:35:22.965 | INFO     | tqdm.std:fp_write:455 - 
2023-10-05 11:35:22.965 | INFO     | tqdm.std:fp_write:455 - If DVC froze, see `hardlink_lock` in <[36mhttps://man.dvc.org/config#core[39m>
2023-10-05 11:35:23.355 | INFO     | tqdm.std:fp_write:455 - 
2023-10-05 11:35:23.356 | INFO     | tqdm.std:fp_write:455 - !
2023-10-05 11:35:23.358 | INFO     | tqdm.std:fp_write:455 - 
2023-10-05 11:35:23.359 | INFO     | tqdm.std:fp_write:455 - If DVC froze, see `hardlink_lock` in <[36mhttps://man.dvc.org/config#core[39m>
2023-10-05 11:35:23.506 | ERROR    | __main__:<module>:61 - An error has been caught in function '<module>', process 'MainProcess' (38002), thread 'MainThread' (140459402007616):
Traceback (most recent call last):

  File "/home/anastasija/anaconda3/envs/env_plantDisease/lib/python3.8/site-packages/dvclive/live.py", line 434, in _dump_params
    dump_yaml(self._params, self.params_file)
    â”‚         â”‚    â”‚        â”‚    â”” <property object at 0x7fbe8255db80>
    â”‚         â”‚    â”‚        â”” <dvclive.live.Live object at 0x7fbe70509100>
    â”‚         â”‚    â”” {'batch size': 8, 'epochs': 10, 'optimizer': SGD (
    â”‚         â”‚      Parameter Group 0
    â”‚         â”‚          dampening: 0
    â”‚         â”‚          differentiable: False
    â”‚         â”‚          foreach: ...
    â”‚         â”” <dvclive.live.Live object at 0x7fbe70509100>
    â”” <function dump_yaml at 0x7fbe82956160>
  File "/home/anastasija/anaconda3/envs/env_plantDisease/lib/python3.8/site-packages/dvclive/serialize.py", line 45, in dump_yaml
    yaml.dump(content, fd)
    â”‚    â”‚    â”‚        â”” <_io.TextIOWrapper name='dvclive/params.yaml' mode='w' encoding='utf-8'>
    â”‚    â”‚    â”” {'batch size': 8, 'epochs': 10, 'optimizer': SGD (
    â”‚    â”‚      Parameter Group 0
    â”‚    â”‚          dampening: 0
    â”‚    â”‚          differentiable: False
    â”‚    â”‚          foreach: ...
    â”‚    â”” <function YAML.dump at 0x7fbe829449d0>
    â”” <ruamel.yaml.main.YAML object at 0x7fbe4aed79a0>
  File "/home/anastasija/anaconda3/envs/env_plantDisease/lib/python3.8/site-packages/ruamel/yaml/main.py", line 567, in dump
    return self.dump_all([data], stream, transform=transform)
           â”‚    â”‚         â”‚      â”‚                 â”” None
           â”‚    â”‚         â”‚      â”” <_io.TextIOWrapper name='dvclive/params.yaml' mode='w' encoding='utf-8'>
           â”‚    â”‚         â”” {'batch size': 8, 'epochs': 10, 'optimizer': SGD (
           â”‚    â”‚           Parameter Group 0
           â”‚    â”‚               dampening: 0
           â”‚    â”‚               differentiable: False
           â”‚    â”‚               foreach: ...
           â”‚    â”” <function YAML.dump_all at 0x7fbe82944a60>
           â”” <ruamel.yaml.main.YAML object at 0x7fbe4aed79a0>
  File "/home/anastasija/anaconda3/envs/env_plantDisease/lib/python3.8/site-packages/ruamel/yaml/main.py", line 577, in dump_all
    self._context_manager.dump(data)
    â”‚    â”‚                â”‚    â”” {'batch size': 8, 'epochs': 10, 'optimizer': SGD (
    â”‚    â”‚                â”‚      Parameter Group 0
    â”‚    â”‚                â”‚          dampening: 0
    â”‚    â”‚                â”‚          differentiable: False
    â”‚    â”‚                â”‚          foreach: ...
    â”‚    â”‚                â”” <function YAMLContextManager.dump at 0x7fbe829475e0>
    â”‚    â”” <ruamel.yaml.main.YAMLContextManager object at 0x7fbe829a8310>
    â”” <ruamel.yaml.main.YAML object at 0x7fbe4aed79a0>
  File "/home/anastasija/anaconda3/envs/env_plantDisease/lib/python3.8/site-packages/ruamel/yaml/main.py", line 913, in dump
    self._yaml.representer.represent(data)
    â”‚    â”‚     â”‚                     â”” {'batch size': 8, 'epochs': 10, 'optimizer': SGD (
    â”‚    â”‚     â”‚                       Parameter Group 0
    â”‚    â”‚     â”‚                           dampening: 0
    â”‚    â”‚     â”‚                           differentiable: False
    â”‚    â”‚     â”‚                           foreach: ...
    â”‚    â”‚     â”” <property object at 0x7fbe829bff40>
    â”‚    â”” <ruamel.yaml.main.YAML object at 0x7fbe4aed79a0>
    â”” <ruamel.yaml.main.YAMLContextManager object at 0x7fbe829a8310>
  File "/home/anastasija/anaconda3/envs/env_plantDisease/lib/python3.8/site-packages/ruamel/yaml/representer.py", line 81, in represent
    node = self.represent_data(data)
           â”‚    â”‚              â”” {'batch size': 8, 'epochs': 10, 'optimizer': SGD (
           â”‚    â”‚                Parameter Group 0
           â”‚    â”‚                    dampening: 0
           â”‚    â”‚                    differentiable: False
           â”‚    â”‚                    foreach: ...
           â”‚    â”” <function BaseRepresenter.represent_data at 0x7fbe8298eb80>
           â”” <ruamel.yaml.representer.RoundTripRepresenter object at 0x7fbe4ae703d0>
  File "/home/anastasija/anaconda3/envs/env_plantDisease/lib/python3.8/site-packages/ruamel/yaml/representer.py", line 103, in represent_data
    node = self.yaml_representers[data_types[0]](self, data)
           â”‚    â”‚                 â”‚              â”‚     â”” {'batch size': 8, 'epochs': 10, 'optimizer': SGD (
           â”‚    â”‚                 â”‚              â”‚       Parameter Group 0
           â”‚    â”‚                 â”‚              â”‚           dampening: 0
           â”‚    â”‚                 â”‚              â”‚           differentiable: False
           â”‚    â”‚                 â”‚              â”‚           foreach: ...
           â”‚    â”‚                 â”‚              â”” <ruamel.yaml.representer.RoundTripRepresenter object at 0x7fbe4ae703d0>
           â”‚    â”‚                 â”” (<class 'dict'>, <class 'object'>)
           â”‚    â”” {<class 'NoneType'>: <function RoundTripRepresenter.represent_none at 0x7fbe8299dd30>, <class 'str'>: <function SafeRepresent...
           â”” <ruamel.yaml.representer.RoundTripRepresenter object at 0x7fbe4ae703d0>
  File "/home/anastasija/anaconda3/envs/env_plantDisease/lib/python3.8/site-packages/ruamel/yaml/representer.py", line 316, in represent_dict
    return self.represent_mapping('tag:yaml.org,2002:map', data)
           â”‚    â”‚                                          â”” {'batch size': 8, 'epochs': 10, 'optimizer': SGD (
           â”‚    â”‚                                            Parameter Group 0
           â”‚    â”‚                                                dampening: 0
           â”‚    â”‚                                                differentiable: False
           â”‚    â”‚                                                foreach: ...
           â”‚    â”” <function RoundTripRepresenter.represent_mapping at 0x7fbe8299f670>
           â”” <ruamel.yaml.representer.RoundTripRepresenter object at 0x7fbe4ae703d0>
  File "/home/anastasija/anaconda3/envs/env_plantDisease/lib/python3.8/site-packages/ruamel/yaml/representer.py", line 842, in represent_mapping
    node_value = self.represent_data(item_value)
                 â”‚    â”‚              â”” SGD (
                 â”‚    â”‚                Parameter Group 0
                 â”‚    â”‚                    dampening: 0
                 â”‚    â”‚                    differentiable: False
                 â”‚    â”‚                    foreach: None
                 â”‚    â”‚                    initial_lr: 0.1
                 â”‚    â”‚                    lr: 0.05
                 â”‚    â”‚                    max...
                 â”‚    â”” <function BaseRepresenter.represent_data at 0x7fbe8298eb80>
                 â”” <ruamel.yaml.representer.RoundTripRepresenter object at 0x7fbe4ae703d0>
  File "/home/anastasija/anaconda3/envs/env_plantDisease/lib/python3.8/site-packages/ruamel/yaml/representer.py", line 113, in represent_data
    node = self.yaml_representers[None](self, data)
           â”‚    â”‚                       â”‚     â”” SGD (
           â”‚    â”‚                       â”‚       Parameter Group 0
           â”‚    â”‚                       â”‚           dampening: 0
           â”‚    â”‚                       â”‚           differentiable: False
           â”‚    â”‚                       â”‚           foreach: None
           â”‚    â”‚                       â”‚           initial_lr: 0.1
           â”‚    â”‚                       â”‚           lr: 0.05
           â”‚    â”‚                       â”‚           max...
           â”‚    â”‚                       â”” <ruamel.yaml.representer.RoundTripRepresenter object at 0x7fbe4ae703d0>
           â”‚    â”” {<class 'NoneType'>: <function RoundTripRepresenter.represent_none at 0x7fbe8299dd30>, <class 'str'>: <function SafeRepresent...
           â”” <ruamel.yaml.representer.RoundTripRepresenter object at 0x7fbe4ae703d0>
  File "/home/anastasija/anaconda3/envs/env_plantDisease/lib/python3.8/site-packages/ruamel/yaml/representer.py", line 345, in represent_undefined
    raise RepresenterError(f'cannot represent an object: {data!s}')
          â”” <class 'ruamel.yaml.representer.RepresenterError'>

ruamel.yaml.representer.RepresenterError: cannot represent an object: SGD (
Parameter Group 0
    dampening: 0
    differentiable: False
    foreach: None
    initial_lr: 0.1
    lr: 0.05
    maximize: False
    momentum: 0.9
    nesterov: False
    weight_decay: 0
)


The above exception was the direct cause of the following exception:


Traceback (most recent call last):

  File "/home/anastasija/Documents/IJS/Projects/PlantDiseaseDetection/Plant-Disease-Detection/plantdisease/utils/trainers/trainer.py", line 52, in train
    self.train_in_epoch()
    â”‚    â”” <function Trainer.train_in_epoch at 0x7fbe8256b940>
    â”” <plantdisease.utils.trainers.trainer.Trainer object at 0x7fbf4001abb0>

  File "/home/anastasija/Documents/IJS/Projects/PlantDiseaseDetection/Plant-Disease-Detection/plantdisease/utils/trainers/trainer.py", line 102, in train_in_epoch
    live.log_param("optimizer", self.optimizer)
    â”‚    â”‚                      â”‚    â”” SGD (
    â”‚    â”‚                      â”‚      Parameter Group 0
    â”‚    â”‚                      â”‚          dampening: 0
    â”‚    â”‚                      â”‚          differentiable: False
    â”‚    â”‚                      â”‚          foreach: None
    â”‚    â”‚                      â”‚          initial_lr: 0.1
    â”‚    â”‚                      â”‚          lr: 0.05
    â”‚    â”‚                      â”‚          max...
    â”‚    â”‚                      â”” <plantdisease.utils.trainers.trainer.Trainer object at 0x7fbf4001abb0>
    â”‚    â”” <function Live.log_param at 0x7fbe82569d30>
    â”” <dvclive.live.Live object at 0x7fbe70509100>

  File "/home/anastasija/anaconda3/envs/env_plantDisease/lib/python3.8/site-packages/dvclive/live.py", line 446, in log_param
    self.log_params({name: val})
    â”‚    â”‚           â”‚     â”” SGD (
    â”‚    â”‚           â”‚       Parameter Group 0
    â”‚    â”‚           â”‚           dampening: 0
    â”‚    â”‚           â”‚           differentiable: False
    â”‚    â”‚           â”‚           foreach: None
    â”‚    â”‚           â”‚           initial_lr: 0.1
    â”‚    â”‚           â”‚           lr: 0.05
    â”‚    â”‚           â”‚           max...
    â”‚    â”‚           â”” 'optimizer'
    â”‚    â”” <function Live.log_params at 0x7fbe82569ca0>
    â”” <dvclive.live.Live object at 0x7fbe70509100>
  File "/home/anastasija/anaconda3/envs/env_plantDisease/lib/python3.8/site-packages/dvclive/live.py", line 441, in log_params
    self._dump_params()
    â”‚    â”” <function Live._dump_params at 0x7fbe82569c10>
    â”” <dvclive.live.Live object at 0x7fbe70509100>
  File "/home/anastasija/anaconda3/envs/env_plantDisease/lib/python3.8/site-packages/dvclive/live.py", line 436, in _dump_params
    raise InvalidParameterTypeError(exc.args) from exc
          â”” <class 'dvclive.error.InvalidParameterTypeError'>

dvclive.error.InvalidParameterTypeError: Parameter type <class 'tuple'> is not supported.


During handling of the above exception, another exception occurred:


Traceback (most recent call last):

  File "/home/anastasija/anaconda3/envs/env_plantDisease/lib/python3.8/runpy.py", line 194, in _run_module_as_main
    return _run_code(code, main_globals, None,
           â”‚         â”‚     â”” {'__name__': '__main__', '__doc__': None, '__package__': 'plantdisease.tools', '__loader__': <_frozen_importlib_external.Sour...
           â”‚         â”” <code object <module> at 0x7fbf40015190, file "/home/anastasija/Documents/IJS/Projects/PlantDiseaseDetection/Plant-Disease-De...
           â”” <function _run_code at 0x7fbf40006310>
  File "/home/anastasija/anaconda3/envs/env_plantDisease/lib/python3.8/runpy.py", line 87, in _run_code
    exec(code, run_globals)
         â”‚     â”” {'__name__': '__main__', '__doc__': None, '__package__': 'plantdisease.tools', '__loader__': <_frozen_importlib_external.Sour...
         â”” <code object <module> at 0x7fbf40015190, file "/home/anastasija/Documents/IJS/Projects/PlantDiseaseDetection/Plant-Disease-De...

> File "/home/anastasija/Documents/IJS/Projects/PlantDiseaseDetection/Plant-Disease-Detection/plantdisease/tools/train.py", line 61, in <module>
    main(conf_cls, args_main)
    â”‚    â”‚         â”” Namespace(batch_size=8, ckpt=None, devices=1, exp_file='/home/anastasija/Documents/IJS/Projects/PlantDiseaseDetection/Plant-D...
    â”‚    â”” <class 'plantdisease.utils.plant_disease_class.PlantsClass'>
    â”” <function main at 0x7fbe8de888b0>

  File "/home/anastasija/Documents/IJS/Projects/PlantDiseaseDetection/Plant-Disease-Detection/plantdisease/tools/train.py", line 52, in main
    trainer.train()
    â”‚       â”” <function Trainer.train at 0x7fbe8256b790>
    â”” <plantdisease.utils.trainers.trainer.Trainer object at 0x7fbf4001abb0>

  File "/home/anastasija/Documents/IJS/Projects/PlantDiseaseDetection/Plant-Disease-Detection/plantdisease/utils/trainers/trainer.py", line 56, in train
    self.after_train()
    â”‚    â”” <function Trainer.after_train at 0x7fbe8256b8b0>
    â”” <plantdisease.utils.trainers.trainer.Trainer object at 0x7fbf4001abb0>

  File "/home/anastasija/Documents/IJS/Projects/PlantDiseaseDetection/Plant-Disease-Detection/plantdisease/utils/trainers/trainer.py", line 94, in after_train
    "Training of experiment is done and the highest precision is {:.2f}".format(self.best_acc * 100)
                                                                                â”” <plantdisease.utils.trainers.trainer.Trainer object at 0x7fbf4001abb0>

AttributeError: 'Trainer' object has no attribute 'best_acc'
2023-10-05 11:35:52.058 | INFO     | plantdisease.utils.trainers.trainer:before_train:59 - args: Namespace(batch_size=8, ckpt=None, devices=1, exp_file='/home/anastasija/Documents/IJS/Projects/PlantDiseaseDetection/Plant-Disease-Detection/plantdisease/utils/plant_disease_class.py', experiment_name='Experiment', fp16=True, machine_rank=0, name=None, num_machines=1)
2023-10-05 11:35:52.058 | INFO     | plantdisease.utils.trainers.trainer:before_train:60 - Basic class value:
<plantdisease.utils.plant_disease_class.PlantsClass object at 0x7f3c88eda280>
2023-10-05 11:35:52.991 | INFO     | plantdisease.utils.trainers.trainer:before_train:69 - ----------------------------------------------------------------
2023-10-05 11:35:52.992 | INFO     | plantdisease.utils.trainers.trainer:before_train:69 -         Layer (type)               Output Shape         Param #
2023-10-05 11:35:52.993 | INFO     | plantdisease.utils.trainers.trainer:before_train:69 - ================================================================
2023-10-05 11:35:52.994 | INFO     | plantdisease.utils.trainers.trainer:before_train:69 -             Conv2d-1         [-1, 64, 224, 224]           1,792
2023-10-05 11:35:52.995 | INFO     | plantdisease.utils.trainers.trainer:before_train:69 -        BatchNorm2d-2         [-1, 64, 224, 224]             128
2023-10-05 11:35:52.996 | INFO     | plantdisease.utils.trainers.trainer:before_train:69 -               ReLU-3         [-1, 64, 224, 224]               0
2023-10-05 11:35:52.997 | INFO     | plantdisease.utils.trainers.trainer:before_train:69 -             Conv2d-4        [-1, 128, 224, 224]          73,856
2023-10-05 11:35:52.998 | INFO     | plantdisease.utils.trainers.trainer:before_train:69 -        BatchNorm2d-5        [-1, 128, 224, 224]             256
2023-10-05 11:35:53.000 | INFO     | plantdisease.utils.trainers.trainer:before_train:69 -               ReLU-6        [-1, 128, 224, 224]               0
2023-10-05 11:35:53.002 | INFO     | plantdisease.utils.trainers.trainer:before_train:69 -          MaxPool2d-7        [-1, 128, 112, 112]               0
2023-10-05 11:35:53.004 | INFO     | plantdisease.utils.trainers.trainer:before_train:69 -             Conv2d-8        [-1, 128, 112, 112]         147,584
2023-10-05 11:35:53.006 | INFO     | plantdisease.utils.trainers.trainer:before_train:69 -        BatchNorm2d-9        [-1, 128, 112, 112]             256
2023-10-05 11:35:53.007 | INFO     | plantdisease.utils.trainers.trainer:before_train:69 -              ReLU-10        [-1, 128, 112, 112]               0
2023-10-05 11:35:53.009 | INFO     | plantdisease.utils.trainers.trainer:before_train:69 -            Conv2d-11        [-1, 128, 112, 112]         147,584
2023-10-05 11:35:53.011 | INFO     | plantdisease.utils.trainers.trainer:before_train:69 -       BatchNorm2d-12        [-1, 128, 112, 112]             256
2023-10-05 11:35:53.012 | INFO     | plantdisease.utils.trainers.trainer:before_train:69 -              ReLU-13        [-1, 128, 112, 112]               0
2023-10-05 11:35:53.013 | INFO     | plantdisease.utils.trainers.trainer:before_train:69 -            Conv2d-14        [-1, 256, 112, 112]         590,080
2023-10-05 11:35:53.015 | INFO     | plantdisease.utils.trainers.trainer:before_train:69 -       BatchNorm2d-15        [-1, 256, 112, 112]             512
2023-10-05 11:35:53.016 | INFO     | plantdisease.utils.trainers.trainer:before_train:69 -              ReLU-16        [-1, 256, 112, 112]               0
2023-10-05 11:35:53.017 | INFO     | plantdisease.utils.trainers.trainer:before_train:69 -         MaxPool2d-17          [-1, 256, 56, 56]               0
2023-10-05 11:35:53.019 | INFO     | plantdisease.utils.trainers.trainer:before_train:69 -            Conv2d-18          [-1, 512, 56, 56]       1,180,160
2023-10-05 11:35:53.022 | INFO     | plantdisease.utils.trainers.trainer:before_train:69 -       BatchNorm2d-19          [-1, 512, 56, 56]           1,024
2023-10-05 11:35:53.024 | INFO     | plantdisease.utils.trainers.trainer:before_train:69 -              ReLU-20          [-1, 512, 56, 56]               0
2023-10-05 11:35:53.026 | INFO     | plantdisease.utils.trainers.trainer:before_train:69 -         MaxPool2d-21          [-1, 512, 28, 28]               0
2023-10-05 11:35:53.027 | INFO     | plantdisease.utils.trainers.trainer:before_train:69 -            Conv2d-22          [-1, 512, 28, 28]       2,359,808
2023-10-05 11:35:53.028 | INFO     | plantdisease.utils.trainers.trainer:before_train:69 -       BatchNorm2d-23          [-1, 512, 28, 28]           1,024
2023-10-05 11:35:53.030 | INFO     | plantdisease.utils.trainers.trainer:before_train:69 -              ReLU-24          [-1, 512, 28, 28]               0
2023-10-05 11:35:53.031 | INFO     | plantdisease.utils.trainers.trainer:before_train:69 -            Conv2d-25          [-1, 512, 28, 28]       2,359,808
2023-10-05 11:35:53.033 | INFO     | plantdisease.utils.trainers.trainer:before_train:69 -       BatchNorm2d-26          [-1, 512, 28, 28]           1,024
2023-10-05 11:35:53.034 | INFO     | plantdisease.utils.trainers.trainer:before_train:69 -              ReLU-27          [-1, 512, 28, 28]               0
2023-10-05 11:35:53.036 | INFO     | plantdisease.utils.trainers.trainer:before_train:69 -         MaxPool2d-28           [-1, 1024, 1, 1]               0
2023-10-05 11:35:53.037 | INFO     | plantdisease.utils.trainers.trainer:before_train:69 -           Flatten-29                 [-1, 1024]               0
2023-10-05 11:35:53.039 | INFO     | plantdisease.utils.trainers.trainer:before_train:69 -            Linear-30                   [-1, 39]          39,975
2023-10-05 11:35:53.040 | INFO     | plantdisease.utils.trainers.trainer:before_train:69 - ================================================================
2023-10-05 11:35:53.042 | INFO     | plantdisease.utils.trainers.trainer:before_train:69 - Total params: 6,905,127
2023-10-05 11:35:53.043 | INFO     | plantdisease.utils.trainers.trainer:before_train:69 - Trainable params: 6,905,127
2023-10-05 11:35:53.044 | INFO     | plantdisease.utils.trainers.trainer:before_train:69 - Non-trainable params: 0
2023-10-05 11:35:53.045 | INFO     | plantdisease.utils.trainers.trainer:before_train:69 - ----------------------------------------------------------------
2023-10-05 11:35:53.046 | INFO     | plantdisease.utils.trainers.trainer:before_train:69 - Input size (MB): 0.57
2023-10-05 11:35:53.047 | INFO     | plantdisease.utils.trainers.trainer:before_train:69 - Forward/backward pass size (MB): 444.08
2023-10-05 11:35:53.049 | INFO     | plantdisease.utils.trainers.trainer:before_train:69 - Params size (MB): 26.34
2023-10-05 11:35:53.050 | INFO     | plantdisease.utils.trainers.trainer:before_train:69 - Estimated Total Size (MB): 470.99
2023-10-05 11:35:53.051 | INFO     | plantdisease.utils.trainers.trainer:before_train:69 - ----------------------------------------------------------------
2023-10-05 11:35:53.052 | INFO     | plantdisease.utils.trainers.trainer:before_train:68 - Model Summary: None
2023-10-05 11:35:54.005 | INFO     | plantdisease.utils.trainers.trainer:before_train:89 - Starting the training process ...
2023-10-05 11:35:54.006 | INFO     | plantdisease.utils.trainers.trainer:before_train:90 - 
ResNet9(
  (relu): ReLU()
  (conv1): Conv2d(3, 64, kernel_size=(3, 3), stride=(1, 1), padding=(1, 1))
  (batchnorm1): BatchNorm2d(64, eps=1e-05, momentum=0.1, affine=True, track_running_stats=True)
  (conv2): Conv2d(64, 128, kernel_size=(3, 3), stride=(1, 1), padding=(1, 1))
  (batchnorm2): BatchNorm2d(128, eps=1e-05, momentum=0.1, affine=True, track_running_stats=True)
  (maxpool2): MaxPool2d(kernel_size=(2, 2), stride=(2, 2), padding=0, dilation=1, ceil_mode=False)
  (conv3_1): Conv2d(128, 128, kernel_size=(3, 3), stride=(1, 1), padding=(1, 1))
  (batchnorm3_1): BatchNorm2d(128, eps=1e-05, momentum=0.1, affine=True, track_running_stats=True)
  (conv3_2): Conv2d(128, 128, kernel_size=(3, 3), stride=(1, 1), padding=(1, 1))
  (batchnorm3_2): BatchNorm2d(128, eps=1e-05, momentum=0.1, affine=True, track_running_stats=True)
  (conv4): Conv2d(256, 256, kernel_size=(3, 3), stride=(1, 1), padding=(1, 1))
  (batchnorm4): BatchNorm2d(256, eps=1e-05, momentum=0.1, affine=True, track_running_stats=True)
  (maxpool4): MaxPool2d(kernel_size=(2, 2), stride=(2, 2), padding=0, dilation=1, ceil_mode=False)
  (conv5): Conv2d(256, 512, kernel_size=(3, 3), stride=(1, 1), padding=(1, 1))
  (batchnorm5): BatchNorm2d(512, eps=1e-05, momentum=0.1, affine=True, track_running_stats=True)
  (maxpool5): MaxPool2d(kernel_size=(2, 2), stride=(2, 2), padding=0, dilation=1, ceil_mode=False)
  (conv6_1): Conv2d(512, 512, kernel_size=(3, 3), stride=(1, 1), padding=(1, 1))
  (batchnorm6_1): BatchNorm2d(512, eps=1e-05, momentum=0.1, affine=True, track_running_stats=True)
  (conv6_2): Conv2d(512, 512, kernel_size=(3, 3), stride=(1, 1), padding=(1, 1))
  (batchnorm6_2): BatchNorm2d(512, eps=1e-05, momentum=0.1, affine=True, track_running_stats=True)
  (maxpool6): MaxPool2d(kernel_size=(28, 28), stride=(28, 28), padding=0, dilation=1, ceil_mode=False)
  (flatten): Flatten(start_dim=1, end_dim=-1)
  (out): Linear(in_features=1024, out_features=39, bias=True)
)
2023-10-05 11:35:54.310 | INFO     | plantdisease.utils.trainers.trainer:train_in_epoch:106 -  *** Start training epoch 1 ***
2023-10-05 11:36:02.373 | INFO     | tqdm.std:fp_write:455 - 
2023-10-05 11:36:02.373 | INFO     | tqdm.std:fp_write:455 - !
2023-10-05 11:36:02.375 | INFO     | tqdm.std:fp_write:455 - 
2023-10-05 11:36:02.375 | INFO     | tqdm.std:fp_write:455 - If DVC froze, see `hardlink_lock` in <[36mhttps://man.dvc.org/config#core[39m>
2023-10-05 11:36:02.844 | INFO     | tqdm.std:fp_write:455 - 
2023-10-05 11:36:02.845 | INFO     | tqdm.std:fp_write:455 - !
2023-10-05 11:36:02.848 | INFO     | tqdm.std:fp_write:455 - 
2023-10-05 11:36:02.848 | INFO     | tqdm.std:fp_write:455 - If DVC froze, see `hardlink_lock` in <[36mhttps://man.dvc.org/config#core[39m>
2023-10-05 11:36:03.046 | ERROR    | __main__:<module>:61 - An error has been caught in function '<module>', process 'MainProcess' (38171), thread 'MainThread' (139900940493888):
Traceback (most recent call last):

  File "/home/anastasija/Documents/IJS/Projects/PlantDiseaseDetection/Plant-Disease-Detection/plantdisease/utils/trainers/trainer.py", line 52, in train
    self.train_in_epoch()
    â”‚    â”” <function Trainer.train_in_epoch at 0x7f3c7bb6c8b0>
    â”” <plantdisease.utils.trainers.trainer.Trainer object at 0x7f3d3917fbb0>

  File "/home/anastasija/Documents/IJS/Projects/PlantDiseaseDetection/Plant-Disease-Detection/plantdisease/utils/trainers/trainer.py", line 131, in train_in_epoch
    live.log_metric("loss", loss)
    â”‚    â”‚                  â”” tensor(4.8969, grad_fn=<NllLossBackward0>)
    â”‚    â”” <function Live.log_metric at 0x7f3c7bb698b0>
    â”” <dvclive.live.Live object at 0x7f3c7b7e2c40>

  File "/home/anastasija/anaconda3/envs/env_plantDisease/lib/python3.8/site-packages/dvclive/live.py", line 333, in log_metric
    raise InvalidDataTypeError(name, type(val))
          â”‚                    â”‚          â”” tensor(4.8969, grad_fn=<NllLossBackward0>)
          â”‚                    â”” 'loss'
          â”” <class 'dvclive.error.InvalidDataTypeError'>

dvclive.error.InvalidDataTypeError: Data 'loss' has not supported type <class 'torch.Tensor'>


During handling of the above exception, another exception occurred:


Traceback (most recent call last):

  File "/home/anastasija/anaconda3/envs/env_plantDisease/lib/python3.8/runpy.py", line 194, in _run_module_as_main
    return _run_code(code, main_globals, None,
           â”‚         â”‚     â”” {'__name__': '__main__', '__doc__': None, '__package__': 'plantdisease.tools', '__loader__': <_frozen_importlib_external.Sour...
           â”‚         â”” <code object <module> at 0x7f3d39179190, file "/home/anastasija/Documents/IJS/Projects/PlantDiseaseDetection/Plant-Disease-De...
           â”” <function _run_code at 0x7f3d3916b310>
  File "/home/anastasija/anaconda3/envs/env_plantDisease/lib/python3.8/runpy.py", line 87, in _run_code
    exec(code, run_globals)
         â”‚     â”” {'__name__': '__main__', '__doc__': None, '__package__': 'plantdisease.tools', '__loader__': <_frozen_importlib_external.Sour...
         â”” <code object <module> at 0x7f3d39179190, file "/home/anastasija/Documents/IJS/Projects/PlantDiseaseDetection/Plant-Disease-De...

> File "/home/anastasija/Documents/IJS/Projects/PlantDiseaseDetection/Plant-Disease-Detection/plantdisease/tools/train.py", line 61, in <module>
    main(conf_cls, args_main)
    â”‚    â”‚         â”” Namespace(batch_size=8, ckpt=None, devices=1, exp_file='/home/anastasija/Documents/IJS/Projects/PlantDiseaseDetection/Plant-D...
    â”‚    â”” <class 'plantdisease.utils.plant_disease_class.PlantsClass'>
    â”” <function main at 0x7f3c870088b0>

  File "/home/anastasija/Documents/IJS/Projects/PlantDiseaseDetection/Plant-Disease-Detection/plantdisease/tools/train.py", line 52, in main
    trainer.train()
    â”‚       â”” <function Trainer.train at 0x7f3c7bb6c700>
    â”” <plantdisease.utils.trainers.trainer.Trainer object at 0x7f3d3917fbb0>

  File "/home/anastasija/Documents/IJS/Projects/PlantDiseaseDetection/Plant-Disease-Detection/plantdisease/utils/trainers/trainer.py", line 56, in train
    self.after_train()
    â”‚    â”” <function Trainer.after_train at 0x7f3c7bb6c820>
    â”” <plantdisease.utils.trainers.trainer.Trainer object at 0x7f3d3917fbb0>

  File "/home/anastasija/Documents/IJS/Projects/PlantDiseaseDetection/Plant-Disease-Detection/plantdisease/utils/trainers/trainer.py", line 94, in after_train
    "Training of experiment is done and the highest precision is {:.2f}".format(self.best_acc * 100)
                                                                                â”” <plantdisease.utils.trainers.trainer.Trainer object at 0x7f3d3917fbb0>

AttributeError: 'Trainer' object has no attribute 'best_acc'
2023-10-05 11:40:51.908 | INFO     | plantdisease.utils.trainers.trainer:before_train:59 - args: Namespace(batch_size=8, ckpt=None, devices=1, exp_file='/home/anastasija/Documents/IJS/Projects/PlantDiseaseDetection/Plant-Disease-Detection/plantdisease/utils/plant_disease_class.py', experiment_name='Experiment', fp16=True, machine_rank=0, name=None, num_machines=1)
2023-10-05 11:40:51.909 | INFO     | plantdisease.utils.trainers.trainer:before_train:60 - Basic class value:
<plantdisease.utils.plant_disease_class.PlantsClass object at 0x7faf4bb5a280>
2023-10-05 11:40:52.784 | INFO     | plantdisease.utils.trainers.trainer:before_train:69 - ----------------------------------------------------------------
2023-10-05 11:40:52.785 | INFO     | plantdisease.utils.trainers.trainer:before_train:69 -         Layer (type)               Output Shape         Param #
2023-10-05 11:40:52.787 | INFO     | plantdisease.utils.trainers.trainer:before_train:69 - ================================================================
2023-10-05 11:40:52.788 | INFO     | plantdisease.utils.trainers.trainer:before_train:69 -             Conv2d-1         [-1, 64, 224, 224]           1,792
2023-10-05 11:40:52.789 | INFO     | plantdisease.utils.trainers.trainer:before_train:69 -        BatchNorm2d-2         [-1, 64, 224, 224]             128
2023-10-05 11:40:52.790 | INFO     | plantdisease.utils.trainers.trainer:before_train:69 -               ReLU-3         [-1, 64, 224, 224]               0
2023-10-05 11:40:52.791 | INFO     | plantdisease.utils.trainers.trainer:before_train:69 -             Conv2d-4        [-1, 128, 224, 224]          73,856
2023-10-05 11:40:52.792 | INFO     | plantdisease.utils.trainers.trainer:before_train:69 -        BatchNorm2d-5        [-1, 128, 224, 224]             256
2023-10-05 11:40:52.794 | INFO     | plantdisease.utils.trainers.trainer:before_train:69 -               ReLU-6        [-1, 128, 224, 224]               0
2023-10-05 11:40:52.796 | INFO     | plantdisease.utils.trainers.trainer:before_train:69 -          MaxPool2d-7        [-1, 128, 112, 112]               0
2023-10-05 11:40:52.798 | INFO     | plantdisease.utils.trainers.trainer:before_train:69 -             Conv2d-8        [-1, 128, 112, 112]         147,584
2023-10-05 11:40:52.799 | INFO     | plantdisease.utils.trainers.trainer:before_train:69 -        BatchNorm2d-9        [-1, 128, 112, 112]             256
2023-10-05 11:40:52.800 | INFO     | plantdisease.utils.trainers.trainer:before_train:69 -              ReLU-10        [-1, 128, 112, 112]               0
2023-10-05 11:40:52.801 | INFO     | plantdisease.utils.trainers.trainer:before_train:69 -            Conv2d-11        [-1, 128, 112, 112]         147,584
2023-10-05 11:40:52.802 | INFO     | plantdisease.utils.trainers.trainer:before_train:69 -       BatchNorm2d-12        [-1, 128, 112, 112]             256
2023-10-05 11:40:52.803 | INFO     | plantdisease.utils.trainers.trainer:before_train:69 -              ReLU-13        [-1, 128, 112, 112]               0
2023-10-05 11:40:52.805 | INFO     | plantdisease.utils.trainers.trainer:before_train:69 -            Conv2d-14        [-1, 256, 112, 112]         590,080
2023-10-05 11:40:52.806 | INFO     | plantdisease.utils.trainers.trainer:before_train:69 -       BatchNorm2d-15        [-1, 256, 112, 112]             512
2023-10-05 11:40:52.808 | INFO     | plantdisease.utils.trainers.trainer:before_train:69 -              ReLU-16        [-1, 256, 112, 112]               0
2023-10-05 11:40:52.810 | INFO     | plantdisease.utils.trainers.trainer:before_train:69 -         MaxPool2d-17          [-1, 256, 56, 56]               0
2023-10-05 11:40:52.811 | INFO     | plantdisease.utils.trainers.trainer:before_train:69 -            Conv2d-18          [-1, 512, 56, 56]       1,180,160
2023-10-05 11:40:52.813 | INFO     | plantdisease.utils.trainers.trainer:before_train:69 -       BatchNorm2d-19          [-1, 512, 56, 56]           1,024
2023-10-05 11:40:52.814 | INFO     | plantdisease.utils.trainers.trainer:before_train:69 -              ReLU-20          [-1, 512, 56, 56]               0
2023-10-05 11:40:52.815 | INFO     | plantdisease.utils.trainers.trainer:before_train:69 -         MaxPool2d-21          [-1, 512, 28, 28]               0
2023-10-05 11:40:52.817 | INFO     | plantdisease.utils.trainers.trainer:before_train:69 -            Conv2d-22          [-1, 512, 28, 28]       2,359,808
2023-10-05 11:40:52.818 | INFO     | plantdisease.utils.trainers.trainer:before_train:69 -       BatchNorm2d-23          [-1, 512, 28, 28]           1,024
2023-10-05 11:40:52.819 | INFO     | plantdisease.utils.trainers.trainer:before_train:69 -              ReLU-24          [-1, 512, 28, 28]               0
2023-10-05 11:40:52.820 | INFO     | plantdisease.utils.trainers.trainer:before_train:69 -            Conv2d-25          [-1, 512, 28, 28]       2,359,808
2023-10-05 11:40:52.822 | INFO     | plantdisease.utils.trainers.trainer:before_train:69 -       BatchNorm2d-26          [-1, 512, 28, 28]           1,024
2023-10-05 11:40:52.824 | INFO     | plantdisease.utils.trainers.trainer:before_train:69 -              ReLU-27          [-1, 512, 28, 28]               0
2023-10-05 11:40:52.825 | INFO     | plantdisease.utils.trainers.trainer:before_train:69 -         MaxPool2d-28           [-1, 1024, 1, 1]               0
2023-10-05 11:40:52.827 | INFO     | plantdisease.utils.trainers.trainer:before_train:69 -           Flatten-29                 [-1, 1024]               0
2023-10-05 11:40:52.829 | INFO     | plantdisease.utils.trainers.trainer:before_train:69 -            Linear-30                   [-1, 39]          39,975
2023-10-05 11:40:52.831 | INFO     | plantdisease.utils.trainers.trainer:before_train:69 - ================================================================
2023-10-05 11:40:52.832 | INFO     | plantdisease.utils.trainers.trainer:before_train:69 - Total params: 6,905,127
2023-10-05 11:40:52.833 | INFO     | plantdisease.utils.trainers.trainer:before_train:69 - Trainable params: 6,905,127
2023-10-05 11:40:52.835 | INFO     | plantdisease.utils.trainers.trainer:before_train:69 - Non-trainable params: 0
2023-10-05 11:40:52.836 | INFO     | plantdisease.utils.trainers.trainer:before_train:69 - ----------------------------------------------------------------
2023-10-05 11:40:52.837 | INFO     | plantdisease.utils.trainers.trainer:before_train:69 - Input size (MB): 0.57
2023-10-05 11:40:52.839 | INFO     | plantdisease.utils.trainers.trainer:before_train:69 - Forward/backward pass size (MB): 444.08
2023-10-05 11:40:52.840 | INFO     | plantdisease.utils.trainers.trainer:before_train:69 - Params size (MB): 26.34
2023-10-05 11:40:52.842 | INFO     | plantdisease.utils.trainers.trainer:before_train:69 - Estimated Total Size (MB): 470.99
2023-10-05 11:40:52.843 | INFO     | plantdisease.utils.trainers.trainer:before_train:69 - ----------------------------------------------------------------
2023-10-05 11:40:52.844 | INFO     | plantdisease.utils.trainers.trainer:before_train:68 - Model Summary: None
2023-10-05 11:40:53.773 | INFO     | plantdisease.utils.trainers.trainer:before_train:89 - Starting the training process ...
2023-10-05 11:40:53.774 | INFO     | plantdisease.utils.trainers.trainer:before_train:90 - 
ResNet9(
  (relu): ReLU()
  (conv1): Conv2d(3, 64, kernel_size=(3, 3), stride=(1, 1), padding=(1, 1))
  (batchnorm1): BatchNorm2d(64, eps=1e-05, momentum=0.1, affine=True, track_running_stats=True)
  (conv2): Conv2d(64, 128, kernel_size=(3, 3), stride=(1, 1), padding=(1, 1))
  (batchnorm2): BatchNorm2d(128, eps=1e-05, momentum=0.1, affine=True, track_running_stats=True)
  (maxpool2): MaxPool2d(kernel_size=(2, 2), stride=(2, 2), padding=0, dilation=1, ceil_mode=False)
  (conv3_1): Conv2d(128, 128, kernel_size=(3, 3), stride=(1, 1), padding=(1, 1))
  (batchnorm3_1): BatchNorm2d(128, eps=1e-05, momentum=0.1, affine=True, track_running_stats=True)
  (conv3_2): Conv2d(128, 128, kernel_size=(3, 3), stride=(1, 1), padding=(1, 1))
  (batchnorm3_2): BatchNorm2d(128, eps=1e-05, momentum=0.1, affine=True, track_running_stats=True)
  (conv4): Conv2d(256, 256, kernel_size=(3, 3), stride=(1, 1), padding=(1, 1))
  (batchnorm4): BatchNorm2d(256, eps=1e-05, momentum=0.1, affine=True, track_running_stats=True)
  (maxpool4): MaxPool2d(kernel_size=(2, 2), stride=(2, 2), padding=0, dilation=1, ceil_mode=False)
  (conv5): Conv2d(256, 512, kernel_size=(3, 3), stride=(1, 1), padding=(1, 1))
  (batchnorm5): BatchNorm2d(512, eps=1e-05, momentum=0.1, affine=True, track_running_stats=True)
  (maxpool5): MaxPool2d(kernel_size=(2, 2), stride=(2, 2), padding=0, dilation=1, ceil_mode=False)
  (conv6_1): Conv2d(512, 512, kernel_size=(3, 3), stride=(1, 1), padding=(1, 1))
  (batchnorm6_1): BatchNorm2d(512, eps=1e-05, momentum=0.1, affine=True, track_running_stats=True)
  (conv6_2): Conv2d(512, 512, kernel_size=(3, 3), stride=(1, 1), padding=(1, 1))
  (batchnorm6_2): BatchNorm2d(512, eps=1e-05, momentum=0.1, affine=True, track_running_stats=True)
  (maxpool6): MaxPool2d(kernel_size=(28, 28), stride=(28, 28), padding=0, dilation=1, ceil_mode=False)
  (flatten): Flatten(start_dim=1, end_dim=-1)
  (out): Linear(in_features=1024, out_features=39, bias=True)
)
2023-10-05 11:40:54.074 | INFO     | plantdisease.utils.trainers.trainer:train_in_epoch:106 -  *** Start training epoch 1 ***
2023-10-05 11:41:01.407 | INFO     | tqdm.std:fp_write:455 - 
2023-10-05 11:41:01.409 | INFO     | tqdm.std:fp_write:455 - !
2023-10-05 11:41:01.412 | INFO     | tqdm.std:fp_write:455 - 
2023-10-05 11:41:01.413 | INFO     | tqdm.std:fp_write:455 - If DVC froze, see `hardlink_lock` in <[36mhttps://man.dvc.org/config#core[39m>
2023-10-05 11:41:01.842 | INFO     | tqdm.std:fp_write:455 - 
2023-10-05 11:41:01.843 | INFO     | tqdm.std:fp_write:455 - !
2023-10-05 11:41:01.847 | INFO     | tqdm.std:fp_write:455 - 
2023-10-05 11:41:01.848 | INFO     | tqdm.std:fp_write:455 - If DVC froze, see `hardlink_lock` in <[36mhttps://man.dvc.org/config#core[39m>
2023-10-05 11:41:02.045 | ERROR    | __main__:<module>:61 - An error has been caught in function '<module>', process 'MainProcess' (39546), thread 'MainThread' (140393834730560):
Traceback (most recent call last):

  File "/home/anastasija/Documents/IJS/Projects/PlantDiseaseDetection/Plant-Disease-Detection/plantdisease/utils/trainers/trainer.py", line 52, in train
    self.train_in_epoch()
    â”‚    â”” <function Trainer.train_in_epoch at 0x7faf3e36b8b0>
    â”” <plantdisease.utils.trainers.trainer.Trainer object at 0x7faffbdc0bb0>

  File "/home/anastasija/Documents/IJS/Projects/PlantDiseaseDetection/Plant-Disease-Detection/plantdisease/utils/trainers/trainer.py", line 131, in train_in_epoch
    live.log_metric("loss", loss.float())
    â”‚    â”‚                  â”‚    â”” <method 'float' of 'torch._C._TensorBase' objects>
    â”‚    â”‚                  â”” tensor(4.1485, grad_fn=<NllLossBackward0>)
    â”‚    â”” <function Live.log_metric at 0x7faf3e3698b0>
    â”” <dvclive.live.Live object at 0x7faf2c32d910>

  File "/home/anastasija/anaconda3/envs/env_plantDisease/lib/python3.8/site-packages/dvclive/live.py", line 333, in log_metric
    raise InvalidDataTypeError(name, type(val))
          â”‚                    â”‚          â”” tensor(4.1485, grad_fn=<NllLossBackward0>)
          â”‚                    â”” 'loss'
          â”” <class 'dvclive.error.InvalidDataTypeError'>

dvclive.error.InvalidDataTypeError: Data 'loss' has not supported type <class 'torch.Tensor'>


During handling of the above exception, another exception occurred:


Traceback (most recent call last):

  File "/home/anastasija/anaconda3/envs/env_plantDisease/lib/python3.8/runpy.py", line 194, in _run_module_as_main
    return _run_code(code, main_globals, None,
           â”‚         â”‚     â”” {'__name__': '__main__', '__doc__': None, '__package__': 'plantdisease.tools', '__loader__': <_frozen_importlib_external.Sour...
           â”‚         â”” <code object <module> at 0x7faffbe3a190, file "/home/anastasija/Documents/IJS/Projects/PlantDiseaseDetection/Plant-Disease-De...
           â”” <function _run_code at 0x7faffbe2b310>
  File "/home/anastasija/anaconda3/envs/env_plantDisease/lib/python3.8/runpy.py", line 87, in _run_code
    exec(code, run_globals)
         â”‚     â”” {'__name__': '__main__', '__doc__': None, '__package__': 'plantdisease.tools', '__loader__': <_frozen_importlib_external.Sour...
         â”” <code object <module> at 0x7faffbe3a190, file "/home/anastasija/Documents/IJS/Projects/PlantDiseaseDetection/Plant-Disease-De...

> File "/home/anastasija/Documents/IJS/Projects/PlantDiseaseDetection/Plant-Disease-Detection/plantdisease/tools/train.py", line 61, in <module>
    main(conf_cls, args_main)
    â”‚    â”‚         â”” Namespace(batch_size=8, ckpt=None, devices=1, exp_file='/home/anastasija/Documents/IJS/Projects/PlantDiseaseDetection/Plant-D...
    â”‚    â”” <class 'plantdisease.utils.plant_disease_class.PlantsClass'>
    â”” <function main at 0x7faf49c888b0>

  File "/home/anastasija/Documents/IJS/Projects/PlantDiseaseDetection/Plant-Disease-Detection/plantdisease/tools/train.py", line 52, in main
    trainer.train()
    â”‚       â”” <function Trainer.train at 0x7faf3e36b700>
    â”” <plantdisease.utils.trainers.trainer.Trainer object at 0x7faffbdc0bb0>

  File "/home/anastasija/Documents/IJS/Projects/PlantDiseaseDetection/Plant-Disease-Detection/plantdisease/utils/trainers/trainer.py", line 56, in train
    self.after_train()
    â”‚    â”” <function Trainer.after_train at 0x7faf3e36b820>
    â”” <plantdisease.utils.trainers.trainer.Trainer object at 0x7faffbdc0bb0>

  File "/home/anastasija/Documents/IJS/Projects/PlantDiseaseDetection/Plant-Disease-Detection/plantdisease/utils/trainers/trainer.py", line 94, in after_train
    "Training of experiment is done and the highest precision is {:.2f}".format(self.best_acc * 100)
                                                                                â”” <plantdisease.utils.trainers.trainer.Trainer object at 0x7faffbdc0bb0>

AttributeError: 'Trainer' object has no attribute 'best_acc'
2023-10-05 11:42:32.701 | INFO     | plantdisease.utils.trainers.trainer:before_train:59 - args: Namespace(batch_size=8, ckpt=None, devices=1, exp_file='/home/anastasija/Documents/IJS/Projects/PlantDiseaseDetection/Plant-Disease-Detection/plantdisease/utils/plant_disease_class.py', experiment_name='Experiment', fp16=True, machine_rank=0, name=None, num_machines=1)
2023-10-05 11:42:32.701 | INFO     | plantdisease.utils.trainers.trainer:before_train:60 - Basic class value:
<plantdisease.utils.plant_disease_class.PlantsClass object at 0x7efcf5e5a2b0>
2023-10-05 11:42:33.573 | INFO     | plantdisease.utils.trainers.trainer:before_train:69 - ----------------------------------------------------------------
2023-10-05 11:42:33.574 | INFO     | plantdisease.utils.trainers.trainer:before_train:69 -         Layer (type)               Output Shape         Param #
2023-10-05 11:42:33.575 | INFO     | plantdisease.utils.trainers.trainer:before_train:69 - ================================================================
2023-10-05 11:42:33.576 | INFO     | plantdisease.utils.trainers.trainer:before_train:69 -             Conv2d-1         [-1, 64, 224, 224]           1,792
2023-10-05 11:42:33.577 | INFO     | plantdisease.utils.trainers.trainer:before_train:69 -        BatchNorm2d-2         [-1, 64, 224, 224]             128
2023-10-05 11:42:33.578 | INFO     | plantdisease.utils.trainers.trainer:before_train:69 -               ReLU-3         [-1, 64, 224, 224]               0
2023-10-05 11:42:33.580 | INFO     | plantdisease.utils.trainers.trainer:before_train:69 -             Conv2d-4        [-1, 128, 224, 224]          73,856
2023-10-05 11:42:33.581 | INFO     | plantdisease.utils.trainers.trainer:before_train:69 -        BatchNorm2d-5        [-1, 128, 224, 224]             256
2023-10-05 11:42:33.583 | INFO     | plantdisease.utils.trainers.trainer:before_train:69 -               ReLU-6        [-1, 128, 224, 224]               0
2023-10-05 11:42:33.585 | INFO     | plantdisease.utils.trainers.trainer:before_train:69 -          MaxPool2d-7        [-1, 128, 112, 112]               0
2023-10-05 11:42:33.586 | INFO     | plantdisease.utils.trainers.trainer:before_train:69 -             Conv2d-8        [-1, 128, 112, 112]         147,584
2023-10-05 11:42:33.589 | INFO     | plantdisease.utils.trainers.trainer:before_train:69 -        BatchNorm2d-9        [-1, 128, 112, 112]             256
2023-10-05 11:42:33.591 | INFO     | plantdisease.utils.trainers.trainer:before_train:69 -              ReLU-10        [-1, 128, 112, 112]               0
2023-10-05 11:42:33.592 | INFO     | plantdisease.utils.trainers.trainer:before_train:69 -            Conv2d-11        [-1, 128, 112, 112]         147,584
2023-10-05 11:42:33.595 | INFO     | plantdisease.utils.trainers.trainer:before_train:69 -       BatchNorm2d-12        [-1, 128, 112, 112]             256
2023-10-05 11:42:33.597 | INFO     | plantdisease.utils.trainers.trainer:before_train:69 -              ReLU-13        [-1, 128, 112, 112]               0
2023-10-05 11:42:33.599 | INFO     | plantdisease.utils.trainers.trainer:before_train:69 -            Conv2d-14        [-1, 256, 112, 112]         590,080
2023-10-05 11:42:33.601 | INFO     | plantdisease.utils.trainers.trainer:before_train:69 -       BatchNorm2d-15        [-1, 256, 112, 112]             512
2023-10-05 11:42:33.602 | INFO     | plantdisease.utils.trainers.trainer:before_train:69 -              ReLU-16        [-1, 256, 112, 112]               0
2023-10-05 11:42:33.604 | INFO     | plantdisease.utils.trainers.trainer:before_train:69 -         MaxPool2d-17          [-1, 256, 56, 56]               0
2023-10-05 11:42:33.605 | INFO     | plantdisease.utils.trainers.trainer:before_train:69 -            Conv2d-18          [-1, 512, 56, 56]       1,180,160
2023-10-05 11:42:33.607 | INFO     | plantdisease.utils.trainers.trainer:before_train:69 -       BatchNorm2d-19          [-1, 512, 56, 56]           1,024
2023-10-05 11:42:33.608 | INFO     | plantdisease.utils.trainers.trainer:before_train:69 -              ReLU-20          [-1, 512, 56, 56]               0
2023-10-05 11:42:33.609 | INFO     | plantdisease.utils.trainers.trainer:before_train:69 -         MaxPool2d-21          [-1, 512, 28, 28]               0
2023-10-05 11:42:33.612 | INFO     | plantdisease.utils.trainers.trainer:before_train:69 -            Conv2d-22          [-1, 512, 28, 28]       2,359,808
2023-10-05 11:42:33.614 | INFO     | plantdisease.utils.trainers.trainer:before_train:69 -       BatchNorm2d-23          [-1, 512, 28, 28]           1,024
2023-10-05 11:42:33.616 | INFO     | plantdisease.utils.trainers.trainer:before_train:69 -              ReLU-24          [-1, 512, 28, 28]               0
2023-10-05 11:42:33.619 | INFO     | plantdisease.utils.trainers.trainer:before_train:69 -            Conv2d-25          [-1, 512, 28, 28]       2,359,808
2023-10-05 11:42:33.620 | INFO     | plantdisease.utils.trainers.trainer:before_train:69 -       BatchNorm2d-26          [-1, 512, 28, 28]           1,024
2023-10-05 11:42:33.622 | INFO     | plantdisease.utils.trainers.trainer:before_train:69 -              ReLU-27          [-1, 512, 28, 28]               0
2023-10-05 11:42:33.623 | INFO     | plantdisease.utils.trainers.trainer:before_train:69 -         MaxPool2d-28           [-1, 1024, 1, 1]               0
2023-10-05 11:42:33.625 | INFO     | plantdisease.utils.trainers.trainer:before_train:69 -           Flatten-29                 [-1, 1024]               0
2023-10-05 11:42:33.626 | INFO     | plantdisease.utils.trainers.trainer:before_train:69 -            Linear-30                   [-1, 39]          39,975
2023-10-05 11:42:33.628 | INFO     | plantdisease.utils.trainers.trainer:before_train:69 - ================================================================
2023-10-05 11:42:33.630 | INFO     | plantdisease.utils.trainers.trainer:before_train:69 - Total params: 6,905,127
2023-10-05 11:42:33.632 | INFO     | plantdisease.utils.trainers.trainer:before_train:69 - Trainable params: 6,905,127
2023-10-05 11:42:33.634 | INFO     | plantdisease.utils.trainers.trainer:before_train:69 - Non-trainable params: 0
2023-10-05 11:42:33.636 | INFO     | plantdisease.utils.trainers.trainer:before_train:69 - ----------------------------------------------------------------
2023-10-05 11:42:33.638 | INFO     | plantdisease.utils.trainers.trainer:before_train:69 - Input size (MB): 0.57
2023-10-05 11:42:33.640 | INFO     | plantdisease.utils.trainers.trainer:before_train:69 - Forward/backward pass size (MB): 444.08
2023-10-05 11:42:33.642 | INFO     | plantdisease.utils.trainers.trainer:before_train:69 - Params size (MB): 26.34
2023-10-05 11:42:33.643 | INFO     | plantdisease.utils.trainers.trainer:before_train:69 - Estimated Total Size (MB): 470.99
2023-10-05 11:42:33.645 | INFO     | plantdisease.utils.trainers.trainer:before_train:69 - ----------------------------------------------------------------
2023-10-05 11:42:33.645 | INFO     | plantdisease.utils.trainers.trainer:before_train:68 - Model Summary: None
2023-10-05 11:42:34.584 | INFO     | plantdisease.utils.trainers.trainer:before_train:89 - Starting the training process ...
2023-10-05 11:42:34.585 | INFO     | plantdisease.utils.trainers.trainer:before_train:90 - 
ResNet9(
  (relu): ReLU()
  (conv1): Conv2d(3, 64, kernel_size=(3, 3), stride=(1, 1), padding=(1, 1))
  (batchnorm1): BatchNorm2d(64, eps=1e-05, momentum=0.1, affine=True, track_running_stats=True)
  (conv2): Conv2d(64, 128, kernel_size=(3, 3), stride=(1, 1), padding=(1, 1))
  (batchnorm2): BatchNorm2d(128, eps=1e-05, momentum=0.1, affine=True, track_running_stats=True)
  (maxpool2): MaxPool2d(kernel_size=(2, 2), stride=(2, 2), padding=0, dilation=1, ceil_mode=False)
  (conv3_1): Conv2d(128, 128, kernel_size=(3, 3), stride=(1, 1), padding=(1, 1))
  (batchnorm3_1): BatchNorm2d(128, eps=1e-05, momentum=0.1, affine=True, track_running_stats=True)
  (conv3_2): Conv2d(128, 128, kernel_size=(3, 3), stride=(1, 1), padding=(1, 1))
  (batchnorm3_2): BatchNorm2d(128, eps=1e-05, momentum=0.1, affine=True, track_running_stats=True)
  (conv4): Conv2d(256, 256, kernel_size=(3, 3), stride=(1, 1), padding=(1, 1))
  (batchnorm4): BatchNorm2d(256, eps=1e-05, momentum=0.1, affine=True, track_running_stats=True)
  (maxpool4): MaxPool2d(kernel_size=(2, 2), stride=(2, 2), padding=0, dilation=1, ceil_mode=False)
  (conv5): Conv2d(256, 512, kernel_size=(3, 3), stride=(1, 1), padding=(1, 1))
  (batchnorm5): BatchNorm2d(512, eps=1e-05, momentum=0.1, affine=True, track_running_stats=True)
  (maxpool5): MaxPool2d(kernel_size=(2, 2), stride=(2, 2), padding=0, dilation=1, ceil_mode=False)
  (conv6_1): Conv2d(512, 512, kernel_size=(3, 3), stride=(1, 1), padding=(1, 1))
  (batchnorm6_1): BatchNorm2d(512, eps=1e-05, momentum=0.1, affine=True, track_running_stats=True)
  (conv6_2): Conv2d(512, 512, kernel_size=(3, 3), stride=(1, 1), padding=(1, 1))
  (batchnorm6_2): BatchNorm2d(512, eps=1e-05, momentum=0.1, affine=True, track_running_stats=True)
  (maxpool6): MaxPool2d(kernel_size=(28, 28), stride=(28, 28), padding=0, dilation=1, ceil_mode=False)
  (flatten): Flatten(start_dim=1, end_dim=-1)
  (out): Linear(in_features=1024, out_features=39, bias=True)
)
2023-10-05 11:42:34.875 | INFO     | plantdisease.utils.trainers.trainer:train_in_epoch:106 -  *** Start training epoch 1 ***
2023-10-05 11:42:42.684 | INFO     | plantdisease.utils.trainers.trainer:train_in_epoch:136 - Epoch: 0/10, iter: 1/5546, loss: 4.600144386291504, learning rate: 0.05, training time: 7.7126100063323975 s
2023-10-05 11:42:50.968 | INFO     | plantdisease.utils.trainers.trainer:train_in_epoch:136 - Epoch: 0/10, iter: 2/5546, loss: 4.663593292236328, learning rate: 0.0625, training time: 8.278740406036377 s
2023-10-05 11:43:00.350 | INFO     | plantdisease.utils.trainers.trainer:train_in_epoch:136 - Epoch: 0/10, iter: 3/5546, loss: 5.465183258056641, learning rate: 0.075, training time: 9.376457691192627 s
2023-10-05 11:43:11.472 | INFO     | plantdisease.utils.trainers.trainer:train_in_epoch:136 - Epoch: 0/10, iter: 4/5546, loss: 4.433034896850586, learning rate: 0.08750000000000001, training time: 11.115390539169312 s
2023-10-05 11:43:22.774 | INFO     | plantdisease.utils.trainers.trainer:train_in_epoch:136 - Epoch: 0/10, iter: 5/5546, loss: 5.780250549316406, learning rate: 0.1, training time: 11.296603441238403 s
2023-10-05 11:43:33.272 | INFO     | plantdisease.utils.trainers.trainer:train_in_epoch:136 - Epoch: 0/10, iter: 6/5546, loss: 5.160053253173828, learning rate: 0.1, training time: 10.491889953613281 s
2023-10-05 11:43:43.105 | INFO     | plantdisease.utils.trainers.trainer:train_in_epoch:136 - Epoch: 0/10, iter: 7/5546, loss: 5.015466213226318, learning rate: 0.1, training time: 9.827192068099976 s
2023-10-05 11:43:53.941 | INFO     | plantdisease.utils.trainers.trainer:train_in_epoch:136 - Epoch: 0/10, iter: 8/5546, loss: 5.222757339477539, learning rate: 0.1, training time: 10.830627202987671 s
2023-10-05 11:44:06.464 | INFO     | plantdisease.utils.trainers.trainer:train_in_epoch:136 - Epoch: 0/10, iter: 9/5546, loss: 5.365077018737793, learning rate: 0.1, training time: 12.517120838165283 s
2023-10-05 11:44:17.216 | INFO     | plantdisease.utils.trainers.trainer:train_in_epoch:136 - Epoch: 0/10, iter: 10/5546, loss: 5.332772254943848, learning rate: 0.1, training time: 10.737340688705444 s
2023-10-05 11:44:27.686 | INFO     | plantdisease.utils.trainers.trainer:train_in_epoch:136 - Epoch: 0/10, iter: 11/5546, loss: 4.353819847106934, learning rate: 0.1, training time: 10.463699102401733 s
2023-10-05 11:44:38.997 | INFO     | tqdm.std:fp_write:455 - 
2023-10-05 11:44:38.997 | INFO     | tqdm.std:fp_write:455 - !
2023-10-05 11:44:39.000 | INFO     | tqdm.std:fp_write:455 - 
2023-10-05 11:44:39.001 | INFO     | tqdm.std:fp_write:455 - If DVC froze, see `hardlink_lock` in <[36mhttps://man.dvc.org/config#core[39m>
2023-10-05 11:44:39.770 | INFO     | tqdm.std:fp_write:455 - 
2023-10-05 11:44:39.771 | INFO     | tqdm.std:fp_write:455 - !
2023-10-05 11:44:39.776 | INFO     | tqdm.std:fp_write:455 - 
2023-10-05 11:44:39.777 | INFO     | tqdm.std:fp_write:455 - If DVC froze, see `hardlink_lock` in <[36mhttps://man.dvc.org/config#core[39m>
2023-10-05 11:44:40.094 | ERROR    | __main__:<module>:61 - An error has been caught in function '<module>', process 'MainProcess' (40258), thread 'MainThread' (139627890766912):
Traceback (most recent call last):

  File "/home/anastasija/Documents/IJS/Projects/PlantDiseaseDetection/Plant-Disease-Detection/plantdisease/utils/trainers/trainer.py", line 52, in train
    self.train_in_epoch()
    â”‚    â”” <function Trainer.train_in_epoch at 0x7efce876b8b0>
    â”” <plantdisease.utils.trainers.trainer.Trainer object at 0x7efda611abb0>

  File "/home/anastasija/Documents/IJS/Projects/PlantDiseaseDetection/Plant-Disease-Detection/plantdisease/utils/trainers/trainer.py", line 119, in train_in_epoch
    loss.backward()
    â”‚    â”” <function Tensor.backward at 0x7efd6d68c5e0>
    â”” tensor(5.8493, grad_fn=<NllLossBackward0>)

  File "/home/anastasija/anaconda3/envs/env_plantDisease/lib/python3.8/site-packages/torch/_tensor.py", line 487, in backward
    torch.autograd.backward(
    â”‚     â”‚        â”” <function backward at 0x7efd530f1d30>
    â”‚     â”” <module 'torch.autograd' from '/home/anastasija/anaconda3/envs/env_plantDisease/lib/python3.8/site-packages/torch/autograd/__...
    â”” <module 'torch' from '/home/anastasija/anaconda3/envs/env_plantDisease/lib/python3.8/site-packages/torch/__init__.py'>
  File "/home/anastasija/anaconda3/envs/env_plantDisease/lib/python3.8/site-packages/torch/autograd/__init__.py", line 200, in backward
    Variable._execution_engine.run_backward(  # Calls into the C++ engine to run the backward pass
    â”‚        â”‚                 â”” <method 'run_backward' of 'torch._C._EngineBase' objects>
    â”‚        â”” <torch._C._EngineBase object at 0x7efd8b3c8dd0>
    â”” <class 'torch.autograd.variable.Variable'>

KeyboardInterrupt


During handling of the above exception, another exception occurred:


Traceback (most recent call last):

  File "/home/anastasija/anaconda3/envs/env_plantDisease/lib/python3.8/runpy.py", line 194, in _run_module_as_main
    return _run_code(code, main_globals, None,
           â”‚         â”‚     â”” {'__name__': '__main__', '__doc__': None, '__package__': 'plantdisease.tools', '__loader__': <_frozen_importlib_external.Sour...
           â”‚         â”” <code object <module> at 0x7efda6115190, file "/home/anastasija/Documents/IJS/Projects/PlantDiseaseDetection/Plant-Disease-De...
           â”” <function _run_code at 0x7efda6106310>
  File "/home/anastasija/anaconda3/envs/env_plantDisease/lib/python3.8/runpy.py", line 87, in _run_code
    exec(code, run_globals)
         â”‚     â”” {'__name__': '__main__', '__doc__': None, '__package__': 'plantdisease.tools', '__loader__': <_frozen_importlib_external.Sour...
         â”” <code object <module> at 0x7efda6115190, file "/home/anastasija/Documents/IJS/Projects/PlantDiseaseDetection/Plant-Disease-De...

> File "/home/anastasija/Documents/IJS/Projects/PlantDiseaseDetection/Plant-Disease-Detection/plantdisease/tools/train.py", line 61, in <module>
    main(conf_cls, args_main)
    â”‚    â”‚         â”” Namespace(batch_size=8, ckpt=None, devices=1, exp_file='/home/anastasija/Documents/IJS/Projects/PlantDiseaseDetection/Plant-D...
    â”‚    â”” <class 'plantdisease.utils.plant_disease_class.PlantsClass'>
    â”” <function main at 0x7efcf3f888b0>

  File "/home/anastasija/Documents/IJS/Projects/PlantDiseaseDetection/Plant-Disease-Detection/plantdisease/tools/train.py", line 52, in main
    trainer.train()
    â”‚       â”” <function Trainer.train at 0x7efce876b700>
    â”” <plantdisease.utils.trainers.trainer.Trainer object at 0x7efda611abb0>

  File "/home/anastasija/Documents/IJS/Projects/PlantDiseaseDetection/Plant-Disease-Detection/plantdisease/utils/trainers/trainer.py", line 56, in train
    self.after_train()
    â”‚    â”” <function Trainer.after_train at 0x7efce876b820>
    â”” <plantdisease.utils.trainers.trainer.Trainer object at 0x7efda611abb0>

  File "/home/anastasija/Documents/IJS/Projects/PlantDiseaseDetection/Plant-Disease-Detection/plantdisease/utils/trainers/trainer.py", line 94, in after_train
    "Training of experiment is done and the highest precision is {:.2f}".format(self.best_acc * 100)
                                                                                â”” <plantdisease.utils.trainers.trainer.Trainer object at 0x7efda611abb0>

AttributeError: 'Trainer' object has no attribute 'best_acc'
2023-10-05 11:52:40.071 | INFO     | plantdisease.utils.trainers.trainer:before_train:59 - args: Namespace(batch_size=8, ckpt=None, devices=1, exp_file='/home/anastasija/Documents/IJS/Projects/PlantDiseaseDetection/Plant-Disease-Detection/plantdisease/utils/plant_disease_class.py', experiment_name='Experiment', fp16=True, machine_rank=0, name=None, num_machines=1)
2023-10-05 11:52:40.071 | INFO     | plantdisease.utils.trainers.trainer:before_train:60 - Basic class value:
<plantdisease.utils.plant_disease_class.PlantsClass object at 0x7f3f1839b2b0>
2023-10-05 11:52:40.969 | INFO     | plantdisease.utils.trainers.trainer:before_train:69 - ----------------------------------------------------------------
2023-10-05 11:52:40.970 | INFO     | plantdisease.utils.trainers.trainer:before_train:69 -         Layer (type)               Output Shape         Param #
2023-10-05 11:52:40.971 | INFO     | plantdisease.utils.trainers.trainer:before_train:69 - ================================================================
2023-10-05 11:52:40.972 | INFO     | plantdisease.utils.trainers.trainer:before_train:69 -             Conv2d-1         [-1, 64, 224, 224]           1,792
2023-10-05 11:52:40.973 | INFO     | plantdisease.utils.trainers.trainer:before_train:69 -        BatchNorm2d-2         [-1, 64, 224, 224]             128
2023-10-05 11:52:40.974 | INFO     | plantdisease.utils.trainers.trainer:before_train:69 -               ReLU-3         [-1, 64, 224, 224]               0
2023-10-05 11:52:40.975 | INFO     | plantdisease.utils.trainers.trainer:before_train:69 -             Conv2d-4        [-1, 128, 224, 224]          73,856
2023-10-05 11:52:40.977 | INFO     | plantdisease.utils.trainers.trainer:before_train:69 -        BatchNorm2d-5        [-1, 128, 224, 224]             256
2023-10-05 11:52:40.979 | INFO     | plantdisease.utils.trainers.trainer:before_train:69 -               ReLU-6        [-1, 128, 224, 224]               0
2023-10-05 11:52:40.981 | INFO     | plantdisease.utils.trainers.trainer:before_train:69 -          MaxPool2d-7        [-1, 128, 112, 112]               0
2023-10-05 11:52:40.983 | INFO     | plantdisease.utils.trainers.trainer:before_train:69 -             Conv2d-8        [-1, 128, 112, 112]         147,584
2023-10-05 11:52:40.984 | INFO     | plantdisease.utils.trainers.trainer:before_train:69 -        BatchNorm2d-9        [-1, 128, 112, 112]             256
2023-10-05 11:52:40.986 | INFO     | plantdisease.utils.trainers.trainer:before_train:69 -              ReLU-10        [-1, 128, 112, 112]               0
2023-10-05 11:52:40.987 | INFO     | plantdisease.utils.trainers.trainer:before_train:69 -            Conv2d-11        [-1, 128, 112, 112]         147,584
2023-10-05 11:52:40.988 | INFO     | plantdisease.utils.trainers.trainer:before_train:69 -       BatchNorm2d-12        [-1, 128, 112, 112]             256
2023-10-05 11:52:40.990 | INFO     | plantdisease.utils.trainers.trainer:before_train:69 -              ReLU-13        [-1, 128, 112, 112]               0
2023-10-05 11:52:40.991 | INFO     | plantdisease.utils.trainers.trainer:before_train:69 -            Conv2d-14        [-1, 256, 112, 112]         590,080
2023-10-05 11:52:40.992 | INFO     | plantdisease.utils.trainers.trainer:before_train:69 -       BatchNorm2d-15        [-1, 256, 112, 112]             512
2023-10-05 11:52:40.993 | INFO     | plantdisease.utils.trainers.trainer:before_train:69 -              ReLU-16        [-1, 256, 112, 112]               0
2023-10-05 11:52:40.994 | INFO     | plantdisease.utils.trainers.trainer:before_train:69 -         MaxPool2d-17          [-1, 256, 56, 56]               0
2023-10-05 11:52:40.995 | INFO     | plantdisease.utils.trainers.trainer:before_train:69 -            Conv2d-18          [-1, 512, 56, 56]       1,180,160
2023-10-05 11:52:40.996 | INFO     | plantdisease.utils.trainers.trainer:before_train:69 -       BatchNorm2d-19          [-1, 512, 56, 56]           1,024
2023-10-05 11:52:40.997 | INFO     | plantdisease.utils.trainers.trainer:before_train:69 -              ReLU-20          [-1, 512, 56, 56]               0
2023-10-05 11:52:40.998 | INFO     | plantdisease.utils.trainers.trainer:before_train:69 -         MaxPool2d-21          [-1, 512, 28, 28]               0
2023-10-05 11:52:41.000 | INFO     | plantdisease.utils.trainers.trainer:before_train:69 -            Conv2d-22          [-1, 512, 28, 28]       2,359,808
2023-10-05 11:52:41.001 | INFO     | plantdisease.utils.trainers.trainer:before_train:69 -       BatchNorm2d-23          [-1, 512, 28, 28]           1,024
2023-10-05 11:52:41.003 | INFO     | plantdisease.utils.trainers.trainer:before_train:69 -              ReLU-24          [-1, 512, 28, 28]               0
2023-10-05 11:52:41.005 | INFO     | plantdisease.utils.trainers.trainer:before_train:69 -            Conv2d-25          [-1, 512, 28, 28]       2,359,808
2023-10-05 11:52:41.006 | INFO     | plantdisease.utils.trainers.trainer:before_train:69 -       BatchNorm2d-26          [-1, 512, 28, 28]           1,024
2023-10-05 11:52:41.008 | INFO     | plantdisease.utils.trainers.trainer:before_train:69 -              ReLU-27          [-1, 512, 28, 28]               0
2023-10-05 11:52:41.009 | INFO     | plantdisease.utils.trainers.trainer:before_train:69 -         MaxPool2d-28           [-1, 1024, 1, 1]               0
2023-10-05 11:52:41.011 | INFO     | plantdisease.utils.trainers.trainer:before_train:69 -           Flatten-29                 [-1, 1024]               0
2023-10-05 11:52:41.012 | INFO     | plantdisease.utils.trainers.trainer:before_train:69 -            Linear-30                   [-1, 39]          39,975
2023-10-05 11:52:41.013 | INFO     | plantdisease.utils.trainers.trainer:before_train:69 - ================================================================
2023-10-05 11:52:41.014 | INFO     | plantdisease.utils.trainers.trainer:before_train:69 - Total params: 6,905,127
2023-10-05 11:52:41.016 | INFO     | plantdisease.utils.trainers.trainer:before_train:69 - Trainable params: 6,905,127
2023-10-05 11:52:41.018 | INFO     | plantdisease.utils.trainers.trainer:before_train:69 - Non-trainable params: 0
2023-10-05 11:52:41.019 | INFO     | plantdisease.utils.trainers.trainer:before_train:69 - ----------------------------------------------------------------
2023-10-05 11:52:41.020 | INFO     | plantdisease.utils.trainers.trainer:before_train:69 - Input size (MB): 0.57
2023-10-05 11:52:41.022 | INFO     | plantdisease.utils.trainers.trainer:before_train:69 - Forward/backward pass size (MB): 444.08
2023-10-05 11:52:41.023 | INFO     | plantdisease.utils.trainers.trainer:before_train:69 - Params size (MB): 26.34
2023-10-05 11:52:41.025 | INFO     | plantdisease.utils.trainers.trainer:before_train:69 - Estimated Total Size (MB): 470.99
2023-10-05 11:52:41.026 | INFO     | plantdisease.utils.trainers.trainer:before_train:69 - ----------------------------------------------------------------
2023-10-05 11:52:41.026 | INFO     | plantdisease.utils.trainers.trainer:before_train:68 - Model Summary: None
2023-10-05 11:52:41.951 | INFO     | plantdisease.utils.trainers.trainer:before_train:89 - Starting the training process ...
2023-10-05 11:52:41.951 | INFO     | plantdisease.utils.trainers.trainer:before_train:90 - 
ResNet9(
  (relu): ReLU()
  (conv1): Conv2d(3, 64, kernel_size=(3, 3), stride=(1, 1), padding=(1, 1))
  (batchnorm1): BatchNorm2d(64, eps=1e-05, momentum=0.1, affine=True, track_running_stats=True)
  (conv2): Conv2d(64, 128, kernel_size=(3, 3), stride=(1, 1), padding=(1, 1))
  (batchnorm2): BatchNorm2d(128, eps=1e-05, momentum=0.1, affine=True, track_running_stats=True)
  (maxpool2): MaxPool2d(kernel_size=(2, 2), stride=(2, 2), padding=0, dilation=1, ceil_mode=False)
  (conv3_1): Conv2d(128, 128, kernel_size=(3, 3), stride=(1, 1), padding=(1, 1))
  (batchnorm3_1): BatchNorm2d(128, eps=1e-05, momentum=0.1, affine=True, track_running_stats=True)
  (conv3_2): Conv2d(128, 128, kernel_size=(3, 3), stride=(1, 1), padding=(1, 1))
  (batchnorm3_2): BatchNorm2d(128, eps=1e-05, momentum=0.1, affine=True, track_running_stats=True)
  (conv4): Conv2d(256, 256, kernel_size=(3, 3), stride=(1, 1), padding=(1, 1))
  (batchnorm4): BatchNorm2d(256, eps=1e-05, momentum=0.1, affine=True, track_running_stats=True)
  (maxpool4): MaxPool2d(kernel_size=(2, 2), stride=(2, 2), padding=0, dilation=1, ceil_mode=False)
  (conv5): Conv2d(256, 512, kernel_size=(3, 3), stride=(1, 1), padding=(1, 1))
  (batchnorm5): BatchNorm2d(512, eps=1e-05, momentum=0.1, affine=True, track_running_stats=True)
  (maxpool5): MaxPool2d(kernel_size=(2, 2), stride=(2, 2), padding=0, dilation=1, ceil_mode=False)
  (conv6_1): Conv2d(512, 512, kernel_size=(3, 3), stride=(1, 1), padding=(1, 1))
  (batchnorm6_1): BatchNorm2d(512, eps=1e-05, momentum=0.1, affine=True, track_running_stats=True)
  (conv6_2): Conv2d(512, 512, kernel_size=(3, 3), stride=(1, 1), padding=(1, 1))
  (batchnorm6_2): BatchNorm2d(512, eps=1e-05, momentum=0.1, affine=True, track_running_stats=True)
  (maxpool6): MaxPool2d(kernel_size=(28, 28), stride=(28, 28), padding=0, dilation=1, ceil_mode=False)
  (flatten): Flatten(start_dim=1, end_dim=-1)
  (out): Linear(in_features=1024, out_features=39, bias=True)
)
2023-10-05 11:52:42.246 | INFO     | plantdisease.utils.trainers.trainer:train_in_epoch:106 -  *** Start training epoch 1 ***
2023-10-05 11:52:50.590 | INFO     | plantdisease.utils.trainers.trainer:train_in_epoch:136 - Epoch: 1/10, iter: 1/5546, loss: 5.097203254699707, learning rate: 0.05, training time: 8.260324001312256 s
2023-10-05 11:52:58.654 | INFO     | plantdisease.utils.trainers.trainer:train_in_epoch:136 - Epoch: 1/10, iter: 2/5546, loss: 5.343216896057129, learning rate: 0.0625, training time: 8.059613943099976 s
2023-10-05 11:53:08.297 | INFO     | plantdisease.utils.trainers.trainer:train_in_epoch:136 - Epoch: 1/10, iter: 3/5546, loss: 5.709039688110352, learning rate: 0.075, training time: 9.637187957763672 s
2023-10-05 11:53:18.203 | INFO     | plantdisease.utils.trainers.trainer:train_in_epoch:136 - Epoch: 1/10, iter: 4/5546, loss: 5.004621982574463, learning rate: 0.08750000000000001, training time: 9.900397777557373 s
2023-10-05 11:53:30.252 | INFO     | plantdisease.utils.trainers.trainer:train_in_epoch:136 - Epoch: 1/10, iter: 5/5546, loss: 5.727772235870361, learning rate: 0.1, training time: 12.041367769241333 s
2023-10-05 11:53:41.988 | INFO     | plantdisease.utils.trainers.trainer:train_in_epoch:136 - Epoch: 1/10, iter: 6/5546, loss: 3.811554431915283, learning rate: 0.1, training time: 11.729944467544556 s
2023-10-05 11:53:53.399 | INFO     | plantdisease.utils.trainers.trainer:train_in_epoch:136 - Epoch: 1/10, iter: 7/5546, loss: 4.837715148925781, learning rate: 0.1, training time: 11.404635429382324 s
2023-10-05 11:54:04.145 | INFO     | plantdisease.utils.trainers.trainer:train_in_epoch:136 - Epoch: 1/10, iter: 8/5546, loss: 4.71552848815918, learning rate: 0.1, training time: 10.739481687545776 s
2023-10-05 11:54:14.595 | INFO     | plantdisease.utils.trainers.trainer:train_in_epoch:136 - Epoch: 1/10, iter: 9/5546, loss: 5.86069917678833, learning rate: 0.1, training time: 10.442830324172974 s
2023-10-05 11:54:24.798 | INFO     | plantdisease.utils.trainers.trainer:train_in_epoch:136 - Epoch: 1/10, iter: 10/5546, loss: 5.464500427246094, learning rate: 0.1, training time: 10.195404291152954 s
2023-10-05 11:54:36.048 | INFO     | plantdisease.utils.trainers.trainer:train_in_epoch:136 - Epoch: 1/10, iter: 11/5546, loss: 5.622020721435547, learning rate: 0.1, training time: 11.242778778076172 s
2023-10-05 11:54:48.416 | INFO     | plantdisease.utils.trainers.trainer:train_in_epoch:136 - Epoch: 1/10, iter: 12/5546, loss: 5.720993518829346, learning rate: 0.1, training time: 12.362866878509521 s
2023-10-05 11:54:59.528 | INFO     | plantdisease.utils.trainers.trainer:train_in_epoch:136 - Epoch: 1/10, iter: 13/5546, loss: 4.376551151275635, learning rate: 0.1, training time: 11.104589223861694 s
2023-10-05 11:55:10.805 | INFO     | plantdisease.utils.trainers.trainer:train_in_epoch:136 - Epoch: 1/10, iter: 14/5546, loss: 5.199069023132324, learning rate: 0.1, training time: 11.271452903747559 s
2023-10-05 11:55:20.806 | INFO     | plantdisease.utils.trainers.trainer:train_in_epoch:136 - Epoch: 1/10, iter: 15/5546, loss: 4.292353630065918, learning rate: 0.1, training time: 9.994740724563599 s
2023-10-05 11:55:32.801 | INFO     | plantdisease.utils.trainers.trainer:train_in_epoch:136 - Epoch: 1/10, iter: 16/5546, loss: 5.222799777984619, learning rate: 0.1, training time: 11.990231037139893 s
2023-10-05 11:55:44.009 | INFO     | plantdisease.utils.trainers.trainer:train_in_epoch:136 - Epoch: 1/10, iter: 17/5546, loss: 4.003140926361084, learning rate: 0.1, training time: 11.19896650314331 s
2023-10-05 11:55:55.708 | INFO     | plantdisease.utils.trainers.trainer:train_in_epoch:136 - Epoch: 1/10, iter: 18/5546, loss: 5.1266889572143555, learning rate: 0.1, training time: 11.693392038345337 s
2023-10-05 11:56:05.604 | INFO     | plantdisease.utils.trainers.trainer:train_in_epoch:136 - Epoch: 1/10, iter: 19/5546, loss: 6.165526390075684, learning rate: 0.1, training time: 9.890831470489502 s
2023-10-05 11:56:15.130 | INFO     | plantdisease.utils.trainers.trainer:train_in_epoch:136 - Epoch: 1/10, iter: 20/5546, loss: 4.7454633712768555, learning rate: 0.1, training time: 9.520019292831421 s
2023-10-05 11:56:24.861 | INFO     | plantdisease.utils.trainers.trainer:train_in_epoch:136 - Epoch: 1/10, iter: 21/5546, loss: 5.330840587615967, learning rate: 0.1, training time: 9.725187063217163 s
2023-10-05 11:56:34.686 | INFO     | plantdisease.utils.trainers.trainer:train_in_epoch:136 - Epoch: 1/10, iter: 22/5546, loss: 5.277740478515625, learning rate: 0.1, training time: 9.818495273590088 s
2023-10-05 11:56:44.874 | INFO     | plantdisease.utils.trainers.trainer:train_in_epoch:136 - Epoch: 1/10, iter: 23/5546, loss: 5.9722580909729, learning rate: 0.1, training time: 10.180674314498901 s
2023-10-05 11:56:55.803 | INFO     | plantdisease.utils.trainers.trainer:train_in_epoch:136 - Epoch: 1/10, iter: 24/5546, loss: 5.393941402435303, learning rate: 0.1, training time: 10.920191049575806 s
2023-10-05 11:57:06.799 | INFO     | plantdisease.utils.trainers.trainer:train_in_epoch:136 - Epoch: 1/10, iter: 25/5546, loss: 5.85355281829834, learning rate: 0.1, training time: 10.990413427352905 s
2023-10-05 11:57:17.563 | INFO     | plantdisease.utils.trainers.trainer:train_in_epoch:136 - Epoch: 1/10, iter: 26/5546, loss: 4.583868980407715, learning rate: 0.1, training time: 10.758344888687134 s
2023-10-05 11:57:28.887 | INFO     | plantdisease.utils.trainers.trainer:train_in_epoch:136 - Epoch: 1/10, iter: 27/5546, loss: 5.830014705657959, learning rate: 0.1, training time: 11.317761659622192 s
2023-10-05 11:57:40.284 | INFO     | plantdisease.utils.trainers.trainer:train_in_epoch:136 - Epoch: 1/10, iter: 28/5546, loss: 4.994760990142822, learning rate: 0.1, training time: 11.390381097793579 s
2023-10-05 11:57:49.401 | INFO     | plantdisease.utils.trainers.trainer:train_in_epoch:136 - Epoch: 1/10, iter: 29/5546, loss: 5.4366068840026855, learning rate: 0.1, training time: 9.109101295471191 s
2023-10-05 11:57:57.955 | INFO     | plantdisease.utils.trainers.trainer:train_in_epoch:136 - Epoch: 1/10, iter: 30/5546, loss: 4.527350902557373, learning rate: 0.1, training time: 8.548656463623047 s
2023-10-05 11:58:06.478 | INFO     | plantdisease.utils.trainers.trainer:train_in_epoch:136 - Epoch: 1/10, iter: 31/5546, loss: 4.509199619293213, learning rate: 0.1, training time: 8.517780780792236 s
2023-10-05 11:58:15.042 | INFO     | plantdisease.utils.trainers.trainer:train_in_epoch:136 - Epoch: 1/10, iter: 32/5546, loss: 4.0497145652771, learning rate: 0.1, training time: 8.559600353240967 s
2023-10-05 11:58:23.596 | INFO     | plantdisease.utils.trainers.trainer:train_in_epoch:136 - Epoch: 1/10, iter: 33/5546, loss: 4.853725433349609, learning rate: 0.1, training time: 8.548044681549072 s
2023-10-05 11:58:32.093 | INFO     | plantdisease.utils.trainers.trainer:train_in_epoch:136 - Epoch: 1/10, iter: 34/5546, loss: 5.265091419219971, learning rate: 0.1, training time: 8.491257905960083 s
2023-10-05 11:58:40.639 | INFO     | plantdisease.utils.trainers.trainer:train_in_epoch:136 - Epoch: 1/10, iter: 35/5546, loss: 6.056762218475342, learning rate: 0.1, training time: 8.541057825088501 s
2023-10-05 11:58:49.241 | INFO     | plantdisease.utils.trainers.trainer:train_in_epoch:136 - Epoch: 1/10, iter: 36/5546, loss: 4.149432182312012, learning rate: 0.1, training time: 8.597002744674683 s
2023-10-05 11:58:57.728 | INFO     | plantdisease.utils.trainers.trainer:train_in_epoch:136 - Epoch: 1/10, iter: 37/5546, loss: 4.49933385848999, learning rate: 0.1, training time: 8.48128080368042 s
2023-10-05 11:59:06.249 | INFO     | plantdisease.utils.trainers.trainer:train_in_epoch:136 - Epoch: 1/10, iter: 38/5546, loss: 4.804419040679932, learning rate: 0.1, training time: 8.515170574188232 s
2023-10-05 11:59:14.810 | INFO     | plantdisease.utils.trainers.trainer:train_in_epoch:136 - Epoch: 1/10, iter: 39/5546, loss: 4.82191276550293, learning rate: 0.1, training time: 8.555234432220459 s
2023-10-05 11:59:23.444 | INFO     | plantdisease.utils.trainers.trainer:train_in_epoch:136 - Epoch: 1/10, iter: 40/5546, loss: 4.844379425048828, learning rate: 0.1, training time: 8.628688097000122 s
2023-10-05 11:59:32.200 | INFO     | plantdisease.utils.trainers.trainer:train_in_epoch:136 - Epoch: 1/10, iter: 41/5546, loss: 4.599769592285156, learning rate: 0.1, training time: 8.75010895729065 s
2023-10-05 11:59:40.961 | INFO     | plantdisease.utils.trainers.trainer:train_in_epoch:136 - Epoch: 1/10, iter: 42/5546, loss: 5.78320837020874, learning rate: 0.1, training time: 8.754072904586792 s
2023-10-05 11:59:50.497 | INFO     | plantdisease.utils.trainers.trainer:train_in_epoch:136 - Epoch: 1/10, iter: 43/5546, loss: 4.554751873016357, learning rate: 0.1, training time: 9.529432773590088 s
2023-10-05 12:00:00.140 | INFO     | plantdisease.utils.trainers.trainer:train_in_epoch:136 - Epoch: 1/10, iter: 44/5546, loss: 3.780867576599121, learning rate: 0.1, training time: 9.637784719467163 s
2023-10-05 12:00:10.374 | INFO     | plantdisease.utils.trainers.trainer:train_in_epoch:136 - Epoch: 1/10, iter: 45/5546, loss: 5.365289688110352, learning rate: 0.1, training time: 10.228238582611084 s
2023-10-05 12:00:21.577 | INFO     | plantdisease.utils.trainers.trainer:train_in_epoch:136 - Epoch: 1/10, iter: 46/5546, loss: 4.401941776275635, learning rate: 0.1, training time: 11.197458744049072 s
2023-10-05 12:00:33.838 | INFO     | plantdisease.utils.trainers.trainer:train_in_epoch:136 - Epoch: 1/10, iter: 47/5546, loss: 3.8766770362854004, learning rate: 0.1, training time: 12.254968643188477 s
2023-10-05 12:00:46.766 | INFO     | plantdisease.utils.trainers.trainer:train_in_epoch:136 - Epoch: 1/10, iter: 48/5546, loss: 5.372800350189209, learning rate: 0.1, training time: 12.919869899749756 s
2023-10-05 12:00:57.060 | INFO     | plantdisease.utils.trainers.trainer:train_in_epoch:136 - Epoch: 1/10, iter: 49/5546, loss: 5.659114837646484, learning rate: 0.1, training time: 10.287505388259888 s
2023-10-05 12:01:07.919 | INFO     | plantdisease.utils.trainers.trainer:train_in_epoch:136 - Epoch: 1/10, iter: 50/5546, loss: 5.176361560821533, learning rate: 0.1, training time: 10.850682973861694 s
2023-10-05 12:01:17.575 | INFO     | plantdisease.utils.trainers.trainer:train_in_epoch:136 - Epoch: 1/10, iter: 51/5546, loss: 4.884130477905273, learning rate: 0.1, training time: 9.648721694946289 s
2023-10-05 12:01:26.523 | INFO     | plantdisease.utils.trainers.trainer:train_in_epoch:136 - Epoch: 1/10, iter: 52/5546, loss: 4.984182357788086, learning rate: 0.1, training time: 8.942455530166626 s
2023-10-05 12:01:35.102 | INFO     | plantdisease.utils.trainers.trainer:train_in_epoch:136 - Epoch: 1/10, iter: 53/5546, loss: 4.538163185119629, learning rate: 0.1, training time: 8.572731256484985 s
2023-10-05 12:01:43.780 | INFO     | plantdisease.utils.trainers.trainer:train_in_epoch:136 - Epoch: 1/10, iter: 54/5546, loss: 5.218721389770508, learning rate: 0.1, training time: 8.67185091972351 s
2023-10-05 12:01:52.542 | INFO     | plantdisease.utils.trainers.trainer:train_in_epoch:136 - Epoch: 1/10, iter: 55/5546, loss: 5.192924976348877, learning rate: 0.1, training time: 8.756413459777832 s
2023-10-05 12:02:01.749 | INFO     | plantdisease.utils.trainers.trainer:train_in_epoch:136 - Epoch: 1/10, iter: 56/5546, loss: 6.608657360076904, learning rate: 0.1, training time: 9.202077865600586 s
2023-10-05 12:02:10.284 | INFO     | plantdisease.utils.trainers.trainer:train_in_epoch:136 - Epoch: 1/10, iter: 57/5546, loss: 5.079938888549805, learning rate: 0.1, training time: 8.529601335525513 s
2023-10-05 12:02:18.902 | INFO     | plantdisease.utils.trainers.trainer:train_in_epoch:136 - Epoch: 1/10, iter: 58/5546, loss: 5.544142723083496, learning rate: 0.1, training time: 8.61265230178833 s
2023-10-05 12:02:27.785 | INFO     | plantdisease.utils.trainers.trainer:train_in_epoch:136 - Epoch: 1/10, iter: 59/5546, loss: 6.797907829284668, learning rate: 0.1, training time: 8.878173589706421 s
2023-10-05 12:02:36.447 | INFO     | plantdisease.utils.trainers.trainer:train_in_epoch:136 - Epoch: 1/10, iter: 60/5546, loss: 6.859708309173584, learning rate: 0.1, training time: 8.656370639801025 s
2023-10-05 12:02:45.097 | INFO     | plantdisease.utils.trainers.trainer:train_in_epoch:136 - Epoch: 1/10, iter: 61/5546, loss: 4.754721164703369, learning rate: 0.1, training time: 8.644554615020752 s
2023-10-05 12:02:54.185 | INFO     | plantdisease.utils.trainers.trainer:train_in_epoch:136 - Epoch: 1/10, iter: 62/5546, loss: 6.99923038482666, learning rate: 0.1, training time: 9.076110601425171 s
2023-10-05 12:03:03.019 | INFO     | plantdisease.utils.trainers.trainer:train_in_epoch:136 - Epoch: 1/10, iter: 63/5546, loss: 5.69431209564209, learning rate: 0.1, training time: 8.828047037124634 s
2023-10-05 12:03:11.869 | INFO     | plantdisease.utils.trainers.trainer:train_in_epoch:136 - Epoch: 1/10, iter: 64/5546, loss: 3.9935219287872314, learning rate: 0.1, training time: 8.842890501022339 s
2023-10-05 12:03:20.772 | INFO     | plantdisease.utils.trainers.trainer:train_in_epoch:136 - Epoch: 1/10, iter: 65/5546, loss: 5.118014335632324, learning rate: 0.1, training time: 8.89704704284668 s
2023-10-05 12:03:29.715 | INFO     | plantdisease.utils.trainers.trainer:train_in_epoch:136 - Epoch: 1/10, iter: 66/5546, loss: 5.031960964202881, learning rate: 0.1, training time: 8.935649871826172 s
2023-10-05 12:03:38.627 | INFO     | plantdisease.utils.trainers.trainer:train_in_epoch:136 - Epoch: 1/10, iter: 67/5546, loss: 4.86175012588501, learning rate: 0.1, training time: 8.905871629714966 s
2023-10-05 12:03:47.451 | INFO     | plantdisease.utils.trainers.trainer:train_in_epoch:136 - Epoch: 1/10, iter: 68/5546, loss: 3.878563642501831, learning rate: 0.1, training time: 8.818226337432861 s
2023-10-05 12:03:56.518 | INFO     | plantdisease.utils.trainers.trainer:train_in_epoch:136 - Epoch: 1/10, iter: 69/5546, loss: 5.1171345710754395, learning rate: 0.1, training time: 9.062316417694092 s
2023-10-05 12:04:05.291 | INFO     | plantdisease.utils.trainers.trainer:train_in_epoch:136 - Epoch: 1/10, iter: 70/5546, loss: 5.002764701843262, learning rate: 0.1, training time: 8.767420768737793 s
2023-10-05 12:04:14.436 | INFO     | plantdisease.utils.trainers.trainer:train_in_epoch:136 - Epoch: 1/10, iter: 71/5546, loss: 4.799391269683838, learning rate: 0.1, training time: 9.139849424362183 s
2023-10-05 12:04:24.808 | INFO     | plantdisease.utils.trainers.trainer:train_in_epoch:136 - Epoch: 1/10, iter: 72/5546, loss: 4.957197189331055, learning rate: 0.1, training time: 10.366206884384155 s
2023-10-05 12:04:34.956 | INFO     | plantdisease.utils.trainers.trainer:train_in_epoch:136 - Epoch: 1/10, iter: 73/5546, loss: 5.3087968826293945, learning rate: 0.1, training time: 10.139899730682373 s
2023-10-05 12:04:44.157 | INFO     | plantdisease.utils.trainers.trainer:train_in_epoch:136 - Epoch: 1/10, iter: 74/5546, loss: 5.317903995513916, learning rate: 0.1, training time: 9.194260120391846 s
2023-10-05 12:04:53.194 | INFO     | plantdisease.utils.trainers.trainer:train_in_epoch:136 - Epoch: 1/10, iter: 75/5546, loss: 6.554981231689453, learning rate: 0.1, training time: 9.028545141220093 s
2023-10-05 12:05:02.347 | INFO     | plantdisease.utils.trainers.trainer:train_in_epoch:136 - Epoch: 1/10, iter: 76/5546, loss: 4.729819297790527, learning rate: 0.1, training time: 9.146216630935669 s
2023-10-05 12:05:11.917 | INFO     | plantdisease.utils.trainers.trainer:train_in_epoch:136 - Epoch: 1/10, iter: 77/5546, loss: 4.61510705947876, learning rate: 0.1, training time: 9.564982652664185 s
2023-10-05 12:05:21.001 | INFO     | plantdisease.utils.trainers.trainer:train_in_epoch:136 - Epoch: 1/10, iter: 78/5546, loss: 5.3161444664001465, learning rate: 0.1, training time: 9.078168869018555 s
2023-10-05 12:05:30.498 | INFO     | plantdisease.utils.trainers.trainer:train_in_epoch:136 - Epoch: 1/10, iter: 79/5546, loss: 4.902843475341797, learning rate: 0.1, training time: 9.48547887802124 s
2023-10-05 12:05:39.672 | INFO     | plantdisease.utils.trainers.trainer:train_in_epoch:136 - Epoch: 1/10, iter: 80/5546, loss: 4.966192245483398, learning rate: 0.1, training time: 9.168185710906982 s
2023-10-05 12:05:48.419 | INFO     | plantdisease.utils.trainers.trainer:train_in_epoch:136 - Epoch: 1/10, iter: 81/5546, loss: 5.193520545959473, learning rate: 0.1, training time: 8.742196798324585 s
2023-10-05 12:05:58.109 | INFO     | plantdisease.utils.trainers.trainer:train_in_epoch:136 - Epoch: 1/10, iter: 82/5546, loss: 5.739861488342285, learning rate: 0.1, training time: 9.683963537216187 s
2023-10-05 12:06:09.117 | INFO     | plantdisease.utils.trainers.trainer:train_in_epoch:136 - Epoch: 1/10, iter: 83/5546, loss: 4.354693412780762, learning rate: 0.1, training time: 10.99836277961731 s
2023-10-05 12:06:18.745 | INFO     | plantdisease.utils.trainers.trainer:train_in_epoch:136 - Epoch: 1/10, iter: 84/5546, loss: 4.646805286407471, learning rate: 0.1, training time: 9.622877359390259 s
2023-10-05 12:06:28.374 | INFO     | plantdisease.utils.trainers.trainer:train_in_epoch:136 - Epoch: 1/10, iter: 85/5546, loss: 4.865296840667725, learning rate: 0.1, training time: 9.622372150421143 s
2023-10-05 12:06:38.016 | INFO     | plantdisease.utils.trainers.trainer:train_in_epoch:136 - Epoch: 1/10, iter: 86/5546, loss: 6.155588150024414, learning rate: 0.1, training time: 9.636764287948608 s
2023-10-05 12:06:49.573 | INFO     | plantdisease.utils.trainers.trainer:train_in_epoch:136 - Epoch: 1/10, iter: 87/5546, loss: 4.533914089202881, learning rate: 0.1, training time: 11.551283359527588 s
2023-10-05 12:07:01.098 | INFO     | plantdisease.utils.trainers.trainer:train_in_epoch:136 - Epoch: 1/10, iter: 88/5546, loss: 4.830248832702637, learning rate: 0.1, training time: 11.51918649673462 s
2023-10-05 12:07:10.705 | INFO     | plantdisease.utils.trainers.trainer:train_in_epoch:136 - Epoch: 1/10, iter: 89/5546, loss: 5.12262487411499, learning rate: 0.1, training time: 9.600613832473755 s
2023-10-05 12:07:19.629 | INFO     | plantdisease.utils.trainers.trainer:train_in_epoch:136 - Epoch: 1/10, iter: 90/5546, loss: 4.259881496429443, learning rate: 0.1, training time: 8.91208004951477 s
2023-10-05 12:07:28.497 | INFO     | plantdisease.utils.trainers.trainer:train_in_epoch:136 - Epoch: 1/10, iter: 91/5546, loss: 4.564359188079834, learning rate: 0.1, training time: 8.863510131835938 s
2023-10-05 12:07:37.492 | INFO     | plantdisease.utils.trainers.trainer:train_in_epoch:136 - Epoch: 1/10, iter: 92/5546, loss: 4.361921787261963, learning rate: 0.1, training time: 8.989710569381714 s
2023-10-05 12:07:47.397 | INFO     | plantdisease.utils.trainers.trainer:train_in_epoch:136 - Epoch: 1/10, iter: 93/5546, loss: 5.544651508331299, learning rate: 0.1, training time: 9.898176670074463 s
2023-10-05 12:07:57.123 | INFO     | plantdisease.utils.trainers.trainer:train_in_epoch:136 - Epoch: 1/10, iter: 94/5546, loss: 5.502178192138672, learning rate: 0.1, training time: 9.719349145889282 s
2023-10-05 12:08:07.110 | INFO     | plantdisease.utils.trainers.trainer:train_in_epoch:136 - Epoch: 1/10, iter: 95/5546, loss: 4.738826751708984, learning rate: 0.1, training time: 9.980454206466675 s
2023-10-05 12:08:17.000 | INFO     | plantdisease.utils.trainers.trainer:train_in_epoch:136 - Epoch: 1/10, iter: 96/5546, loss: 5.572762966156006, learning rate: 0.1, training time: 9.88260555267334 s
2023-10-05 12:08:26.470 | INFO     | plantdisease.utils.trainers.trainer:train_in_epoch:136 - Epoch: 1/10, iter: 97/5546, loss: 4.434523582458496, learning rate: 0.1, training time: 9.463989973068237 s
2023-10-05 12:08:36.315 | INFO     | plantdisease.utils.trainers.trainer:train_in_epoch:136 - Epoch: 1/10, iter: 98/5546, loss: 5.16163444519043, learning rate: 0.1, training time: 9.837608814239502 s
2023-10-05 12:08:45.611 | INFO     | plantdisease.utils.trainers.trainer:train_in_epoch:136 - Epoch: 1/10, iter: 99/5546, loss: 5.864789962768555, learning rate: 0.1, training time: 9.290114641189575 s
2023-10-05 12:08:54.237 | INFO     | plantdisease.utils.trainers.trainer:train_in_epoch:136 - Epoch: 1/10, iter: 100/5546, loss: 5.203857898712158, learning rate: 0.1, training time: 8.621434211730957 s
2023-10-05 12:09:03.506 | INFO     | plantdisease.utils.trainers.trainer:train_in_epoch:136 - Epoch: 1/10, iter: 101/5546, loss: 5.140305519104004, learning rate: 0.1, training time: 9.263173580169678 s
2023-10-05 12:09:12.290 | INFO     | plantdisease.utils.trainers.trainer:train_in_epoch:136 - Epoch: 1/10, iter: 102/5546, loss: 5.195867538452148, learning rate: 0.1, training time: 8.778606414794922 s
2023-10-05 12:09:22.494 | INFO     | plantdisease.utils.trainers.trainer:train_in_epoch:136 - Epoch: 1/10, iter: 103/5546, loss: 6.407747268676758, learning rate: 0.1, training time: 10.196894645690918 s
2023-10-05 12:09:32.629 | INFO     | plantdisease.utils.trainers.trainer:train_in_epoch:136 - Epoch: 1/10, iter: 104/5546, loss: 6.679393768310547, learning rate: 0.1, training time: 10.127547025680542 s
2023-10-05 12:09:41.507 | INFO     | plantdisease.utils.trainers.trainer:train_in_epoch:136 - Epoch: 1/10, iter: 105/5546, loss: 4.639334678649902, learning rate: 0.1, training time: 8.871294260025024 s
2023-10-05 12:09:51.373 | INFO     | plantdisease.utils.trainers.trainer:train_in_epoch:136 - Epoch: 1/10, iter: 106/5546, loss: 5.059625625610352, learning rate: 0.1, training time: 9.860486030578613 s
2023-10-05 12:09:52.129 | INFO     | tqdm.std:fp_write:455 - 
2023-10-05 12:09:52.130 | INFO     | tqdm.std:fp_write:455 - !
2023-10-05 12:09:52.134 | INFO     | tqdm.std:fp_write:455 - 
2023-10-05 12:09:52.135 | INFO     | tqdm.std:fp_write:455 - If DVC froze, see `hardlink_lock` in <[36mhttps://man.dvc.org/config#core[39m>
2023-10-05 12:09:53.534 | INFO     | tqdm.std:fp_write:455 - 
2023-10-05 12:09:53.534 | INFO     | tqdm.std:fp_write:455 - !
2023-10-05 12:09:53.537 | INFO     | tqdm.std:fp_write:455 - 
2023-10-05 12:09:53.538 | INFO     | tqdm.std:fp_write:455 - If DVC froze, see `hardlink_lock` in <[36mhttps://man.dvc.org/config#core[39m>
2023-10-05 12:09:54.147 | ERROR    | __main__:<module>:61 - An error has been caught in function '<module>', process 'MainProcess' (41603), thread 'MainThread' (139911934530624):
Traceback (most recent call last):

  File "/home/anastasija/Documents/IJS/Projects/PlantDiseaseDetection/Plant-Disease-Detection/plantdisease/utils/trainers/trainer.py", line 52, in train
    self.train_in_epoch()
    â”‚    â”” <function Trainer.train_in_epoch at 0x7f3f0ab6b8b0>
    â”” <plantdisease.utils.trainers.trainer.Trainer object at 0x7f3fc865abb0>

  File "/home/anastasija/Documents/IJS/Projects/PlantDiseaseDetection/Plant-Disease-Detection/plantdisease/utils/trainers/trainer.py", line 117, in train_in_epoch
    loss, outputs = training_step(self.model, batch, self.device)
    â”‚               â”‚             â”‚    â”‚      â”‚      â”‚    â”” device(type='cpu')
    â”‚               â”‚             â”‚    â”‚      â”‚      â”” <plantdisease.utils.trainers.trainer.Trainer object at 0x7f3fc865abb0>
    â”‚               â”‚             â”‚    â”‚      â”” [tensor([[[[0.4745, 0.4863, 0.4980,  ..., 0.5137, 0.4431, 0.4510],
    â”‚               â”‚             â”‚    â”‚                  [0.4667, 0.5098, 0.4549,  ..., 0.4627, 0.4118, 0...
    â”‚               â”‚             â”‚    â”” ResNet9(
    â”‚               â”‚             â”‚        (relu): ReLU()
    â”‚               â”‚             â”‚        (conv1): Conv2d(3, 64, kernel_size=(3, 3), stride=(1, 1), padding=(1, 1))
    â”‚               â”‚             â”‚        (batchnorm1): BatchNo...
    â”‚               â”‚             â”” <plantdisease.utils.trainers.trainer.Trainer object at 0x7f3fc865abb0>
    â”‚               â”” <function training_step at 0x7f3f164e9160>
    â”” tensor(5.0596, grad_fn=<NllLossBackward0>)

  File "/home/anastasija/Documents/IJS/Projects/PlantDiseaseDetection/Plant-Disease-Detection/plantdisease/utils/trainers/trainer.py", line 21, in training_step
    out = model(images)
          â”‚     â”” tensor([[[[0.4745, 0.4863, 0.4980,  ..., 0.5137, 0.4431, 0.4510],
          â”‚                 [0.4667, 0.5098, 0.4549,  ..., 0.4627, 0.4118, 0....
          â”” ResNet9(
              (relu): ReLU()
              (conv1): Conv2d(3, 64, kernel_size=(3, 3), stride=(1, 1), padding=(1, 1))
              (batchnorm1): BatchNo...

  File "/home/anastasija/anaconda3/envs/env_plantDisease/lib/python3.8/site-packages/torch/nn/modules/module.py", line 1501, in _call_impl
    return forward_call(*args, **kwargs)
           â”‚             â”‚       â”” {}
           â”‚             â”” (tensor([[[[0.4745, 0.4863, 0.4980,  ..., 0.5137, 0.4431, 0.4510],
           â”‚                         [0.4667, 0.5098, 0.4549,  ..., 0.4627, 0.4118, 0...
           â”” <bound method ResNet9.forward of ResNet9(
               (relu): ReLU()
               (conv1): Conv2d(3, 64, kernel_size=(3, 3), stride=(1, 1), paddin...

  File "/home/anastasija/Documents/IJS/Projects/PlantDiseaseDetection/Plant-Disease-Detection/plantdisease/models/ResNet9.py", line 57, in forward
    self.batchnorm1(
    â”” ResNet9(
        (relu): ReLU()
        (conv1): Conv2d(3, 64, kernel_size=(3, 3), stride=(1, 1), padding=(1, 1))
        (batchnorm1): BatchNo...

  File "/home/anastasija/anaconda3/envs/env_plantDisease/lib/python3.8/site-packages/torch/nn/modules/module.py", line 1501, in _call_impl
    return forward_call(*args, **kwargs)
           â”‚             â”‚       â”” {}
           â”‚             â”” (tensor([[[[-1.0628e-01,  2.8550e-01,  3.0314e-01,  ...,  2.8442e-01,
           â”‚                           2.9641e-01,  3.2450e-01],
           â”‚                         [-1.145...
           â”” <bound method _BatchNorm.forward of BatchNorm2d(64, eps=1e-05, momentum=0.1, affine=True, track_running_stats=True)>
  File "/home/anastasija/anaconda3/envs/env_plantDisease/lib/python3.8/site-packages/torch/nn/modules/batchnorm.py", line 171, in forward
    return F.batch_norm(
           â”‚ â”” <function batch_norm at 0x7f3fc618bf70>
           â”” <module 'torch.nn.functional' from '/home/anastasija/anaconda3/envs/env_plantDisease/lib/python3.8/site-packages/torch/nn/fun...
  File "/home/anastasija/anaconda3/envs/env_plantDisease/lib/python3.8/site-packages/torch/nn/functional.py", line 2450, in batch_norm
    return torch.batch_norm(
           â”‚     â”” <built-in method batch_norm of type object at 0x7f3f8f75b500>
           â”” <module 'torch' from '/home/anastasija/anaconda3/envs/env_plantDisease/lib/python3.8/site-packages/torch/__init__.py'>

KeyboardInterrupt


During handling of the above exception, another exception occurred:


Traceback (most recent call last):

  File "/home/anastasija/anaconda3/envs/env_plantDisease/lib/python3.8/runpy.py", line 194, in _run_module_as_main
    return _run_code(code, main_globals, None,
           â”‚         â”‚     â”” {'__name__': '__main__', '__doc__': None, '__package__': 'plantdisease.tools', '__loader__': <_frozen_importlib_external.Sour...
           â”‚         â”” <code object <module> at 0x7f3fc8655190, file "/home/anastasija/Documents/IJS/Projects/PlantDiseaseDetection/Plant-Disease-De...
           â”” <function _run_code at 0x7f3fc8646310>
  File "/home/anastasija/anaconda3/envs/env_plantDisease/lib/python3.8/runpy.py", line 87, in _run_code
    exec(code, run_globals)
         â”‚     â”” {'__name__': '__main__', '__doc__': None, '__package__': 'plantdisease.tools', '__loader__': <_frozen_importlib_external.Sour...
         â”” <code object <module> at 0x7f3fc8655190, file "/home/anastasija/Documents/IJS/Projects/PlantDiseaseDetection/Plant-Disease-De...

> File "/home/anastasija/Documents/IJS/Projects/PlantDiseaseDetection/Plant-Disease-Detection/plantdisease/tools/train.py", line 61, in <module>
    main(conf_cls, args_main)
    â”‚    â”‚         â”” Namespace(batch_size=8, ckpt=None, devices=1, exp_file='/home/anastasija/Documents/IJS/Projects/PlantDiseaseDetection/Plant-D...
    â”‚    â”” <class 'plantdisease.utils.plant_disease_class.PlantsClass'>
    â”” <function main at 0x7f3f164c48b0>

  File "/home/anastasija/Documents/IJS/Projects/PlantDiseaseDetection/Plant-Disease-Detection/plantdisease/tools/train.py", line 52, in main
    trainer.train()
    â”‚       â”” <function Trainer.train at 0x7f3f0ab6b700>
    â”” <plantdisease.utils.trainers.trainer.Trainer object at 0x7f3fc865abb0>

  File "/home/anastasija/Documents/IJS/Projects/PlantDiseaseDetection/Plant-Disease-Detection/plantdisease/utils/trainers/trainer.py", line 56, in train
    self.after_train()
    â”‚    â”” <function Trainer.after_train at 0x7f3f0ab6b820>
    â”” <plantdisease.utils.trainers.trainer.Trainer object at 0x7f3fc865abb0>

  File "/home/anastasija/Documents/IJS/Projects/PlantDiseaseDetection/Plant-Disease-Detection/plantdisease/utils/trainers/trainer.py", line 94, in after_train
    "Training of experiment is done and the highest precision is {:.2f}".format(self.best_acc * 100)
                                                                                â”” <plantdisease.utils.trainers.trainer.Trainer object at 0x7f3fc865abb0>

AttributeError: 'Trainer' object has no attribute 'best_acc'
2023-10-05 12:10:41.689 | INFO     | plantdisease.utils.trainers.trainer:before_train:59 - args: Namespace(batch_size=8, ckpt=None, devices=1, exp_file='/home/anastasija/Documents/IJS/Projects/PlantDiseaseDetection/Plant-Disease-Detection/plantdisease/utils/plant_disease_class.py', experiment_name='Experiment', fp16=True, machine_rank=0, name=None, num_machines=1)
2023-10-05 12:10:41.690 | INFO     | plantdisease.utils.trainers.trainer:before_train:60 - Basic class value:
<plantdisease.utils.plant_disease_class.PlantsClass object at 0x7ff3b7e5a280>
2023-10-05 12:10:42.716 | INFO     | plantdisease.utils.trainers.trainer:before_train:69 - ----------------------------------------------------------------
2023-10-05 12:10:42.717 | INFO     | plantdisease.utils.trainers.trainer:before_train:69 -         Layer (type)               Output Shape         Param #
2023-10-05 12:10:42.718 | INFO     | plantdisease.utils.trainers.trainer:before_train:69 - ================================================================
2023-10-05 12:10:42.720 | INFO     | plantdisease.utils.trainers.trainer:before_train:69 -             Conv2d-1         [-1, 64, 224, 224]           1,792
2023-10-05 12:10:42.721 | INFO     | plantdisease.utils.trainers.trainer:before_train:69 -        BatchNorm2d-2         [-1, 64, 224, 224]             128
2023-10-05 12:10:42.723 | INFO     | plantdisease.utils.trainers.trainer:before_train:69 -               ReLU-3         [-1, 64, 224, 224]               0
2023-10-05 12:10:42.725 | INFO     | plantdisease.utils.trainers.trainer:before_train:69 -             Conv2d-4        [-1, 128, 224, 224]          73,856
2023-10-05 12:10:42.726 | INFO     | plantdisease.utils.trainers.trainer:before_train:69 -        BatchNorm2d-5        [-1, 128, 224, 224]             256
2023-10-05 12:10:42.728 | INFO     | plantdisease.utils.trainers.trainer:before_train:69 -               ReLU-6        [-1, 128, 224, 224]               0
2023-10-05 12:10:42.730 | INFO     | plantdisease.utils.trainers.trainer:before_train:69 -          MaxPool2d-7        [-1, 128, 112, 112]               0
2023-10-05 12:10:42.731 | INFO     | plantdisease.utils.trainers.trainer:before_train:69 -             Conv2d-8        [-1, 128, 112, 112]         147,584
2023-10-05 12:10:42.732 | INFO     | plantdisease.utils.trainers.trainer:before_train:69 -        BatchNorm2d-9        [-1, 128, 112, 112]             256
2023-10-05 12:10:42.734 | INFO     | plantdisease.utils.trainers.trainer:before_train:69 -              ReLU-10        [-1, 128, 112, 112]               0
2023-10-05 12:10:42.736 | INFO     | plantdisease.utils.trainers.trainer:before_train:69 -            Conv2d-11        [-1, 128, 112, 112]         147,584
2023-10-05 12:10:42.737 | INFO     | plantdisease.utils.trainers.trainer:before_train:69 -       BatchNorm2d-12        [-1, 128, 112, 112]             256
2023-10-05 12:10:42.738 | INFO     | plantdisease.utils.trainers.trainer:before_train:69 -              ReLU-13        [-1, 128, 112, 112]               0
2023-10-05 12:10:42.740 | INFO     | plantdisease.utils.trainers.trainer:before_train:69 -            Conv2d-14        [-1, 256, 112, 112]         590,080
2023-10-05 12:10:42.741 | INFO     | plantdisease.utils.trainers.trainer:before_train:69 -       BatchNorm2d-15        [-1, 256, 112, 112]             512
2023-10-05 12:10:42.742 | INFO     | plantdisease.utils.trainers.trainer:before_train:69 -              ReLU-16        [-1, 256, 112, 112]               0
2023-10-05 12:10:42.744 | INFO     | plantdisease.utils.trainers.trainer:before_train:69 -         MaxPool2d-17          [-1, 256, 56, 56]               0
2023-10-05 12:10:42.746 | INFO     | plantdisease.utils.trainers.trainer:before_train:69 -            Conv2d-18          [-1, 512, 56, 56]       1,180,160
2023-10-05 12:10:42.748 | INFO     | plantdisease.utils.trainers.trainer:before_train:69 -       BatchNorm2d-19          [-1, 512, 56, 56]           1,024
2023-10-05 12:10:42.749 | INFO     | plantdisease.utils.trainers.trainer:before_train:69 -              ReLU-20          [-1, 512, 56, 56]               0
2023-10-05 12:10:42.751 | INFO     | plantdisease.utils.trainers.trainer:before_train:69 -         MaxPool2d-21          [-1, 512, 28, 28]               0
2023-10-05 12:10:42.753 | INFO     | plantdisease.utils.trainers.trainer:before_train:69 -            Conv2d-22          [-1, 512, 28, 28]       2,359,808
2023-10-05 12:10:42.754 | INFO     | plantdisease.utils.trainers.trainer:before_train:69 -       BatchNorm2d-23          [-1, 512, 28, 28]           1,024
2023-10-05 12:10:42.755 | INFO     | plantdisease.utils.trainers.trainer:before_train:69 -              ReLU-24          [-1, 512, 28, 28]               0
2023-10-05 12:10:42.757 | INFO     | plantdisease.utils.trainers.trainer:before_train:69 -            Conv2d-25          [-1, 512, 28, 28]       2,359,808
2023-10-05 12:10:42.759 | INFO     | plantdisease.utils.trainers.trainer:before_train:69 -       BatchNorm2d-26          [-1, 512, 28, 28]           1,024
2023-10-05 12:10:42.761 | INFO     | plantdisease.utils.trainers.trainer:before_train:69 -              ReLU-27          [-1, 512, 28, 28]               0
2023-10-05 12:10:42.762 | INFO     | plantdisease.utils.trainers.trainer:before_train:69 -         MaxPool2d-28           [-1, 1024, 1, 1]               0
2023-10-05 12:10:42.765 | INFO     | plantdisease.utils.trainers.trainer:before_train:69 -           Flatten-29                 [-1, 1024]               0
2023-10-05 12:10:42.766 | INFO     | plantdisease.utils.trainers.trainer:before_train:69 -            Linear-30                   [-1, 39]          39,975
2023-10-05 12:10:42.768 | INFO     | plantdisease.utils.trainers.trainer:before_train:69 - ================================================================
2023-10-05 12:10:42.769 | INFO     | plantdisease.utils.trainers.trainer:before_train:69 - Total params: 6,905,127
2023-10-05 12:10:42.771 | INFO     | plantdisease.utils.trainers.trainer:before_train:69 - Trainable params: 6,905,127
2023-10-05 12:10:42.773 | INFO     | plantdisease.utils.trainers.trainer:before_train:69 - Non-trainable params: 0
2023-10-05 12:10:42.774 | INFO     | plantdisease.utils.trainers.trainer:before_train:69 - ----------------------------------------------------------------
2023-10-05 12:10:42.776 | INFO     | plantdisease.utils.trainers.trainer:before_train:69 - Input size (MB): 0.57
2023-10-05 12:10:42.778 | INFO     | plantdisease.utils.trainers.trainer:before_train:69 - Forward/backward pass size (MB): 444.08
2023-10-05 12:10:42.779 | INFO     | plantdisease.utils.trainers.trainer:before_train:69 - Params size (MB): 26.34
2023-10-05 12:10:42.781 | INFO     | plantdisease.utils.trainers.trainer:before_train:69 - Estimated Total Size (MB): 470.99
2023-10-05 12:10:42.782 | INFO     | plantdisease.utils.trainers.trainer:before_train:69 - ----------------------------------------------------------------
2023-10-05 12:10:42.783 | INFO     | plantdisease.utils.trainers.trainer:before_train:68 - Model Summary: None
2023-10-05 12:10:44.000 | INFO     | plantdisease.utils.trainers.trainer:before_train:89 - Starting the training process ...
2023-10-05 12:10:44.001 | INFO     | plantdisease.utils.trainers.trainer:before_train:90 - 
ResNet9(
  (relu): ReLU()
  (conv1): Conv2d(3, 64, kernel_size=(3, 3), stride=(1, 1), padding=(1, 1))
  (batchnorm1): BatchNorm2d(64, eps=1e-05, momentum=0.1, affine=True, track_running_stats=True)
  (conv2): Conv2d(64, 128, kernel_size=(3, 3), stride=(1, 1), padding=(1, 1))
  (batchnorm2): BatchNorm2d(128, eps=1e-05, momentum=0.1, affine=True, track_running_stats=True)
  (maxpool2): MaxPool2d(kernel_size=(2, 2), stride=(2, 2), padding=0, dilation=1, ceil_mode=False)
  (conv3_1): Conv2d(128, 128, kernel_size=(3, 3), stride=(1, 1), padding=(1, 1))
  (batchnorm3_1): BatchNorm2d(128, eps=1e-05, momentum=0.1, affine=True, track_running_stats=True)
  (conv3_2): Conv2d(128, 128, kernel_size=(3, 3), stride=(1, 1), padding=(1, 1))
  (batchnorm3_2): BatchNorm2d(128, eps=1e-05, momentum=0.1, affine=True, track_running_stats=True)
  (conv4): Conv2d(256, 256, kernel_size=(3, 3), stride=(1, 1), padding=(1, 1))
  (batchnorm4): BatchNorm2d(256, eps=1e-05, momentum=0.1, affine=True, track_running_stats=True)
  (maxpool4): MaxPool2d(kernel_size=(2, 2), stride=(2, 2), padding=0, dilation=1, ceil_mode=False)
  (conv5): Conv2d(256, 512, kernel_size=(3, 3), stride=(1, 1), padding=(1, 1))
  (batchnorm5): BatchNorm2d(512, eps=1e-05, momentum=0.1, affine=True, track_running_stats=True)
  (maxpool5): MaxPool2d(kernel_size=(2, 2), stride=(2, 2), padding=0, dilation=1, ceil_mode=False)
  (conv6_1): Conv2d(512, 512, kernel_size=(3, 3), stride=(1, 1), padding=(1, 1))
  (batchnorm6_1): BatchNorm2d(512, eps=1e-05, momentum=0.1, affine=True, track_running_stats=True)
  (conv6_2): Conv2d(512, 512, kernel_size=(3, 3), stride=(1, 1), padding=(1, 1))
  (batchnorm6_2): BatchNorm2d(512, eps=1e-05, momentum=0.1, affine=True, track_running_stats=True)
  (maxpool6): MaxPool2d(kernel_size=(28, 28), stride=(28, 28), padding=0, dilation=1, ceil_mode=False)
  (flatten): Flatten(start_dim=1, end_dim=-1)
  (out): Linear(in_features=1024, out_features=39, bias=True)
)
2023-10-05 12:10:44.328 | INFO     | plantdisease.utils.trainers.trainer:train_in_epoch:106 -  *** Start training epoch 1 ***
2023-10-05 12:10:53.761 | INFO     | plantdisease.utils.trainers.trainer:train_in_epoch:138 - Epoch: 1/10, iter: 1/5546, loss: 5.357381343841553, learning rate: 0.05, training time: 9.31709337234497 s
2023-10-05 12:11:04.723 | INFO     | plantdisease.utils.trainers.trainer:train_in_epoch:138 - Epoch: 1/10, iter: 2/5546, loss: 4.4077229499816895, learning rate: 0.0625, training time: 10.949457168579102 s
2023-10-05 12:11:13.952 | INFO     | plantdisease.utils.trainers.trainer:train_in_epoch:138 - Epoch: 1/10, iter: 3/5546, loss: 4.032095909118652, learning rate: 0.075, training time: 9.21688175201416 s
2023-10-05 12:11:23.150 | INFO     | plantdisease.utils.trainers.trainer:train_in_epoch:138 - Epoch: 1/10, iter: 4/5546, loss: 5.568988800048828, learning rate: 0.08750000000000001, training time: 9.186777830123901 s
2023-10-05 12:11:33.047 | INFO     | plantdisease.utils.trainers.trainer:train_in_epoch:138 - Epoch: 1/10, iter: 5/5546, loss: 4.3923726081848145, learning rate: 0.1, training time: 9.884204864501953 s
2023-10-05 12:11:43.113 | INFO     | plantdisease.utils.trainers.trainer:train_in_epoch:138 - Epoch: 1/10, iter: 6/5546, loss: 4.661327362060547, learning rate: 0.1, training time: 10.050922632217407 s
2023-10-05 12:11:54.870 | INFO     | plantdisease.utils.trainers.trainer:train_in_epoch:138 - Epoch: 1/10, iter: 7/5546, loss: 5.288652420043945, learning rate: 0.1, training time: 11.739702224731445 s
2023-10-05 12:12:07.041 | INFO     | plantdisease.utils.trainers.trainer:train_in_epoch:138 - Epoch: 1/10, iter: 8/5546, loss: 5.72556209564209, learning rate: 0.1, training time: 12.156607151031494 s
2023-10-05 12:12:16.525 | INFO     | plantdisease.utils.trainers.trainer:train_in_epoch:138 - Epoch: 1/10, iter: 9/5546, loss: 3.946335554122925, learning rate: 0.1, training time: 9.469957113265991 s
2023-10-05 12:12:25.679 | INFO     | plantdisease.utils.trainers.trainer:train_in_epoch:138 - Epoch: 1/10, iter: 10/5546, loss: 5.263401031494141, learning rate: 0.1, training time: 9.133776903152466 s
2023-10-05 12:12:34.980 | INFO     | plantdisease.utils.trainers.trainer:train_in_epoch:138 - Epoch: 1/10, iter: 11/5546, loss: 3.731818437576294, learning rate: 0.1, training time: 9.28948163986206 s
2023-10-05 12:12:45.350 | INFO     | plantdisease.utils.trainers.trainer:train_in_epoch:138 - Epoch: 1/10, iter: 12/5546, loss: 5.561474800109863, learning rate: 0.1, training time: 10.35156512260437 s
2023-10-05 12:12:55.294 | INFO     | plantdisease.utils.trainers.trainer:train_in_epoch:138 - Epoch: 1/10, iter: 13/5546, loss: 5.06948709487915, learning rate: 0.1, training time: 9.931717872619629 s
2023-10-05 12:13:05.841 | INFO     | plantdisease.utils.trainers.trainer:train_in_epoch:138 - Epoch: 1/10, iter: 14/5546, loss: 5.533599853515625, learning rate: 0.1, training time: 10.534172296524048 s
2023-10-05 12:13:15.464 | INFO     | plantdisease.utils.trainers.trainer:train_in_epoch:138 - Epoch: 1/10, iter: 15/5546, loss: 5.128715515136719, learning rate: 0.1, training time: 9.610540628433228 s
2023-10-05 12:13:24.599 | INFO     | plantdisease.utils.trainers.trainer:train_in_epoch:138 - Epoch: 1/10, iter: 16/5546, loss: 6.370660305023193, learning rate: 0.1, training time: 9.122967958450317 s
2023-10-05 12:13:33.787 | INFO     | plantdisease.utils.trainers.trainer:train_in_epoch:138 - Epoch: 1/10, iter: 17/5546, loss: 6.06771993637085, learning rate: 0.1, training time: 9.175322771072388 s
2023-10-05 12:13:42.999 | INFO     | plantdisease.utils.trainers.trainer:train_in_epoch:138 - Epoch: 1/10, iter: 18/5546, loss: 5.205259323120117, learning rate: 0.1, training time: 9.200411081314087 s
2023-10-05 12:13:52.215 | INFO     | plantdisease.utils.trainers.trainer:train_in_epoch:138 - Epoch: 1/10, iter: 19/5546, loss: 5.498374938964844, learning rate: 0.1, training time: 9.20410418510437 s
2023-10-05 12:14:01.301 | INFO     | plantdisease.utils.trainers.trainer:train_in_epoch:138 - Epoch: 1/10, iter: 20/5546, loss: 4.226085662841797, learning rate: 0.1, training time: 9.072269439697266 s
2023-10-05 12:14:10.431 | INFO     | plantdisease.utils.trainers.trainer:train_in_epoch:138 - Epoch: 1/10, iter: 21/5546, loss: 5.137143611907959, learning rate: 0.1, training time: 9.118189096450806 s
2023-10-05 12:14:19.767 | INFO     | plantdisease.utils.trainers.trainer:train_in_epoch:138 - Epoch: 1/10, iter: 22/5546, loss: 4.344432830810547, learning rate: 0.1, training time: 9.324265480041504 s
2023-10-05 12:14:28.989 | INFO     | plantdisease.utils.trainers.trainer:train_in_epoch:138 - Epoch: 1/10, iter: 23/5546, loss: 5.250351905822754, learning rate: 0.1, training time: 9.209900617599487 s
2023-10-05 12:14:38.103 | INFO     | plantdisease.utils.trainers.trainer:train_in_epoch:138 - Epoch: 1/10, iter: 24/5546, loss: 5.042428016662598, learning rate: 0.1, training time: 9.100628852844238 s
2023-10-05 12:14:47.220 | INFO     | plantdisease.utils.trainers.trainer:train_in_epoch:138 - Epoch: 1/10, iter: 25/5546, loss: 6.272267818450928, learning rate: 0.1, training time: 9.104234218597412 s
2023-10-05 12:14:56.480 | INFO     | plantdisease.utils.trainers.trainer:train_in_epoch:138 - Epoch: 1/10, iter: 26/5546, loss: 5.232969284057617, learning rate: 0.1, training time: 9.247032165527344 s
2023-10-05 12:15:05.658 | INFO     | plantdisease.utils.trainers.trainer:train_in_epoch:138 - Epoch: 1/10, iter: 27/5546, loss: 4.366463661193848, learning rate: 0.1, training time: 9.165995359420776 s
2023-10-05 12:15:14.799 | INFO     | plantdisease.utils.trainers.trainer:train_in_epoch:138 - Epoch: 1/10, iter: 28/5546, loss: 4.929495334625244, learning rate: 0.1, training time: 9.128545999526978 s
2023-10-05 12:15:23.995 | INFO     | plantdisease.utils.trainers.trainer:train_in_epoch:138 - Epoch: 1/10, iter: 29/5546, loss: 5.083376884460449, learning rate: 0.1, training time: 9.182660579681396 s
2023-10-05 12:15:33.126 | INFO     | plantdisease.utils.trainers.trainer:train_in_epoch:138 - Epoch: 1/10, iter: 30/5546, loss: 4.727903842926025, learning rate: 0.1, training time: 9.118441343307495 s
2023-10-05 12:15:42.303 | INFO     | plantdisease.utils.trainers.trainer:train_in_epoch:138 - Epoch: 1/10, iter: 31/5546, loss: 5.263969898223877, learning rate: 0.1, training time: 9.165157079696655 s
2023-10-05 12:15:51.455 | INFO     | plantdisease.utils.trainers.trainer:train_in_epoch:138 - Epoch: 1/10, iter: 32/5546, loss: 5.677926063537598, learning rate: 0.1, training time: 9.14019250869751 s
2023-10-05 12:16:00.676 | INFO     | plantdisease.utils.trainers.trainer:train_in_epoch:138 - Epoch: 1/10, iter: 33/5546, loss: 5.293279647827148, learning rate: 0.1, training time: 9.208636283874512 s
2023-10-05 12:16:09.797 | INFO     | plantdisease.utils.trainers.trainer:train_in_epoch:138 - Epoch: 1/10, iter: 34/5546, loss: 5.518781661987305, learning rate: 0.1, training time: 9.109482526779175 s
2023-10-05 12:16:19.040 | INFO     | plantdisease.utils.trainers.trainer:train_in_epoch:138 - Epoch: 1/10, iter: 35/5546, loss: 4.926999568939209, learning rate: 0.1, training time: 9.230935335159302 s
2023-10-05 12:16:28.121 | INFO     | plantdisease.utils.trainers.trainer:train_in_epoch:138 - Epoch: 1/10, iter: 36/5546, loss: 3.664501667022705, learning rate: 0.1, training time: 9.06784725189209 s
2023-10-05 12:16:37.333 | INFO     | plantdisease.utils.trainers.trainer:train_in_epoch:138 - Epoch: 1/10, iter: 37/5546, loss: 4.746738433837891, learning rate: 0.1, training time: 9.200116157531738 s
2023-10-05 12:16:46.463 | INFO     | plantdisease.utils.trainers.trainer:train_in_epoch:138 - Epoch: 1/10, iter: 38/5546, loss: 4.2528839111328125, learning rate: 0.1, training time: 9.11800765991211 s
2023-10-05 12:16:55.630 | INFO     | plantdisease.utils.trainers.trainer:train_in_epoch:138 - Epoch: 1/10, iter: 39/5546, loss: 5.562002182006836, learning rate: 0.1, training time: 9.155498266220093 s
2023-10-05 12:17:04.769 | INFO     | plantdisease.utils.trainers.trainer:train_in_epoch:138 - Epoch: 1/10, iter: 40/5546, loss: 4.78312873840332, learning rate: 0.1, training time: 9.126601219177246 s
2023-10-05 12:17:14.006 | INFO     | plantdisease.utils.trainers.trainer:train_in_epoch:138 - Epoch: 1/10, iter: 41/5546, loss: 4.363870143890381, learning rate: 0.1, training time: 9.224809885025024 s
2023-10-05 12:17:23.250 | INFO     | plantdisease.utils.trainers.trainer:train_in_epoch:138 - Epoch: 1/10, iter: 42/5546, loss: 5.073809623718262, learning rate: 0.1, training time: 9.231494665145874 s
2023-10-05 12:17:32.387 | INFO     | plantdisease.utils.trainers.trainer:train_in_epoch:138 - Epoch: 1/10, iter: 43/5546, loss: 5.041876792907715, learning rate: 0.1, training time: 9.125625371932983 s
2023-10-05 12:17:41.482 | INFO     | plantdisease.utils.trainers.trainer:train_in_epoch:138 - Epoch: 1/10, iter: 44/5546, loss: 4.183588027954102, learning rate: 0.1, training time: 9.083307266235352 s
2023-10-05 12:17:50.685 | INFO     | plantdisease.utils.trainers.trainer:train_in_epoch:138 - Epoch: 1/10, iter: 45/5546, loss: 4.945483684539795, learning rate: 0.1, training time: 9.182446002960205 s
2023-10-05 12:17:59.722 | INFO     | plantdisease.utils.trainers.trainer:train_in_epoch:138 - Epoch: 1/10, iter: 46/5546, loss: 4.754574775695801, learning rate: 0.1, training time: 9.026358604431152 s
2023-10-05 12:18:08.841 | INFO     | plantdisease.utils.trainers.trainer:train_in_epoch:138 - Epoch: 1/10, iter: 47/5546, loss: 5.045358657836914, learning rate: 0.1, training time: 9.105618000030518 s
2023-10-05 12:18:17.958 | INFO     | plantdisease.utils.trainers.trainer:train_in_epoch:138 - Epoch: 1/10, iter: 48/5546, loss: 5.074888229370117, learning rate: 0.1, training time: 9.097718000411987 s
2023-10-05 12:18:27.070 | INFO     | plantdisease.utils.trainers.trainer:train_in_epoch:138 - Epoch: 1/10, iter: 49/5546, loss: 4.496558666229248, learning rate: 0.1, training time: 9.100806474685669 s
2023-10-05 12:18:36.121 | INFO     | plantdisease.utils.trainers.trainer:train_in_epoch:138 - Epoch: 1/10, iter: 50/5546, loss: 3.9749839305877686, learning rate: 0.1, training time: 9.03696346282959 s
2023-10-05 12:18:45.206 | INFO     | plantdisease.utils.trainers.trainer:train_in_epoch:138 - Epoch: 1/10, iter: 51/5546, loss: 5.623610496520996, learning rate: 0.1, training time: 9.07307481765747 s
2023-10-05 12:18:54.368 | INFO     | plantdisease.utils.trainers.trainer:train_in_epoch:138 - Epoch: 1/10, iter: 52/5546, loss: 4.115368843078613, learning rate: 0.1, training time: 9.151004076004028 s
2023-10-05 12:19:03.715 | INFO     | plantdisease.utils.trainers.trainer:train_in_epoch:138 - Epoch: 1/10, iter: 53/5546, loss: 5.641511917114258, learning rate: 0.1, training time: 9.333271980285645 s
2023-10-05 12:19:12.841 | INFO     | plantdisease.utils.trainers.trainer:train_in_epoch:138 - Epoch: 1/10, iter: 54/5546, loss: 4.881916046142578, learning rate: 0.1, training time: 9.114675283432007 s
2023-10-05 12:19:21.983 | INFO     | plantdisease.utils.trainers.trainer:train_in_epoch:138 - Epoch: 1/10, iter: 55/5546, loss: 4.875161170959473, learning rate: 0.1, training time: 9.130552291870117 s
2023-10-05 12:19:31.043 | INFO     | plantdisease.utils.trainers.trainer:train_in_epoch:138 - Epoch: 1/10, iter: 56/5546, loss: 5.019445419311523, learning rate: 0.1, training time: 9.048736095428467 s
2023-10-05 12:19:40.089 | INFO     | plantdisease.utils.trainers.trainer:train_in_epoch:138 - Epoch: 1/10, iter: 57/5546, loss: 3.944410800933838, learning rate: 0.1, training time: 9.03393268585205 s
2023-10-05 12:19:49.192 | INFO     | plantdisease.utils.trainers.trainer:train_in_epoch:138 - Epoch: 1/10, iter: 58/5546, loss: 5.509827613830566, learning rate: 0.1, training time: 9.09146761894226 s
2023-10-05 12:19:58.308 | INFO     | plantdisease.utils.trainers.trainer:train_in_epoch:138 - Epoch: 1/10, iter: 59/5546, loss: 4.863565444946289, learning rate: 0.1, training time: 9.103832960128784 s
2023-10-05 12:20:07.606 | INFO     | plantdisease.utils.trainers.trainer:train_in_epoch:138 - Epoch: 1/10, iter: 60/5546, loss: 5.267940998077393, learning rate: 0.1, training time: 9.285311698913574 s
2023-10-05 12:20:16.762 | INFO     | plantdisease.utils.trainers.trainer:train_in_epoch:138 - Epoch: 1/10, iter: 61/5546, loss: 6.2638630867004395, learning rate: 0.1, training time: 9.14394474029541 s
2023-10-05 12:20:26.449 | INFO     | plantdisease.utils.trainers.trainer:train_in_epoch:138 - Epoch: 1/10, iter: 62/5546, loss: 5.1817474365234375, learning rate: 0.1, training time: 9.676053524017334 s
2023-10-05 12:20:35.955 | INFO     | plantdisease.utils.trainers.trainer:train_in_epoch:138 - Epoch: 1/10, iter: 63/5546, loss: 6.0736565589904785, learning rate: 0.1, training time: 9.494219541549683 s
2023-10-05 12:20:45.674 | INFO     | plantdisease.utils.trainers.trainer:train_in_epoch:138 - Epoch: 1/10, iter: 64/5546, loss: 6.199572563171387, learning rate: 0.1, training time: 9.706970453262329 s
2023-10-05 12:20:55.191 | INFO     | plantdisease.utils.trainers.trainer:train_in_epoch:138 - Epoch: 1/10, iter: 65/5546, loss: 5.254258155822754, learning rate: 0.1, training time: 9.50356912612915 s
2023-10-05 12:21:04.395 | INFO     | plantdisease.utils.trainers.trainer:train_in_epoch:138 - Epoch: 1/10, iter: 66/5546, loss: 4.901109218597412, learning rate: 0.1, training time: 9.190736055374146 s
2023-10-05 12:21:14.248 | INFO     | plantdisease.utils.trainers.trainer:train_in_epoch:138 - Epoch: 1/10, iter: 67/5546, loss: 4.5252685546875, learning rate: 0.1, training time: 9.841063499450684 s
2023-10-05 12:21:24.330 | INFO     | plantdisease.utils.trainers.trainer:train_in_epoch:138 - Epoch: 1/10, iter: 68/5546, loss: 4.458104610443115, learning rate: 0.1, training time: 10.068465948104858 s
2023-10-05 12:21:33.538 | INFO     | plantdisease.utils.trainers.trainer:train_in_epoch:138 - Epoch: 1/10, iter: 69/5546, loss: 4.7634663581848145, learning rate: 0.1, training time: 9.19623613357544 s
2023-10-05 12:21:42.681 | INFO     | plantdisease.utils.trainers.trainer:train_in_epoch:138 - Epoch: 1/10, iter: 70/5546, loss: 4.783759117126465, learning rate: 0.1, training time: 9.130107164382935 s
2023-10-05 12:21:51.768 | INFO     | plantdisease.utils.trainers.trainer:train_in_epoch:138 - Epoch: 1/10, iter: 71/5546, loss: 5.196497440338135, learning rate: 0.1, training time: 9.07474970817566 s
2023-10-05 12:22:00.922 | INFO     | plantdisease.utils.trainers.trainer:train_in_epoch:138 - Epoch: 1/10, iter: 72/5546, loss: 5.073410987854004, learning rate: 0.1, training time: 9.141496896743774 s
2023-10-05 12:22:09.965 | INFO     | plantdisease.utils.trainers.trainer:train_in_epoch:138 - Epoch: 1/10, iter: 73/5546, loss: 5.321498870849609, learning rate: 0.1, training time: 9.031579971313477 s
2023-10-05 12:22:19.066 | INFO     | plantdisease.utils.trainers.trainer:train_in_epoch:138 - Epoch: 1/10, iter: 74/5546, loss: 3.761594772338867, learning rate: 0.1, training time: 9.089347124099731 s
2023-10-05 12:22:28.207 | INFO     | plantdisease.utils.trainers.trainer:train_in_epoch:138 - Epoch: 1/10, iter: 75/5546, loss: 5.032201766967773, learning rate: 0.1, training time: 9.129772186279297 s
2023-10-05 12:22:37.314 | INFO     | plantdisease.utils.trainers.trainer:train_in_epoch:138 - Epoch: 1/10, iter: 76/5546, loss: 6.054999351501465, learning rate: 0.1, training time: 9.094467639923096 s
2023-10-05 12:22:46.553 | INFO     | plantdisease.utils.trainers.trainer:train_in_epoch:138 - Epoch: 1/10, iter: 77/5546, loss: 4.995174884796143, learning rate: 0.1, training time: 9.227293968200684 s
2023-10-05 12:22:55.706 | INFO     | plantdisease.utils.trainers.trainer:train_in_epoch:138 - Epoch: 1/10, iter: 78/5546, loss: 5.469318866729736, learning rate: 0.1, training time: 9.127397298812866 s
2023-10-05 12:23:07.454 | INFO     | plantdisease.utils.trainers.trainer:train_in_epoch:138 - Epoch: 1/10, iter: 79/5546, loss: 4.091271877288818, learning rate: 0.1, training time: 11.733704090118408 s
2023-10-05 12:23:18.551 | INFO     | plantdisease.utils.trainers.trainer:train_in_epoch:138 - Epoch: 1/10, iter: 80/5546, loss: 5.236002445220947, learning rate: 0.1, training time: 11.080892562866211 s
2023-10-05 12:23:29.791 | INFO     | plantdisease.utils.trainers.trainer:train_in_epoch:138 - Epoch: 1/10, iter: 81/5546, loss: 3.9417731761932373, learning rate: 0.1, training time: 11.224294662475586 s
2023-10-05 12:23:40.851 | INFO     | plantdisease.utils.trainers.trainer:train_in_epoch:138 - Epoch: 1/10, iter: 82/5546, loss: 5.076723098754883, learning rate: 0.1, training time: 11.044889688491821 s
2023-10-05 12:23:51.690 | INFO     | plantdisease.utils.trainers.trainer:train_in_epoch:138 - Epoch: 1/10, iter: 83/5546, loss: 5.447930335998535, learning rate: 0.1, training time: 10.82693600654602 s
2023-10-05 12:24:00.764 | INFO     | plantdisease.utils.trainers.trainer:train_in_epoch:138 - Epoch: 1/10, iter: 84/5546, loss: 5.0561347007751465, learning rate: 0.1, training time: 9.06196141242981 s
2023-10-05 12:24:10.319 | INFO     | plantdisease.utils.trainers.trainer:train_in_epoch:138 - Epoch: 1/10, iter: 85/5546, loss: 3.824124813079834, learning rate: 0.1, training time: 9.542893171310425 s
2023-10-05 12:24:19.793 | INFO     | plantdisease.utils.trainers.trainer:train_in_epoch:138 - Epoch: 1/10, iter: 86/5546, loss: 4.956090927124023, learning rate: 0.1, training time: 9.461441278457642 s
2023-10-05 12:24:28.798 | INFO     | plantdisease.utils.trainers.trainer:train_in_epoch:138 - Epoch: 1/10, iter: 87/5546, loss: 5.822633266448975, learning rate: 0.1, training time: 8.989043712615967 s
2023-10-05 12:24:37.969 | INFO     | plantdisease.utils.trainers.trainer:train_in_epoch:138 - Epoch: 1/10, iter: 88/5546, loss: 4.359466075897217, learning rate: 0.1, training time: 9.158551454544067 s
2023-10-05 12:24:47.046 | INFO     | plantdisease.utils.trainers.trainer:train_in_epoch:138 - Epoch: 1/10, iter: 89/5546, loss: 5.250759601593018, learning rate: 0.1, training time: 9.064664840698242 s
2023-10-05 12:24:56.290 | INFO     | plantdisease.utils.trainers.trainer:train_in_epoch:138 - Epoch: 1/10, iter: 90/5546, loss: 6.106446266174316, learning rate: 0.1, training time: 9.232813835144043 s
2023-10-05 12:25:05.555 | INFO     | plantdisease.utils.trainers.trainer:train_in_epoch:138 - Epoch: 1/10, iter: 91/5546, loss: 4.959969997406006, learning rate: 0.1, training time: 9.252426385879517 s
2023-10-05 12:25:14.663 | INFO     | plantdisease.utils.trainers.trainer:train_in_epoch:138 - Epoch: 1/10, iter: 92/5546, loss: 5.784745216369629, learning rate: 0.1, training time: 9.096468687057495 s
2023-10-05 12:25:24.137 | INFO     | plantdisease.utils.trainers.trainer:train_in_epoch:138 - Epoch: 1/10, iter: 93/5546, loss: 4.936654567718506, learning rate: 0.1, training time: 9.461427927017212 s
2023-10-05 12:25:33.275 | INFO     | plantdisease.utils.trainers.trainer:train_in_epoch:138 - Epoch: 1/10, iter: 94/5546, loss: 6.164053916931152, learning rate: 0.1, training time: 9.126439809799194 s
2023-10-05 12:25:42.714 | INFO     | plantdisease.utils.trainers.trainer:train_in_epoch:138 - Epoch: 1/10, iter: 95/5546, loss: 5.698032379150391, learning rate: 0.1, training time: 9.42727279663086 s
2023-10-05 12:25:51.869 | INFO     | plantdisease.utils.trainers.trainer:train_in_epoch:138 - Epoch: 1/10, iter: 96/5546, loss: 5.566021919250488, learning rate: 0.1, training time: 9.142569541931152 s
2023-10-05 12:26:01.069 | INFO     | plantdisease.utils.trainers.trainer:train_in_epoch:138 - Epoch: 1/10, iter: 97/5546, loss: 4.7096848487854, learning rate: 0.1, training time: 9.187346935272217 s
2023-10-05 12:26:10.391 | INFO     | plantdisease.utils.trainers.trainer:train_in_epoch:138 - Epoch: 1/10, iter: 98/5546, loss: 6.099851608276367, learning rate: 0.1, training time: 9.310373544692993 s
2023-10-05 12:26:19.794 | INFO     | plantdisease.utils.trainers.trainer:train_in_epoch:138 - Epoch: 1/10, iter: 99/5546, loss: 5.094242095947266, learning rate: 0.1, training time: 9.390809535980225 s
2023-10-05 12:26:28.883 | INFO     | plantdisease.utils.trainers.trainer:train_in_epoch:138 - Epoch: 1/10, iter: 100/5546, loss: 4.091182708740234, learning rate: 0.1, training time: 9.07343053817749 s
2023-10-05 12:26:38.745 | INFO     | plantdisease.utils.trainers.trainer:train_in_epoch:138 - Epoch: 1/10, iter: 101/5546, loss: 5.321674346923828, learning rate: 0.1, training time: 9.847849130630493 s
2023-10-05 12:26:48.064 | INFO     | plantdisease.utils.trainers.trainer:train_in_epoch:138 - Epoch: 1/10, iter: 102/5546, loss: 6.0018205642700195, learning rate: 0.1, training time: 9.305146932601929 s
2023-10-05 12:26:57.605 | INFO     | plantdisease.utils.trainers.trainer:train_in_epoch:138 - Epoch: 1/10, iter: 103/5546, loss: 4.4446258544921875, learning rate: 0.1, training time: 9.527837038040161 s
2023-10-05 12:27:06.982 | INFO     | plantdisease.utils.trainers.trainer:train_in_epoch:138 - Epoch: 1/10, iter: 104/5546, loss: 4.128970146179199, learning rate: 0.1, training time: 9.363561153411865 s
2023-10-05 12:27:16.303 | INFO     | plantdisease.utils.trainers.trainer:train_in_epoch:138 - Epoch: 1/10, iter: 105/5546, loss: 4.337204933166504, learning rate: 0.1, training time: 9.308756351470947 s
2023-10-05 12:27:25.989 | INFO     | plantdisease.utils.trainers.trainer:train_in_epoch:138 - Epoch: 1/10, iter: 106/5546, loss: 5.764951705932617, learning rate: 0.1, training time: 9.673266172409058 s
2023-10-05 12:27:35.394 | INFO     | plantdisease.utils.trainers.trainer:train_in_epoch:138 - Epoch: 1/10, iter: 107/5546, loss: 5.567665100097656, learning rate: 0.1, training time: 9.39243459701538 s
2023-10-05 12:27:44.826 | INFO     | plantdisease.utils.trainers.trainer:train_in_epoch:138 - Epoch: 1/10, iter: 108/5546, loss: 5.791502475738525, learning rate: 0.1, training time: 9.41997480392456 s
2023-10-05 12:27:53.992 | INFO     | plantdisease.utils.trainers.trainer:train_in_epoch:138 - Epoch: 1/10, iter: 109/5546, loss: 4.0671539306640625, learning rate: 0.1, training time: 9.15501356124878 s
2023-10-05 12:28:03.775 | INFO     | plantdisease.utils.trainers.trainer:train_in_epoch:138 - Epoch: 1/10, iter: 110/5546, loss: 6.143467903137207, learning rate: 0.1, training time: 9.771071672439575 s
2023-10-05 12:28:13.404 | INFO     | plantdisease.utils.trainers.trainer:train_in_epoch:138 - Epoch: 1/10, iter: 111/5546, loss: 6.444829940795898, learning rate: 0.1, training time: 9.617098808288574 s
2023-10-05 12:28:22.873 | INFO     | plantdisease.utils.trainers.trainer:train_in_epoch:138 - Epoch: 1/10, iter: 112/5546, loss: 4.257580757141113, learning rate: 0.1, training time: 9.457643270492554 s
2023-10-05 12:28:32.114 | INFO     | plantdisease.utils.trainers.trainer:train_in_epoch:138 - Epoch: 1/10, iter: 113/5546, loss: 4.712530136108398, learning rate: 0.1, training time: 9.229642629623413 s
2023-10-05 12:28:41.245 | INFO     | plantdisease.utils.trainers.trainer:train_in_epoch:138 - Epoch: 1/10, iter: 114/5546, loss: 5.200971603393555, learning rate: 0.1, training time: 9.11912202835083 s
2023-10-05 12:28:50.361 | INFO     | plantdisease.utils.trainers.trainer:train_in_epoch:138 - Epoch: 1/10, iter: 115/5546, loss: 4.447760581970215, learning rate: 0.1, training time: 9.104516744613647 s
2023-10-05 12:28:59.496 | INFO     | plantdisease.utils.trainers.trainer:train_in_epoch:138 - Epoch: 1/10, iter: 116/5546, loss: 5.680768013000488, learning rate: 0.1, training time: 9.122154951095581 s
2023-10-05 12:29:09.174 | INFO     | plantdisease.utils.trainers.trainer:train_in_epoch:138 - Epoch: 1/10, iter: 117/5546, loss: 5.049227714538574, learning rate: 0.1, training time: 9.666620254516602 s
2023-10-05 12:29:18.324 | INFO     | plantdisease.utils.trainers.trainer:train_in_epoch:138 - Epoch: 1/10, iter: 118/5546, loss: 6.219131946563721, learning rate: 0.1, training time: 9.138373374938965 s
2023-10-05 12:29:27.359 | INFO     | plantdisease.utils.trainers.trainer:train_in_epoch:138 - Epoch: 1/10, iter: 119/5546, loss: 5.4257025718688965, learning rate: 0.1, training time: 9.022898435592651 s
2023-10-05 12:29:36.859 | INFO     | plantdisease.utils.trainers.trainer:train_in_epoch:138 - Epoch: 1/10, iter: 120/5546, loss: 5.213109970092773, learning rate: 0.1, training time: 9.481857538223267 s
2023-10-05 12:29:46.361 | INFO     | plantdisease.utils.trainers.trainer:train_in_epoch:138 - Epoch: 1/10, iter: 121/5546, loss: 5.666543960571289, learning rate: 0.1, training time: 9.489574909210205 s
2023-10-05 12:29:55.721 | INFO     | plantdisease.utils.trainers.trainer:train_in_epoch:138 - Epoch: 1/10, iter: 122/5546, loss: 5.224660396575928, learning rate: 0.1, training time: 9.349077224731445 s
2023-10-05 12:30:05.512 | INFO     | plantdisease.utils.trainers.trainer:train_in_epoch:138 - Epoch: 1/10, iter: 123/5546, loss: 4.874704837799072, learning rate: 0.1, training time: 9.77471661567688 s
2023-10-05 12:30:14.921 | INFO     | plantdisease.utils.trainers.trainer:train_in_epoch:138 - Epoch: 1/10, iter: 124/5546, loss: 4.40085506439209, learning rate: 0.1, training time: 9.393259525299072 s
2023-10-05 12:30:23.994 | INFO     | plantdisease.utils.trainers.trainer:train_in_epoch:138 - Epoch: 1/10, iter: 125/5546, loss: 4.934817314147949, learning rate: 0.1, training time: 9.06199026107788 s
2023-10-05 12:30:33.269 | INFO     | plantdisease.utils.trainers.trainer:train_in_epoch:138 - Epoch: 1/10, iter: 126/5546, loss: 3.6490960121154785, learning rate: 0.1, training time: 9.261153936386108 s
2023-10-05 12:30:42.554 | INFO     | plantdisease.utils.trainers.trainer:train_in_epoch:138 - Epoch: 1/10, iter: 127/5546, loss: 5.13488245010376, learning rate: 0.1, training time: 9.269892692565918 s
2023-10-05 12:30:51.918 | INFO     | plantdisease.utils.trainers.trainer:train_in_epoch:138 - Epoch: 1/10, iter: 128/5546, loss: 4.959146976470947, learning rate: 0.1, training time: 9.344987869262695 s
2023-10-05 12:31:05.885 | INFO     | plantdisease.utils.trainers.trainer:train_in_epoch:138 - Epoch: 1/10, iter: 129/5546, loss: 4.396134853363037, learning rate: 0.1, training time: 13.94213604927063 s
2023-10-05 12:31:24.932 | INFO     | plantdisease.utils.trainers.trainer:train_in_epoch:138 - Epoch: 1/10, iter: 130/5546, loss: 5.22006368637085, learning rate: 0.1, training time: 19.008861780166626 s
2023-10-05 12:31:39.684 | INFO     | plantdisease.utils.trainers.trainer:train_in_epoch:138 - Epoch: 1/10, iter: 131/5546, loss: 4.709227561950684, learning rate: 0.1, training time: 14.71302056312561 s
2023-10-05 12:31:49.904 | INFO     | plantdisease.utils.trainers.trainer:train_in_epoch:138 - Epoch: 1/10, iter: 132/5546, loss: 4.529862880706787, learning rate: 0.1, training time: 10.184550285339355 s
